<?xml version="1.0" encoding="UTF-8"?>
<coverage generated="1780635168186" clover="3.2.0">
  <project timestamp="1780635168186" name="All files">
    <metrics statements="1086" coveredstatements="380" conditionals="810" coveredconditionals="318" methods="168" coveredmethods="82" elements="2064" coveredelements="780" complexity="0" loc="1086" ncloc="1086" packages="11" files="11" classes="11"/>
    <package name="functions">
      <metrics statements="475" coveredstatements="81" conditionals="474" coveredconditionals="126" methods="79" coveredmethods="28"/>
      <file name="index.js" path="C:\claude\cyberscryb-wt-jest\functions\index.js">
        <metrics statements="475" coveredstatements="81" conditionals="474" coveredconditionals="126" methods="79" coveredmethods="28"/>
        <line num="1" count="2" type="stmt"/>
        <line num="2" count="2" type="stmt"/>
        <line num="3" count="2" type="stmt"/>
        <line num="5" count="2" type="stmt"/>
        <line num="6" count="2" type="stmt"/>
        <line num="12" count="2" type="stmt"/>
        <line num="19" count="0" type="stmt"/>
        <line num="27" count="0" type="stmt"/>
        <line num="30" count="0" type="cond" truecount="0" falsecount="4"/>
        <line num="31" count="0" type="stmt"/>
        <line num="37" count="0" type="cond" truecount="0" falsecount="2"/>
        <line num="39" count="0" type="stmt"/>
        <line num="40" count="0" type="stmt"/>
        <line num="41" count="0" type="stmt"/>
        <line num="43" count="0" type="stmt"/>
        <line num="45" count="0" type="stmt"/>
        <line num="47" count="0" type="stmt"/>
        <line num="48" count="0" type="stmt"/>
        <line num="49" count="0" type="cond" truecount="0" falsecount="2"/>
        <line num="50" count="0" type="stmt"/>
        <line num="59" count="0" type="stmt"/>
        <line num="60" count="0" type="stmt"/>
        <line num="63" count="0" type="stmt"/>
        <line num="64" count="0" type="cond" truecount="0" falsecount="2"/>
        <line num="65" count="0" type="cond" truecount="0" falsecount="2"/>
        <line num="66" count="0" type="stmt"/>
        <line num="68" count="0" type="stmt"/>
        <line num="69" count="0" type="cond" truecount="0" falsecount="2"/>
        <line num="74" count="0" type="stmt"/>
        <line num="75" count="0" type="stmt"/>
        <line num="76" count="0" type="stmt"/>
        <line num="77" count="0" type="stmt"/>
        <line num="83" count="0" type="stmt"/>
        <line num="84" count="0" type="stmt"/>
        <line num="87" count="0" type="stmt"/>
        <line num="89" count="0" type="stmt"/>
        <line num="94" count="2" type="stmt"/>
        <line num="98" count="0" type="stmt"/>
        <line num="108" count="0" type="stmt"/>
        <line num="109" count="0" type="stmt"/>
        <line num="110" count="0" type="stmt"/>
        <line num="111" count="0" type="cond" truecount="0" falsecount="2"/>
        <line num="118" count="2" type="stmt"/>
        <line num="119" count="2" type="stmt"/>
        <line num="120" count="2" type="stmt"/>
        <line num="123" count="2" type="stmt"/>
        <line num="130" count="2" type="stmt"/>
        <line num="137" count="0" type="cond" truecount="0" falsecount="3"/>
        <line num="141" count="0" type="stmt"/>
        <line num="142" count="0" type="stmt"/>
        <line num="144" count="0" type="stmt"/>
        <line num="149" count="0" type="stmt"/>
        <line num="150" count="0" type="cond" truecount="0" falsecount="2"/>
        <line num="152" count="0" type="cond" truecount="0" falsecount="2"/>
        <line num="153" count="0" type="cond" truecount="0" falsecount="2"/>
        <line num="155" count="0" type="stmt"/>
        <line num="160" count="0" type="stmt"/>
        <line num="161" count="0" type="stmt"/>
        <line num="162" count="0" type="stmt"/>
        <line num="163" count="0" type="stmt"/>
        <line num="166" count="0" type="cond" truecount="0" falsecount="2"/>
        <line num="167" count="0" type="stmt"/>
        <line num="168" count="0" type="stmt"/>
        <line num="172" count="0" type="cond" truecount="0" falsecount="2"/>
        <line num="173" count="0" type="stmt"/>
        <line num="174" count="0" type="stmt"/>
        <line num="182" count="0" type="cond" truecount="0" falsecount="2"/>
        <line num="183" count="0" type="stmt"/>
        <line num="186" count="0" type="stmt"/>
        <line num="189" count="0" type="stmt"/>
        <line num="192" count="0" type="stmt"/>
        <line num="193" count="0" type="stmt"/>
        <line num="194" count="0" type="stmt"/>
        <line num="196" count="0" type="stmt"/>
        <line num="199" count="0" type="stmt"/>
        <line num="200" count="0" type="stmt"/>
        <line num="201" count="0" type="stmt"/>
        <line num="204" count="0" type="cond" truecount="0" falsecount="2"/>
        <line num="205" count="0" type="stmt"/>
        <line num="206" count="0" type="stmt"/>
        <line num="214" count="0" type="cond" truecount="0" falsecount="2"/>
        <line num="215" count="0" type="stmt"/>
        <line num="216" count="0" type="stmt"/>
        <line num="224" count="0" type="cond" truecount="0" falsecount="2"/>
        <line num="225" count="0" type="stmt"/>
        <line num="226" count="0" type="stmt"/>
        <line num="234" count="0" type="stmt"/>
        <line num="235" count="0" type="stmt"/>
        <line num="237" count="0" type="stmt"/>
        <line num="249" count="2" type="stmt"/>
        <line num="250" count="0" type="stmt"/>
        <line num="251" count="0" type="stmt"/>
        <line num="252" count="0" type="stmt"/>
        <line num="254" count="0" type="stmt"/>
        <line num="256" count="0" type="stmt"/>
        <line num="257" count="0" type="stmt"/>
        <line num="260" count="0" type="cond" truecount="0" falsecount="2"/>
        <line num="261" count="0" type="stmt"/>
        <line num="262" count="0" type="stmt"/>
        <line num="266" count="0" type="cond" truecount="0" falsecount="2"/>
        <line num="267" count="0" type="stmt"/>
        <line num="272" count="2" type="stmt"/>
        <line num="275" count="17" type="cond" truecount="2" falsecount="0"/>
        <line num="276" count="14" type="stmt"/>
        <line num="277" count="14" type="stmt"/>
        <line num="278" count="12" type="stmt"/>
        <line num="281" count="12" type="stmt"/>
        <line num="282" count="34" type="stmt"/>
        <line num="284" count="34" type="cond" truecount="2" falsecount="0"/>
        <line num="286" count="29" type="cond" truecount="2" falsecount="0"/>
        <line num="287" count="27" type="stmt"/>
        <line num="291" count="2" type="stmt"/>
        <line num="292" count="2" type="stmt"/>
        <line num="297" count="2" type="stmt"/>
        <line num="298" count="2" type="stmt"/>
        <line num="305" count="27" type="cond" truecount="5" falsecount="0"/>
        <line num="306" count="22" type="stmt"/>
        <line num="307" count="22" type="stmt"/>
        <line num="308" count="25" type="cond" truecount="2" falsecount="0"/>
        <line num="309" count="22" type="cond" truecount="2" falsecount="0"/>
        <line num="310" count="8" type="cond" truecount="1" falsecount="1"/>
        <line num="311" count="8" type="stmt"/>
        <line num="312" count="8" type="cond" truecount="1" falsecount="1"/>
        <line num="313" count="8" type="stmt"/>
        <line num="315" count="0" type="stmt"/>
        <line num="319" count="14" type="cond" truecount="1" falsecount="1"/>
        <line num="320" count="14" type="cond" truecount="4" falsecount="0"/>
        <line num="321" count="3" type="stmt"/>
        <line num="324" count="22" type="stmt"/>
        <line num="330" count="2" type="stmt"/>
        <line num="331" count="0" type="stmt"/>
        <line num="332" count="0" type="cond" truecount="0" falsecount="2"/>
        <line num="333" count="0" type="stmt"/>
        <line num="336" count="0" type="stmt"/>
        <line num="337" count="0" type="stmt"/>
        <line num="341" count="0" type="cond" truecount="0" falsecount="2"/>
        <line num="342" count="0" type="stmt"/>
        <line num="343" count="0" type="stmt"/>
        <line num="347" count="0" type="stmt"/>
        <line num="348" count="0" type="cond" truecount="0" falsecount="2"/>
        <line num="349" count="0" type="stmt"/>
        <line num="350" count="0" type="cond" truecount="0" falsecount="2"/>
        <line num="351" count="0" type="stmt"/>
        <line num="360" count="0" type="cond" truecount="0" falsecount="2"/>
        <line num="361" count="0" type="stmt"/>
        <line num="362" count="0" type="stmt"/>
        <line num="363" count="0" type="stmt"/>
        <line num="364" count="0" type="stmt"/>
        <line num="368" count="0" type="stmt"/>
        <line num="375" count="0" type="cond" truecount="0" falsecount="2"/>
        <line num="377" count="0" type="cond" truecount="0" falsecount="2"/>
        <line num="378" count="0" type="stmt"/>
        <line num="379" count="0" type="stmt"/>
        <line num="382" count="0" type="stmt"/>
        <line num="383" count="0" type="stmt"/>
        <line num="396" count="0" type="stmt"/>
        <line num="405" count="0" type="cond" truecount="0" falsecount="2"/>
        <line num="406" count="0" type="stmt"/>
        <line num="407" count="0" type="stmt"/>
        <line num="410" count="0" type="stmt"/>
        <line num="411" count="0" type="cond" truecount="0" falsecount="2"/>
        <line num="412" count="0" type="stmt"/>
        <line num="413" count="0" type="cond" truecount="0" falsecount="2"/>
        <line num="414" count="0" type="stmt"/>
        <line num="415" count="0" type="cond" truecount="0" falsecount="2"/>
        <line num="416" count="0" type="stmt"/>
        <line num="419" count="0" type="stmt"/>
        <line num="426" count="0" type="stmt"/>
        <line num="427" count="0" type="cond" truecount="0" falsecount="2"/>
        <line num="430" count="0" type="stmt"/>
        <line num="436" count="0" type="stmt"/>
        <line num="439" count="0" type="stmt"/>
        <line num="442" count="0" type="cond" truecount="0" falsecount="2"/>
        <line num="443" count="0" type="stmt"/>
        <line num="450" count="0" type="stmt"/>
        <line num="461" count="2" type="stmt"/>
        <line num="462" count="0" type="stmt"/>
        <line num="463" count="0" type="cond" truecount="0" falsecount="2"/>
        <line num="464" count="0" type="stmt"/>
        <line num="467" count="0" type="stmt"/>
        <line num="469" count="0" type="cond" truecount="0" falsecount="2"/>
        <line num="470" count="0" type="stmt"/>
        <line num="474" count="0" type="cond" truecount="0" falsecount="5"/>
        <line num="475" count="0" type="cond" truecount="0" falsecount="2"/>
        <line num="477" count="0" type="cond" truecount="0" falsecount="2"/>
        <line num="480" count="0" type="stmt"/>
        <line num="486" count="2" type="stmt"/>
        <line num="490" count="0" type="stmt"/>
        <line num="492" count="0" type="stmt"/>
        <line num="493" count="0" type="stmt"/>
        <line num="494" count="0" type="stmt"/>
        <line num="496" count="0" type="stmt"/>
        <line num="500" count="0" type="stmt"/>
        <line num="511" count="0" type="stmt"/>
        <line num="513" count="0" type="stmt"/>
        <line num="514" count="0" type="stmt"/>
        <line num="516" count="0" type="cond" truecount="0" falsecount="2"/>
        <line num="517" count="0" type="cond" truecount="0" falsecount="2"/>
        <line num="519" count="0" type="cond" truecount="0" falsecount="2"/>
        <line num="520" count="0" type="stmt"/>
        <line num="521" count="0" type="cond" truecount="0" falsecount="2"/>
        <line num="525" count="0" type="cond" truecount="0" falsecount="2"/>
        <line num="526" count="0" type="stmt"/>
        <line num="527" count="0" type="cond" truecount="0" falsecount="2"/>
        <line num="532" count="0" type="cond" truecount="0" falsecount="2"/>
        <line num="533" count="0" type="cond" truecount="0" falsecount="2"/>
        <line num="536" count="0" type="cond" truecount="0" falsecount="2"/>
        <line num="537" count="0" type="cond" truecount="0" falsecount="2"/>
        <line num="540" count="0" type="cond" truecount="0" falsecount="4"/>
        <line num="541" count="0" type="cond" truecount="0" falsecount="2"/>
        <line num="544" count="0" type="cond" truecount="0" falsecount="2"/>
        <line num="545" count="0" type="stmt"/>
        <line num="546" count="0" type="stmt"/>
        <line num="552" count="0" type="stmt"/>
        <line num="553" count="0" type="stmt"/>
        <line num="554" count="0" type="stmt"/>
        <line num="557" count="0" type="cond" truecount="0" falsecount="2"/>
        <line num="562" count="0" type="stmt"/>
        <line num="566" count="0" type="stmt"/>
        <line num="572" count="0" type="stmt"/>
        <line num="575" count="0" type="stmt"/>
        <line num="576" count="0" type="stmt"/>
        <line num="580" count="2" type="stmt"/>
        <line num="581" count="0" type="stmt"/>
        <line num="582" count="0" type="cond" truecount="0" falsecount="2"/>
        <line num="583" count="0" type="stmt"/>
        <line num="586" count="0" type="stmt"/>
        <line num="589" count="0" type="stmt"/>
        <line num="590" count="0" type="cond" truecount="0" falsecount="2"/>
        <line num="591" count="0" type="stmt"/>
        <line num="595" count="0" type="stmt"/>
        <line num="596" count="0" type="cond" truecount="0" falsecount="2"/>
        <line num="597" count="0" type="stmt"/>
        <line num="598" count="0" type="cond" truecount="0" falsecount="2"/>
        <line num="599" count="0" type="stmt"/>
        <line num="608" count="0" type="stmt"/>
        <line num="614" count="0" type="cond" truecount="0" falsecount="2"/>
        <line num="615" count="0" type="cond" truecount="0" falsecount="2"/>
        <line num="617" count="0" type="stmt"/>
        <line num="618" count="0" type="stmt"/>
        <line num="637" count="0" type="stmt"/>
        <line num="646" count="0" type="cond" truecount="0" falsecount="2"/>
        <line num="647" count="0" type="stmt"/>
        <line num="648" count="0" type="stmt"/>
        <line num="650" count="0" type="stmt"/>
        <line num="651" count="0" type="cond" truecount="0" falsecount="2"/>
        <line num="652" count="0" type="stmt"/>
        <line num="653" count="0" type="cond" truecount="0" falsecount="2"/>
        <line num="654" count="0" type="stmt"/>
        <line num="657" count="0" type="stmt"/>
        <line num="664" count="0" type="stmt"/>
        <line num="665" count="0" type="stmt"/>
        <line num="666" count="0" type="stmt"/>
        <line num="668" count="0" type="stmt"/>
        <line num="670" count="0" type="stmt"/>
        <line num="673" count="0" type="stmt"/>
        <line num="675" count="0" type="cond" truecount="0" falsecount="2"/>
        <line num="676" count="0" type="stmt"/>
        <line num="682" count="0" type="stmt"/>
        <line num="695" count="2" type="stmt"/>
        <line num="698" count="2" type="cond" truecount="2" falsecount="0"/>
        <line num="711" count="2" type="cond" truecount="2" falsecount="0"/>
        <line num="729" count="2" type="cond" truecount="4" falsecount="0"/>
        <line num="745" count="2" type="stmt"/>
        <line num="763" count="2" type="stmt"/>
        <line num="781" count="2" type="cond" truecount="2" falsecount="0"/>
        <line num="797" count="2" type="stmt"/>
        <line num="827" count="2" type="cond" truecount="2" falsecount="0"/>
        <line num="849" count="2" type="cond" truecount="2" falsecount="0"/>
        <line num="871" count="2" type="cond" truecount="2" falsecount="0"/>
        <line num="892" count="2" type="stmt"/>
        <line num="920" count="2" type="stmt"/>
        <line num="941" count="2" type="stmt"/>
        <line num="959" count="2" type="cond" truecount="2" falsecount="0"/>
        <line num="975" count="2" type="cond" truecount="2" falsecount="0"/>
        <line num="989" count="2" type="cond" truecount="2" falsecount="0"/>
        <line num="1009" count="2" type="stmt"/>
        <line num="1029" count="2" type="stmt"/>
        <line num="1051" count="2" type="stmt"/>
        <line num="1073" count="2" type="cond" truecount="2" falsecount="0"/>
        <line num="1093" count="2" type="cond" truecount="2" falsecount="0"/>
        <line num="1094" count="2" type="cond" truecount="1" falsecount="1"/>
        <line num="1096" count="2" type="stmt"/>
        <line num="1102" count="2" type="cond" truecount="1" falsecount="1"/>
        <line num="1104" count="2" type="stmt"/>
        <line num="1120" count="2" type="stmt"/>
        <line num="1140" count="2" type="stmt"/>
        <line num="1160" count="2" type="stmt"/>
        <line num="1185" count="2" type="stmt"/>
        <line num="1203" count="2" type="stmt"/>
        <line num="1204" count="0" type="stmt"/>
        <line num="1205" count="0" type="cond" truecount="0" falsecount="2"/>
        <line num="1206" count="0" type="stmt"/>
        <line num="1209" count="0" type="stmt"/>
        <line num="1212" count="0" type="stmt"/>
        <line num="1213" count="0" type="cond" truecount="0" falsecount="2"/>
        <line num="1214" count="0" type="stmt"/>
        <line num="1218" count="0" type="cond" truecount="0" falsecount="4"/>
        <line num="1219" count="0" type="stmt"/>
        <line num="1223" count="0" type="cond" truecount="0" falsecount="5"/>
        <line num="1224" count="0" type="stmt"/>
        <line num="1227" count="0" type="cond" truecount="0" falsecount="2"/>
        <line num="1228" count="0" type="stmt"/>
        <line num="1232" count="0" type="stmt"/>
        <line num="1233" count="0" type="cond" truecount="0" falsecount="2"/>
        <line num="1234" count="0" type="stmt"/>
        <line num="1235" count="0" type="cond" truecount="0" falsecount="2"/>
        <line num="1236" count="0" type="stmt"/>
        <line num="1245" count="0" type="cond" truecount="0" falsecount="2"/>
        <line num="1246" count="0" type="stmt"/>
        <line num="1247" count="0" type="stmt"/>
        <line num="1248" count="0" type="stmt"/>
        <line num="1249" count="0" type="stmt"/>
        <line num="1253" count="0" type="stmt"/>
        <line num="1260" count="0" type="cond" truecount="0" falsecount="2"/>
        <line num="1261" count="0" type="cond" truecount="0" falsecount="2"/>
        <line num="1262" count="0" type="stmt"/>
        <line num="1263" count="0" type="stmt"/>
        <line num="1266" count="0" type="stmt"/>
        <line num="1267" count="0" type="stmt"/>
        <line num="1268" count="0" type="stmt"/>
        <line num="1269" count="0" type="cond" truecount="0" falsecount="2"/>
        <line num="1271" count="0" type="stmt"/>
        <line num="1283" count="0" type="cond" truecount="0" falsecount="2"/>
        <line num="1284" count="0" type="stmt"/>
        <line num="1285" count="0" type="stmt"/>
        <line num="1287" count="0" type="stmt"/>
        <line num="1288" count="0" type="cond" truecount="0" falsecount="2"/>
        <line num="1289" count="0" type="stmt"/>
        <line num="1290" count="0" type="cond" truecount="0" falsecount="2"/>
        <line num="1291" count="0" type="stmt"/>
        <line num="1292" count="0" type="cond" truecount="0" falsecount="2"/>
        <line num="1293" count="0" type="stmt"/>
        <line num="1296" count="0" type="stmt"/>
        <line num="1303" count="0" type="stmt"/>
        <line num="1304" count="0" type="cond" truecount="0" falsecount="2"/>
        <line num="1306" count="0" type="stmt"/>
        <line num="1312" count="0" type="stmt"/>
        <line num="1315" count="0" type="stmt"/>
        <line num="1317" count="0" type="cond" truecount="0" falsecount="2"/>
        <line num="1318" count="0" type="stmt"/>
        <line num="1324" count="0" type="cond" truecount="0" falsecount="4"/>
        <line num="1325" count="0" type="stmt"/>
        <line num="1332" count="0" type="stmt"/>
        <line num="1343" count="2" type="stmt"/>
        <line num="1344" count="0" type="stmt"/>
        <line num="1345" count="0" type="cond" truecount="0" falsecount="2"/>
        <line num="1346" count="0" type="stmt"/>
        <line num="1349" count="0" type="stmt"/>
        <line num="1350" count="0" type="stmt"/>
        <line num="1353" count="0" type="stmt"/>
        <line num="1354" count="0" type="stmt"/>
        <line num="1356" count="0" type="stmt"/>
        <line num="1372" count="0" type="stmt"/>
        <line num="1373" count="0" type="stmt"/>
        <line num="1375" count="0" type="cond" truecount="0" falsecount="4"/>
        <line num="1376" count="0" type="stmt"/>
        <line num="1377" count="0" type="stmt"/>
        <line num="1378" count="0" type="stmt"/>
        <line num="1383" count="0" type="cond" truecount="0" falsecount="2"/>
        <line num="1384" count="0" type="stmt"/>
        <line num="1385" count="0" type="stmt"/>
        <line num="1391" count="0" type="stmt"/>
        <line num="1394" count="0" type="stmt"/>
        <line num="1398" count="0" type="stmt"/>
        <line num="1416" count="2" type="stmt"/>
        <line num="1417" count="0" type="stmt"/>
        <line num="1418" count="0" type="cond" truecount="0" falsecount="2"/>
        <line num="1419" count="0" type="stmt"/>
        <line num="1424" count="0" type="stmt"/>
        <line num="1425" count="0" type="cond" truecount="0" falsecount="4"/>
        <line num="1426" count="0" type="stmt"/>
        <line num="1429" count="0" type="stmt"/>
        <line num="1430" count="0" type="cond" truecount="0" falsecount="2"/>
        <line num="1431" count="0" type="stmt"/>
        <line num="1432" count="0" type="stmt"/>
        <line num="1433" count="0" type="stmt"/>
        <line num="1436" count="0" type="stmt"/>
        <line num="1442" count="0" type="stmt"/>
        <line num="1443" count="0" type="stmt"/>
        <line num="1444" count="0" type="stmt"/>
        <line num="1445" count="0" type="stmt"/>
        <line num="1446" count="0" type="cond" truecount="0" falsecount="2"/>
        <line num="1447" count="0" type="stmt"/>
        <line num="1449" count="0" type="cond" truecount="0" falsecount="2"/>
        <line num="1453" count="0" type="stmt"/>
        <line num="1463" count="0" type="stmt"/>
        <line num="1464" count="0" type="cond" truecount="0" falsecount="2"/>
        <line num="1465" count="0" type="stmt"/>
        <line num="1468" count="0" type="cond" truecount="0" falsecount="2"/>
        <line num="1469" count="0" type="stmt"/>
        <line num="1470" count="0" type="cond" truecount="0" falsecount="2"/>
        <line num="1475" count="0" type="cond" truecount="0" falsecount="2"/>
        <line num="1476" count="0" type="stmt"/>
        <line num="1477" count="0" type="cond" truecount="0" falsecount="2"/>
        <line num="1482" count="0" type="cond" truecount="0" falsecount="2"/>
        <line num="1483" count="0" type="stmt"/>
        <line num="1486" count="0" type="cond" truecount="0" falsecount="2"/>
        <line num="1487" count="0" type="stmt"/>
        <line num="1490" count="0" type="cond" truecount="0" falsecount="2"/>
        <line num="1491" count="0" type="cond" truecount="0" falsecount="2"/>
        <line num="1492" count="0" type="stmt"/>
        <line num="1493" count="0" type="cond" truecount="0" falsecount="2"/>
        <line num="1494" count="0" type="stmt"/>
        <line num="1496" count="0" type="cond" truecount="0" falsecount="2"/>
        <line num="1497" count="0" type="stmt"/>
        <line num="1498" count="0" type="stmt"/>
        <line num="1507" count="0" type="cond" truecount="0" falsecount="2"/>
        <line num="1508" count="0" type="stmt"/>
        <line num="1509" count="0" type="stmt"/>
        <line num="1515" count="0" type="cond" truecount="0" falsecount="2"/>
        <line num="1519" count="0" type="stmt"/>
        <line num="1528" count="0" type="stmt"/>
        <line num="1529" count="0" type="stmt"/>
        <line num="1535" count="2" type="stmt"/>
        <line num="1536" count="0" type="stmt"/>
        <line num="1537" count="0" type="cond" truecount="0" falsecount="2"/>
        <line num="1538" count="0" type="stmt"/>
        <line num="1541" count="0" type="stmt"/>
        <line num="1544" count="0" type="cond" truecount="0" falsecount="4"/>
        <line num="1545" count="0" type="stmt"/>
        <line num="1548" count="0" type="stmt"/>
        <line num="1550" count="0" type="stmt"/>
        <line num="1552" count="0" type="stmt"/>
        <line num="1557" count="0" type="cond" truecount="0" falsecount="2"/>
        <line num="1558" count="0" type="stmt"/>
        <line num="1562" count="0" type="stmt"/>
        <line num="1569" count="0" type="cond" truecount="0" falsecount="2"/>
        <line num="1571" count="0" type="stmt"/>
        <line num="1574" count="0" type="stmt"/>
        <line num="1575" count="0" type="stmt"/>
        <line num="1584" count="2" type="stmt"/>
        <line num="1585" count="0" type="stmt"/>
        <line num="1586" count="0" type="stmt"/>
        <line num="1587" count="0" type="cond" truecount="0" falsecount="3"/>
        <line num="1589" count="0" type="cond" truecount="0" falsecount="4"/>
        <line num="1590" count="0" type="stmt"/>
        <line num="1594" count="0" type="stmt"/>
        <line num="1595" count="0" type="stmt"/>
        <line num="1596" count="0" type="cond" truecount="0" falsecount="2"/>
        <line num="1597" count="0" type="stmt"/>
        <line num="1599" count="0" type="stmt"/>
        <line num="1603" count="0" type="cond" truecount="0" falsecount="3"/>
        <line num="1604" count="0" type="cond" truecount="0" falsecount="2"/>
        <line num="1608" count="0" type="stmt"/>
        <line num="1609" count="0" type="stmt"/>
        <line num="1615" count="0" type="stmt"/>
        <line num="1616" count="0" type="stmt"/>
        <line num="1620" count="0" type="stmt"/>
        <line num="1621" count="0" type="stmt"/>
        <line num="1622" count="0" type="stmt"/>
        <line num="1631" count="0" type="stmt"/>
        <line num="1632" count="0" type="stmt"/>
        <line num="1633" count="0" type="stmt"/>
        <line num="1634" count="0" type="stmt"/>
        <line num="1635" count="0" type="stmt"/>
        <line num="1636" count="0" type="stmt"/>
        <line num="1639" count="0" type="stmt"/>
        <line num="1640" count="0" type="stmt"/>
        <line num="1641" count="0" type="stmt"/>
        <line num="1644" count="0" type="cond" truecount="0" falsecount="2"/>
        <line num="1645" count="0" type="stmt"/>
        <line num="1646" count="0" type="stmt"/>
        <line num="1649" count="0" type="stmt"/>
        <line num="1650" count="0" type="stmt"/>
        <line num="1653" count="0" type="stmt"/>
        <line num="1662" count="0" type="cond" truecount="0" falsecount="2"/>
        <line num="1663" count="0" type="stmt"/>
        <line num="1667" count="0" type="stmt"/>
        <line num="1669" count="0" type="stmt"/>
        <line num="1672" count="0" type="stmt"/>
        <line num="1673" count="0" type="cond" truecount="0" falsecount="2"/>
        <line num="1674" count="0" type="stmt"/>
        <line num="1681" count="2" type="cond" truecount="1" falsecount="1"/>
        <line num="1682" count="2" type="stmt"/>
      </file>
    </package>
    <package name="public.tools.base64-tool">
      <metrics statements="99" coveredstatements="14" conditionals="38" coveredconditionals="7" methods="14" coveredmethods="2"/>
      <file name="script.js" path="C:\claude\cyberscryb-wt-jest\public\tools\base64-tool\script.js">
        <metrics statements="99" coveredstatements="14" conditionals="38" coveredconditionals="7" methods="14" coveredmethods="2"/>
        <line num="3" count="1" type="stmt"/>
        <line num="6" count="0" type="stmt"/>
        <line num="7" count="0" type="stmt"/>
        <line num="8" count="0" type="stmt"/>
        <line num="9" count="0" type="stmt"/>
        <line num="10" count="0" type="stmt"/>
        <line num="13" count="0" type="stmt"/>
        <line num="14" count="0" type="stmt"/>
        <line num="15" count="0" type="stmt"/>
        <line num="18" count="0" type="cond" truecount="0" falsecount="2"/>
        <line num="19" count="0" type="stmt"/>
        <line num="20" count="0" type="stmt"/>
        <line num="21" count="0" type="stmt"/>
        <line num="22" count="0" type="stmt"/>
        <line num="24" count="0" type="stmt"/>
        <line num="25" count="0" type="stmt"/>
        <line num="26" count="0" type="stmt"/>
        <line num="27" count="0" type="stmt"/>
        <line num="31" count="0" type="stmt"/>
        <line num="35" count="0" type="stmt"/>
        <line num="36" count="0" type="stmt"/>
        <line num="37" count="0" type="stmt"/>
        <line num="39" count="0" type="cond" truecount="0" falsecount="2"/>
        <line num="40" count="0" type="stmt"/>
        <line num="41" count="0" type="stmt"/>
        <line num="44" count="0" type="stmt"/>
        <line num="46" count="0" type="stmt"/>
        <line num="48" count="0" type="cond" truecount="0" falsecount="2"/>
        <line num="49" count="0" type="stmt"/>
        <line num="50" count="0" type="cond" truecount="0" falsecount="2"/>
        <line num="51" count="0" type="stmt"/>
        <line num="54" count="0" type="stmt"/>
        <line num="55" count="0" type="cond" truecount="0" falsecount="2"/>
        <line num="56" count="0" type="stmt"/>
        <line num="58" count="0" type="stmt"/>
        <line num="60" count="0" type="stmt"/>
        <line num="62" count="0" type="stmt"/>
        <line num="63" count="0" type="stmt"/>
        <line num="65" count="0" type="cond" truecount="0" falsecount="2"/>
        <line num="66" count="0" type="stmt"/>
        <line num="68" count="0" type="stmt"/>
        <line num="74" count="0" type="stmt"/>
        <line num="75" count="0" type="stmt"/>
        <line num="76" count="0" type="stmt"/>
        <line num="77" count="0" type="stmt"/>
        <line num="81" count="0" type="cond" truecount="0" falsecount="2"/>
        <line num="82" count="0" type="stmt"/>
        <line num="84" count="0" type="stmt"/>
        <line num="86" count="0" type="stmt"/>
        <line num="90" count="0" type="stmt"/>
        <line num="91" count="0" type="cond" truecount="0" falsecount="2"/>
        <line num="93" count="0" type="stmt"/>
        <line num="94" count="0" type="stmt"/>
        <line num="95" count="0" type="stmt"/>
        <line num="96" count="0" type="stmt"/>
        <line num="97" count="0" type="stmt"/>
        <line num="98" count="0" type="stmt"/>
        <line num="99" count="0" type="stmt"/>
        <line num="100" count="0" type="stmt"/>
        <line num="106" count="0" type="stmt"/>
        <line num="107" count="0" type="cond" truecount="0" falsecount="2"/>
        <line num="109" count="0" type="cond" truecount="0" falsecount="2"/>
        <line num="110" count="0" type="stmt"/>
        <line num="111" count="0" type="stmt"/>
        <line num="112" count="0" type="stmt"/>
        <line num="113" count="0" type="stmt"/>
        <line num="114" count="0" type="stmt"/>
        <line num="115" count="0" type="stmt"/>
        <line num="116" count="0" type="stmt"/>
        <line num="120" count="0" type="stmt"/>
        <line num="121" count="0" type="stmt"/>
        <line num="122" count="0" type="stmt"/>
        <line num="126" count="0" type="stmt"/>
        <line num="127" count="0" type="stmt"/>
        <line num="128" count="0" type="stmt"/>
        <line num="129" count="0" type="stmt"/>
        <line num="132" count="0" type="stmt"/>
        <line num="133" count="0" type="cond" truecount="0" falsecount="4"/>
        <line num="134" count="0" type="stmt"/>
        <line num="135" count="0" type="cond" truecount="0" falsecount="2"/>
        <line num="136" count="0" type="stmt"/>
        <line num="138" count="0" type="stmt"/>
        <line num="141" count="0" type="stmt"/>
        <line num="146" count="1" type="stmt"/>
        <line num="149" count="1" type="stmt"/>
        <line num="150" count="0" type="cond" truecount="0" falsecount="4"/>
        <line num="151" count="0" type="stmt"/>
        <line num="152" count="0" type="stmt"/>
        <line num="159" count="10" type="stmt"/>
        <line num="160" count="10" type="cond" truecount="2" falsecount="0"/>
        <line num="161" count="3" type="stmt"/>
        <line num="163" count="10" type="stmt"/>
        <line num="167" count="7" type="stmt"/>
        <line num="168" count="7" type="cond" truecount="2" falsecount="0"/>
        <line num="169" count="1" type="stmt"/>
        <line num="170" count="2" type="stmt"/>
        <line num="172" count="7" type="stmt"/>
        <line num="176" count="1" type="cond" truecount="3" falsecount="1"/>
        <line num="177" count="1" type="stmt"/>
      </file>
    </package>
    <package name="public.tools.case-converter">
      <metrics statements="22" coveredstatements="21" conditionals="30" coveredconditionals="29" methods="11" coveredmethods="11"/>
      <file name="script.js" path="C:\claude\cyberscryb-wt-jest\public\tools\case-converter\script.js">
        <metrics statements="22" coveredstatements="21" conditionals="30" coveredconditionals="29" methods="11" coveredmethods="11"/>
        <line num="10" count="16" type="cond" truecount="2" falsecount="0"/>
        <line num="11" count="14" type="stmt"/>
        <line num="25" count="15" type="cond" truecount="2" falsecount="0"/>
        <line num="26" count="14" type="cond" truecount="2" falsecount="0"/>
        <line num="27" count="13" type="cond" truecount="2" falsecount="0"/>
        <line num="28" count="5" type="cond" truecount="2" falsecount="0"/>
        <line num="30" count="12" type="cond" truecount="2" falsecount="0"/>
        <line num="31" count="5" type="cond" truecount="2" falsecount="0"/>
        <line num="33" count="11" type="cond" truecount="2" falsecount="0"/>
        <line num="34" count="2" type="stmt"/>
        <line num="37" count="10" type="stmt"/>
        <line num="38" count="10" type="cond" truecount="2" falsecount="0"/>
        <line num="40" count="9" type="cond" truecount="6" falsecount="0"/>
        <line num="42" count="5" type="cond" truecount="2" falsecount="0"/>
        <line num="44" count="4" type="stmt"/>
        <line num="46" count="6" type="stmt"/>
        <line num="48" count="6" type="stmt"/>
        <line num="50" count="4" type="stmt"/>
        <line num="52" count="4" type="stmt"/>
        <line num="54" count="0" type="stmt"/>
        <line num="58" count="1" type="cond" truecount="3" falsecount="1"/>
        <line num="59" count="1" type="stmt"/>
      </file>
    </package>
    <package name="public.tools.epoch-converter">
      <metrics statements="19" coveredstatements="16" conditionals="20" coveredconditionals="14" methods="4" coveredmethods="4"/>
      <file name="script.js" path="C:\claude\cyberscryb-wt-jest\public\tools\epoch-converter\script.js">
        <metrics statements="19" coveredstatements="16" conditionals="20" coveredconditionals="14" methods="4" coveredmethods="4"/>
        <line num="9" count="6" type="stmt"/>
        <line num="18" count="5" type="stmt"/>
        <line num="28" count="4" type="stmt"/>
        <line num="29" count="4" type="stmt"/>
        <line num="30" count="4" type="stmt"/>
        <line num="31" count="4" type="cond" truecount="2" falsecount="0"/>
        <line num="40" count="4" type="stmt"/>
        <line num="41" count="4" type="stmt"/>
        <line num="42" count="4" type="stmt"/>
        <line num="43" count="4" type="cond" truecount="2" falsecount="0"/>
        <line num="44" count="4" type="cond" truecount="2" falsecount="0"/>
        <line num="45" count="4" type="cond" truecount="2" falsecount="0"/>
        <line num="46" count="2" type="cond" truecount="2" falsecount="0"/>
        <line num="47" count="1" type="cond" truecount="1" falsecount="1"/>
        <line num="48" count="0" type="cond" truecount="0" falsecount="2"/>
        <line num="49" count="0" type="cond" truecount="0" falsecount="2"/>
        <line num="50" count="0" type="stmt"/>
        <line num="54" count="1" type="cond" truecount="3" falsecount="1"/>
        <line num="55" count="1" type="stmt"/>
      </file>
    </package>
    <package name="public.tools.hash-generator">
      <metrics statements="61" coveredstatements="60" conditionals="4" coveredconditionals="3" methods="15" coveredmethods="15"/>
      <file name="script.js" path="C:\claude\cyberscryb-wt-jest\public\tools\hash-generator\script.js">
        <metrics statements="61" coveredstatements="60" conditionals="4" coveredconditionals="3" methods="15" coveredmethods="15"/>
        <line num="6" count="3380" type="stmt"/>
        <line num="7" count="832" type="stmt"/>
        <line num="8" count="832" type="stmt"/>
        <line num="9" count="208" type="stmt"/>
        <line num="10" count="208" type="stmt"/>
        <line num="11" count="208" type="stmt"/>
        <line num="12" count="208" type="stmt"/>
        <line num="14" count="13" type="stmt"/>
        <line num="15" count="13" type="stmt"/>
        <line num="16" count="13" type="stmt"/>
        <line num="17" count="13" type="stmt"/>
        <line num="18" count="13" type="stmt"/>
        <line num="19" count="13" type="stmt"/>
        <line num="20" count="13" type="stmt"/>
        <line num="21" count="13" type="stmt"/>
        <line num="22" count="13" type="stmt"/>
        <line num="23" count="13" type="stmt"/>
        <line num="24" count="13" type="stmt"/>
        <line num="25" count="13" type="stmt"/>
        <line num="26" count="13" type="stmt"/>
        <line num="27" count="13" type="stmt"/>
        <line num="28" count="13" type="stmt"/>
        <line num="29" count="13" type="stmt"/>
        <line num="30" count="13" type="stmt"/>
        <line num="31" count="13" type="stmt"/>
        <line num="32" count="13" type="stmt"/>
        <line num="33" count="13" type="stmt"/>
        <line num="34" count="13" type="stmt"/>
        <line num="35" count="13" type="stmt"/>
        <line num="37" count="13" type="stmt"/>
        <line num="40" count="13" type="stmt"/>
        <line num="41" count="13" type="stmt"/>
        <line num="42" count="13" type="stmt"/>
        <line num="43" count="13" type="stmt"/>
        <line num="44" count="62" type="stmt"/>
        <line num="45" count="13" type="stmt"/>
        <line num="48" count="13" type="stmt"/>
        <line num="49" count="13" type="stmt"/>
        <line num="50" count="208" type="stmt"/>
        <line num="51" count="13" type="stmt"/>
        <line num="54" count="13" type="stmt"/>
        <line num="55" count="13" type="stmt"/>
        <line num="56" count="208" type="stmt"/>
        <line num="57" count="208" type="stmt"/>
        <line num="59" count="13" type="stmt"/>
        <line num="61" count="13" type="stmt"/>
        <line num="62" count="13" type="stmt"/>
        <line num="66" count="24" type="stmt"/>
        <line num="67" count="24" type="stmt"/>
        <line num="68" count="818" type="stmt"/>
        <line num="69" count="24" type="stmt"/>
        <line num="73" count="21" type="stmt"/>
        <line num="74" count="21" type="stmt"/>
        <line num="75" count="21" type="stmt"/>
        <line num="77" count="0" type="stmt"/>
        <line num="82" count="6" type="stmt"/>
        <line num="83" count="6" type="stmt"/>
        <line num="84" count="6" type="stmt"/>
        <line num="89" count="6" type="stmt"/>
        <line num="98" count="1" type="cond" truecount="3" falsecount="1"/>
        <line num="99" count="1" type="stmt"/>
      </file>
    </package>
    <package name="public.tools.json-csv-converter">
      <metrics statements="198" coveredstatements="101" conditionals="97" coveredconditionals="67" methods="25" coveredmethods="9"/>
      <file name="script.js" path="C:\claude\cyberscryb-wt-jest\public\tools\json-csv-converter\script.js">
        <metrics statements="198" coveredstatements="101" conditionals="97" coveredconditionals="67" methods="25" coveredmethods="9"/>
        <line num="4" count="1" type="stmt"/>
        <line num="8" count="0" type="stmt"/>
        <line num="9" count="0" type="stmt"/>
        <line num="10" count="0" type="stmt"/>
        <line num="11" count="0" type="stmt"/>
        <line num="12" count="0" type="stmt"/>
        <line num="13" count="0" type="stmt"/>
        <line num="14" count="0" type="stmt"/>
        <line num="16" count="0" type="cond" truecount="0" falsecount="2"/>
        <line num="17" count="0" type="stmt"/>
        <line num="18" count="0" type="stmt"/>
        <line num="19" count="0" type="stmt"/>
        <line num="20" count="0" type="stmt"/>
        <line num="21" count="0" type="stmt"/>
        <line num="22" count="0" type="stmt"/>
        <line num="24" count="0" type="stmt"/>
        <line num="25" count="0" type="stmt"/>
        <line num="26" count="0" type="stmt"/>
        <line num="27" count="0" type="stmt"/>
        <line num="28" count="0" type="stmt"/>
        <line num="29" count="0" type="stmt"/>
        <line num="32" count="0" type="stmt"/>
        <line num="37" count="0" type="stmt"/>
        <line num="38" count="0" type="stmt"/>
        <line num="39" count="0" type="stmt"/>
        <line num="41" count="0" type="cond" truecount="0" falsecount="2"/>
        <line num="42" count="0" type="stmt"/>
        <line num="43" count="0" type="stmt"/>
        <line num="46" count="0" type="stmt"/>
        <line num="47" count="0" type="stmt"/>
        <line num="49" count="0" type="stmt"/>
        <line num="51" count="0" type="cond" truecount="0" falsecount="2"/>
        <line num="52" count="0" type="stmt"/>
        <line num="54" count="0" type="stmt"/>
        <line num="57" count="0" type="stmt"/>
        <line num="58" count="0" type="stmt"/>
        <line num="61" count="0" type="stmt"/>
        <line num="62" count="0" type="stmt"/>
        <line num="63" count="0" type="stmt"/>
        <line num="64" count="0" type="stmt"/>
        <line num="68" count="0" type="stmt"/>
        <line num="69" count="0" type="stmt"/>
        <line num="76" count="12" type="stmt"/>
        <line num="77" count="12" type="stmt"/>
        <line num="79" count="1" type="stmt"/>
        <line num="83" count="11" type="cond" truecount="2" falsecount="0"/>
        <line num="84" count="2" type="cond" truecount="4" falsecount="0"/>
        <line num="85" count="1" type="stmt"/>
        <line num="87" count="1" type="stmt"/>
        <line num="91" count="10" type="cond" truecount="2" falsecount="0"/>
        <line num="92" count="1" type="stmt"/>
        <line num="95" count="9" type="cond" truecount="4" falsecount="0"/>
        <line num="96" count="1" type="stmt"/>
        <line num="100" count="8" type="stmt"/>
        <line num="101" count="8" type="stmt"/>
        <line num="102" count="24" type="stmt"/>
        <line num="104" count="8" type="stmt"/>
        <line num="107" count="8" type="stmt"/>
        <line num="108" count="8" type="stmt"/>
        <line num="110" count="8" type="stmt"/>
        <line num="111" count="12" type="stmt"/>
        <line num="112" count="26" type="stmt"/>
        <line num="113" count="26" type="cond" truecount="4" falsecount="0"/>
        <line num="114" count="23" type="cond" truecount="2" falsecount="0"/>
        <line num="115" count="23" type="stmt"/>
        <line num="117" count="12" type="stmt"/>
        <line num="120" count="8" type="stmt"/>
        <line num="125" count="10" type="stmt"/>
        <line num="127" count="10" type="cond" truecount="2" falsecount="0"/>
        <line num="128" count="1" type="stmt"/>
        <line num="131" count="9" type="stmt"/>
        <line num="132" count="9" type="stmt"/>
        <line num="134" count="9" type="stmt"/>
        <line num="135" count="17" type="stmt"/>
        <line num="136" count="17" type="cond" truecount="4" falsecount="0"/>
        <line num="138" count="16" type="stmt"/>
        <line num="139" count="16" type="stmt"/>
        <line num="140" count="28" type="cond" truecount="2" falsecount="0"/>
        <line num="143" count="28" type="cond" truecount="2" falsecount="0"/>
        <line num="144" count="4" type="stmt"/>
        <line num="145" count="24" type="cond" truecount="2" falsecount="0"/>
        <line num="146" count="2" type="stmt"/>
        <line num="147" count="22" type="cond" truecount="2" falsecount="0"/>
        <line num="148" count="2" type="stmt"/>
        <line num="149" count="20" type="cond" truecount="4" falsecount="0"/>
        <line num="150" count="10" type="stmt"/>
        <line num="153" count="10" type="stmt"/>
        <line num="154" count="10" type="stmt"/>
        <line num="155" count="1" type="cond" truecount="1" falsecount="1"/>
        <line num="156" count="1" type="stmt"/>
        <line num="158" count="0" type="stmt"/>
        <line num="161" count="9" type="stmt"/>
        <line num="165" count="16" type="stmt"/>
        <line num="168" count="9" type="stmt"/>
        <line num="173" count="18" type="stmt"/>
        <line num="174" count="18" type="stmt"/>
        <line num="175" count="18" type="stmt"/>
        <line num="176" count="18" type="stmt"/>
        <line num="177" count="18" type="stmt"/>
        <line num="179" count="18" type="stmt"/>
        <line num="180" count="336" type="stmt"/>
        <line num="182" count="336" type="cond" truecount="2" falsecount="0"/>
        <line num="183" count="86" type="cond" truecount="2" falsecount="0"/>
        <line num="184" count="12" type="cond" truecount="4" falsecount="0"/>
        <line num="185" count="6" type="stmt"/>
        <line num="186" count="6" type="stmt"/>
        <line num="188" count="6" type="stmt"/>
        <line num="189" count="6" type="stmt"/>
        <line num="192" count="74" type="stmt"/>
        <line num="193" count="74" type="stmt"/>
        <line num="196" count="250" type="cond" truecount="2" falsecount="0"/>
        <line num="197" count="6" type="stmt"/>
        <line num="198" count="6" type="stmt"/>
        <line num="199" count="244" type="cond" truecount="2" falsecount="0"/>
        <line num="200" count="35" type="stmt"/>
        <line num="201" count="35" type="stmt"/>
        <line num="202" count="35" type="stmt"/>
        <line num="203" count="209" type="cond" truecount="2" falsecount="0"/>
        <line num="204" count="1" type="stmt"/>
        <line num="205" count="1" type="stmt"/>
        <line num="206" count="1" type="stmt"/>
        <line num="207" count="1" type="stmt"/>
        <line num="208" count="1" type="stmt"/>
        <line num="209" count="1" type="cond" truecount="3" falsecount="1"/>
        <line num="210" count="208" type="cond" truecount="2" falsecount="0"/>
        <line num="211" count="23" type="stmt"/>
        <line num="212" count="23" type="stmt"/>
        <line num="213" count="23" type="stmt"/>
        <line num="214" count="23" type="stmt"/>
        <line num="215" count="23" type="stmt"/>
        <line num="217" count="185" type="stmt"/>
        <line num="218" count="185" type="stmt"/>
        <line num="224" count="18" type="cond" truecount="2" falsecount="2"/>
        <line num="225" count="18" type="stmt"/>
        <line num="226" count="18" type="stmt"/>
        <line num="229" count="18" type="stmt"/>
        <line num="234" count="47" type="cond" truecount="6" falsecount="0"/>
        <line num="235" count="8" type="stmt"/>
        <line num="237" count="39" type="stmt"/>
        <line num="242" count="0" type="stmt"/>
        <line num="244" count="0" type="cond" truecount="0" falsecount="2"/>
        <line num="245" count="0" type="stmt"/>
        <line num="253" count="0" type="stmt"/>
        <line num="261" count="0" type="stmt"/>
        <line num="262" count="0" type="stmt"/>
        <line num="266" count="0" type="stmt"/>
        <line num="267" count="0" type="stmt"/>
        <line num="268" count="0" type="stmt"/>
        <line num="269" count="0" type="stmt"/>
        <line num="270" count="0" type="stmt"/>
        <line num="274" count="0" type="stmt"/>
        <line num="275" count="0" type="cond" truecount="0" falsecount="2"/>
        <line num="277" count="0" type="stmt"/>
        <line num="278" count="0" type="stmt"/>
        <line num="279" count="0" type="stmt"/>
        <line num="280" count="0" type="stmt"/>
        <line num="281" count="0" type="stmt"/>
        <line num="283" count="0" type="stmt"/>
        <line num="284" count="0" type="stmt"/>
        <line num="285" count="0" type="stmt"/>
        <line num="291" count="0" type="stmt"/>
        <line num="292" count="0" type="cond" truecount="0" falsecount="2"/>
        <line num="294" count="0" type="cond" truecount="0" falsecount="2"/>
        <line num="295" count="0" type="cond" truecount="0" falsecount="2"/>
        <line num="296" count="0" type="stmt"/>
        <line num="297" count="0" type="stmt"/>
        <line num="299" count="0" type="stmt"/>
        <line num="300" count="0" type="stmt"/>
        <line num="301" count="0" type="stmt"/>
        <line num="302" count="0" type="stmt"/>
        <line num="303" count="0" type="stmt"/>
        <line num="304" count="0" type="stmt"/>
        <line num="305" count="0" type="stmt"/>
        <line num="309" count="0" type="stmt"/>
        <line num="310" count="0" type="cond" truecount="0" falsecount="2"/>
        <line num="312" count="0" type="stmt"/>
        <line num="313" count="0" type="stmt"/>
        <line num="314" count="0" type="stmt"/>
        <line num="315" count="0" type="stmt"/>
        <line num="316" count="0" type="stmt"/>
        <line num="318" count="0" type="stmt"/>
        <line num="321" count="0" type="stmt"/>
        <line num="325" count="0" type="stmt"/>
        <line num="326" count="0" type="stmt"/>
        <line num="327" count="0" type="cond" truecount="0" falsecount="2"/>
        <line num="328" count="0" type="stmt"/>
        <line num="332" count="0" type="stmt"/>
        <line num="333" count="0" type="stmt"/>
        <line num="334" count="0" type="stmt"/>
        <line num="335" count="0" type="stmt"/>
        <line num="339" count="0" type="stmt"/>
        <line num="343" count="1" type="stmt"/>
        <line num="344" count="0" type="stmt"/>
        <line num="348" count="1" type="stmt"/>
        <line num="349" count="0" type="cond" truecount="0" falsecount="5"/>
        <line num="350" count="0" type="stmt"/>
        <line num="355" count="1" type="cond" truecount="3" falsecount="1"/>
        <line num="356" count="1" type="stmt"/>
      </file>
    </package>
    <package name="public.tools.json-formatter">
      <metrics statements="12" coveredstatements="12" conditionals="8" coveredconditionals="7" methods="3" coveredmethods="3"/>
      <file name="script.js" path="C:\claude\cyberscryb-wt-jest\public\tools\json-formatter\script.js">
        <metrics statements="12" coveredstatements="12" conditionals="8" coveredconditionals="7" methods="3" coveredmethods="3"/>
        <line num="11" count="9" type="cond" truecount="2" falsecount="0"/>
        <line num="12" count="9" type="stmt"/>
        <line num="13" count="7" type="stmt"/>
        <line num="23" count="9" type="stmt"/>
        <line num="24" count="8" type="stmt"/>
        <line num="33" count="6" type="stmt"/>
        <line num="34" count="6" type="stmt"/>
        <line num="35" count="4" type="cond" truecount="2" falsecount="0"/>
        <line num="36" count="4" type="stmt"/>
        <line num="38" count="2" type="stmt"/>
        <line num="43" count="1" type="cond" truecount="3" falsecount="1"/>
        <line num="44" count="1" type="stmt"/>
      </file>
    </package>
    <package name="public.tools.password-checker">
      <metrics statements="164" coveredstatements="39" conditionals="99" coveredconditionals="30" methods="10" coveredmethods="3"/>
      <file name="script.js" path="C:\claude\cyberscryb-wt-jest\public\tools\password-checker\script.js">
        <metrics statements="164" coveredstatements="39" conditionals="99" coveredconditionals="30" methods="10" coveredmethods="3"/>
        <line num="4" count="1" type="stmt"/>
        <line num="5" count="1" type="stmt"/>
        <line num="6" count="1" type="stmt"/>
        <line num="7" count="1" type="stmt"/>
        <line num="8" count="1" type="stmt"/>
        <line num="9" count="1" type="stmt"/>
        <line num="12" count="1" type="stmt"/>
        <line num="20" count="1" type="stmt"/>
        <line num="27" count="1" type="stmt"/>
        <line num="47" count="1" type="stmt"/>
        <line num="49" count="1" type="stmt"/>
        <line num="50" count="1" type="stmt"/>
        <line num="51" count="1" type="stmt"/>
        <line num="55" count="7" type="stmt"/>
        <line num="56" count="7" type="cond" truecount="2" falsecount="0"/>
        <line num="58" count="4" type="stmt"/>
        <line num="59" count="39" type="cond" truecount="2" falsecount="0"/>
        <line num="61" count="0" type="stmt"/>
        <line num="66" count="3" type="stmt"/>
        <line num="67" count="3" type="stmt"/>
        <line num="68" count="3" type="stmt"/>
        <line num="69" count="71" type="stmt"/>
        <line num="70" count="71" type="stmt"/>
        <line num="71" count="71" type="stmt"/>
        <line num="73" count="3" type="stmt"/>
        <line num="74" count="3" type="stmt"/>
        <line num="78" count="0" type="stmt"/>
        <line num="80" count="0" type="cond" truecount="0" falsecount="2"/>
        <line num="81" count="0" type="stmt"/>
        <line num="82" count="0" type="stmt"/>
        <line num="83" count="0" type="stmt"/>
        <line num="84" count="0" type="stmt"/>
        <line num="85" count="0" type="stmt"/>
        <line num="86" count="0" type="stmt"/>
        <line num="89" count="0" type="stmt"/>
        <line num="92" count="0" type="stmt"/>
        <line num="93" count="0" type="stmt"/>
        <line num="94" count="0" type="stmt"/>
        <line num="95" count="0" type="stmt"/>
        <line num="98" count="0" type="stmt"/>
        <line num="99" count="0" type="cond" truecount="0" falsecount="2"/>
        <line num="100" count="0" type="cond" truecount="0" falsecount="2"/>
        <line num="101" count="0" type="cond" truecount="0" falsecount="2"/>
        <line num="102" count="0" type="cond" truecount="0" falsecount="2"/>
        <line num="105" count="0" type="stmt"/>
        <line num="108" count="0" type="stmt"/>
        <line num="109" count="0" type="stmt"/>
        <line num="110" count="0" type="stmt"/>
        <line num="111" count="0" type="stmt"/>
        <line num="114" count="0" type="stmt"/>
        <line num="117" count="0" type="stmt"/>
        <line num="118" count="0" type="stmt"/>
        <line num="119" count="0" type="stmt"/>
        <line num="122" count="0" type="stmt"/>
        <line num="123" count="0" type="cond" truecount="0" falsecount="2"/>
        <line num="124" count="0" type="cond" truecount="0" falsecount="2"/>
        <line num="125" count="0" type="cond" truecount="0" falsecount="2"/>
        <line num="126" count="0" type="cond" truecount="0" falsecount="2"/>
        <line num="127" count="0" type="cond" truecount="0" falsecount="2"/>
        <line num="128" count="0" type="cond" truecount="0" falsecount="2"/>
        <line num="130" count="0" type="stmt"/>
        <line num="131" count="0" type="cond" truecount="0" falsecount="2"/>
        <line num="132" count="0" type="stmt"/>
        <line num="133" count="0" type="stmt"/>
        <line num="138" count="0" type="stmt"/>
        <line num="139" count="0" type="stmt"/>
        <line num="140" count="0" type="cond" truecount="0" falsecount="2"/>
        <line num="142" count="0" type="cond" truecount="0" falsecount="2"/>
        <line num="146" count="0" type="cond" truecount="0" falsecount="4"/>
        <line num="147" count="0" type="stmt"/>
        <line num="148" count="0" type="cond" truecount="0" falsecount="2"/>
        <line num="149" count="0" type="stmt"/>
        <line num="150" count="0" type="cond" truecount="0" falsecount="2"/>
        <line num="151" count="0" type="stmt"/>
        <line num="152" count="0" type="cond" truecount="0" falsecount="2"/>
        <line num="153" count="0" type="stmt"/>
        <line num="155" count="0" type="stmt"/>
        <line num="159" count="0" type="stmt"/>
        <line num="160" count="0" type="stmt"/>
        <line num="161" count="0" type="stmt"/>
        <line num="164" count="0" type="stmt"/>
        <line num="165" count="0" type="stmt"/>
        <line num="166" count="0" type="stmt"/>
        <line num="167" count="0" type="stmt"/>
        <line num="168" count="0" type="stmt"/>
        <line num="169" count="0" type="stmt"/>
        <line num="172" count="0" type="stmt"/>
        <line num="173" count="0" type="stmt"/>
        <line num="174" count="0" type="stmt"/>
        <line num="175" count="0" type="stmt"/>
        <line num="176" count="0" type="cond" truecount="0" falsecount="2"/>
        <line num="177" count="0" type="stmt"/>
        <line num="178" count="0" type="cond" truecount="0" falsecount="2"/>
        <line num="179" count="0" type="stmt"/>
        <line num="181" count="0" type="stmt"/>
        <line num="185" count="0" type="stmt"/>
        <line num="186" count="0" type="stmt"/>
        <line num="187" count="0" type="stmt"/>
        <line num="188" count="0" type="stmt"/>
        <line num="191" count="0" type="stmt"/>
        <line num="192" count="0" type="stmt"/>
        <line num="193" count="0" type="cond" truecount="0" falsecount="2"/>
        <line num="194" count="0" type="stmt"/>
        <line num="195" count="0" type="stmt"/>
        <line num="197" count="0" type="stmt"/>
        <line num="201" count="0" type="stmt"/>
        <line num="202" count="0" type="cond" truecount="0" falsecount="2"/>
        <line num="203" count="0" type="cond" truecount="0" falsecount="2"/>
        <line num="204" count="0" type="cond" truecount="0" falsecount="2"/>
        <line num="205" count="0" type="cond" truecount="0" falsecount="2"/>
        <line num="206" count="0" type="cond" truecount="0" falsecount="7"/>
        <line num="207" count="0" type="stmt"/>
        <line num="209" count="0" type="cond" truecount="0" falsecount="2"/>
        <line num="211" count="0" type="stmt"/>
        <line num="214" count="0" type="stmt"/>
        <line num="215" count="0" type="stmt"/>
        <line num="216" count="0" type="stmt"/>
        <line num="217" count="0" type="stmt"/>
        <line num="218" count="0" type="stmt"/>
        <line num="223" count="0" type="stmt"/>
        <line num="224" count="0" type="stmt"/>
        <line num="225" count="0" type="cond" truecount="0" falsecount="2"/>
        <line num="229" count="19" type="cond" truecount="4" falsecount="0"/>
        <line num="230" count="17" type="cond" truecount="2" falsecount="0"/>
        <line num="231" count="16" type="cond" truecount="2" falsecount="0"/>
        <line num="232" count="15" type="cond" truecount="2" falsecount="0"/>
        <line num="233" count="12" type="cond" truecount="2" falsecount="0"/>
        <line num="234" count="9" type="cond" truecount="2" falsecount="0"/>
        <line num="235" count="7" type="cond" truecount="2" falsecount="0"/>
        <line num="236" count="5" type="cond" truecount="2" falsecount="0"/>
        <line num="237" count="3" type="cond" truecount="2" falsecount="0"/>
        <line num="238" count="2" type="cond" truecount="2" falsecount="0"/>
        <line num="239" count="1" type="stmt"/>
        <line num="243" count="0" type="cond" truecount="0" falsecount="2"/>
        <line num="244" count="0" type="stmt"/>
        <line num="245" count="0" type="cond" truecount="0" falsecount="2"/>
        <line num="249" count="0" type="stmt"/>
        <line num="250" count="0" type="stmt"/>
        <line num="251" count="0" type="stmt"/>
        <line num="254" count="0" type="stmt"/>
        <line num="255" count="0" type="stmt"/>
        <line num="256" count="0" type="stmt"/>
        <line num="259" count="0" type="stmt"/>
        <line num="260" count="0" type="stmt"/>
        <line num="261" count="0" type="stmt"/>
        <line num="262" count="0" type="stmt"/>
        <line num="264" count="0" type="stmt"/>
        <line num="265" count="0" type="stmt"/>
        <line num="266" count="0" type="stmt"/>
        <line num="267" count="0" type="stmt"/>
        <line num="269" count="0" type="stmt"/>
        <line num="270" count="0" type="stmt"/>
        <line num="274" count="0" type="stmt"/>
        <line num="275" count="0" type="stmt"/>
        <line num="276" count="0" type="stmt"/>
        <line num="277" count="0" type="stmt"/>
        <line num="279" count="0" type="stmt"/>
        <line num="281" count="0" type="stmt"/>
        <line num="282" count="0" type="stmt"/>
        <line num="283" count="0" type="stmt"/>
        <line num="284" count="0" type="stmt"/>
        <line num="288" count="1" type="cond" truecount="1" falsecount="1"/>
        <line num="291" count="1" type="cond" truecount="3" falsecount="1"/>
        <line num="292" count="1" type="stmt"/>
      </file>
    </package>
    <package name="public.tools.slug-generator">
      <metrics statements="23" coveredstatements="23" conditionals="32" coveredconditionals="29" methods="2" coveredmethods="2"/>
      <file name="script.js" path="C:\claude\cyberscryb-wt-jest\public\tools\slug-generator\script.js">
        <metrics statements="23" coveredstatements="23" conditionals="32" coveredconditionals="29" methods="2" coveredmethods="2"/>
        <line num="3" count="1" type="stmt"/>
        <line num="20" count="18" type="cond" truecount="2" falsecount="0"/>
        <line num="21" count="15" type="cond" truecount="4" falsecount="0"/>
        <line num="22" count="15" type="cond" truecount="4" falsecount="0"/>
        <line num="23" count="15" type="cond" truecount="4" falsecount="0"/>
        <line num="24" count="15" type="cond" truecount="4" falsecount="0"/>
        <line num="26" count="15" type="stmt"/>
        <line num="29" count="15" type="stmt"/>
        <line num="31" count="15" type="stmt"/>
        <line num="33" count="15" type="cond" truecount="2" falsecount="0"/>
        <line num="36" count="15" type="stmt"/>
        <line num="39" count="15" type="stmt"/>
        <line num="41" count="15" type="cond" truecount="2" falsecount="0"/>
        <line num="42" count="4" type="stmt"/>
        <line num="43" count="1" type="cond" truecount="1" falsecount="1"/>
        <line num="46" count="15" type="stmt"/>
        <line num="47" count="15" type="cond" truecount="2" falsecount="0"/>
        <line num="48" count="1" type="stmt"/>
        <line num="50" count="1" type="stmt"/>
        <line num="51" count="1" type="cond" truecount="1" falsecount="1"/>
        <line num="53" count="15" type="stmt"/>
        <line num="57" count="1" type="cond" truecount="3" falsecount="1"/>
        <line num="58" count="1" type="stmt"/>
      </file>
    </package>
    <package name="public.tools.url-encoder">
      <metrics statements="5" coveredstatements="5" conditionals="4" coveredconditionals="3" methods="3" coveredmethods="3"/>
      <file name="script.js" path="C:\claude\cyberscryb-wt-jest\public\tools\url-encoder\script.js">
        <metrics statements="5" coveredstatements="5" conditionals="4" coveredconditionals="3" methods="3" coveredmethods="3"/>
        <line num="4" count="12" type="stmt"/>
        <line num="8" count="2" type="stmt"/>
        <line num="12" count="8" type="stmt"/>
        <line num="16" count="1" type="cond" truecount="3" falsecount="1"/>
        <line num="17" count="1" type="stmt"/>
      </file>
    </package>
    <package name="public.tools.uuid-generator">
      <metrics statements="8" coveredstatements="8" conditionals="4" coveredconditionals="3" methods="2" coveredmethods="2"/>
      <file name="script.js" path="C:\claude\cyberscryb-wt-jest\public\tools\uuid-generator\script.js">
        <metrics statements="8" coveredstatements="8" conditionals="4" coveredconditionals="3" methods="2" coveredmethods="2"/>
        <line num="9" count="107" type="stmt"/>
        <line num="10" count="107" type="stmt"/>
        <line num="12" count="107" type="stmt"/>
        <line num="14" count="107" type="stmt"/>
        <line num="15" count="1712" type="stmt"/>
        <line num="16" count="107" type="stmt"/>
        <line num="20" count="1" type="cond" truecount="3" falsecount="1"/>
        <line num="21" count="1" type="stmt"/>
      </file>
    </package>
  </project>
</coverage>
