{"C:\\claude\\cyberscryb-wt-jest\\functions\\index.js": {"path":"C:\\claude\\cyberscryb-wt-jest\\functions\\index.js","statementMap":{"0":{"start":{"line":1,"column":18},"end":{"line":1,"column":50}},"1":{"start":{"line":2,"column":13},"end":{"line":2,"column":46}},"2":{"start":{"line":3,"column":14},"end":{"line":3,"column":39}},"3":{"start":{"line":5,"column":0},"end":{"line":5,"column":22}},"4":{"start":{"line":6,"column":11},"end":{"line":6,"column":28}},"5":{"start":{"line":12,"column":23},"end":{"line":15,"column":1}},"6":{"start":{"line":19,"column":18},"end":{"line":25,"column":5}},"7":{"start":{"line":27,"column":4},"end":{"line":27,"column":38}},"8":{"start":{"line":30,"column":4},"end":{"line":32,"column":5}},"9":{"start":{"line":31,"column":8},"end":{"line":31,"column":25}},"10":{"start":{"line":37,"column":4},"end":{"line":37,"column":51}},"11":{"start":{"line":37,"column":44},"end":{"line":37,"column":51}},"12":{"start":{"line":39,"column":26},"end":{"line":39,"column":52}},"13":{"start":{"line":40,"column":4},"end":{"line":40,"column":31}},"14":{"start":{"line":41,"column":4},"end":{"line":41,"column":42}},"15":{"start":{"line":43,"column":4},"end":{"line":90,"column":5}},"16":{"start":{"line":45,"column":27},"end":{"line":45,"column":29}},"17":{"start":{"line":47,"column":8},"end":{"line":71,"column":11}},"18":{"start":{"line":48,"column":24},"end":{"line":48,"column":53}},"19":{"start":{"line":49,"column":12},"end":{"line":57,"column":13}},"20":{"start":{"line":50,"column":16},"end":{"line":56,"column":18}},"21":{"start":{"line":59,"column":12},"end":{"line":59,"column":36}},"22":{"start":{"line":60,"column":12},"end":{"line":60,"column":49}},"23":{"start":{"line":63,"column":12},"end":{"line":70,"column":15}},"24":{"start":{"line":64,"column":16},"end":{"line":64,"column":78}},"25":{"start":{"line":64,"column":71},"end":{"line":64,"column":78}},"26":{"start":{"line":65,"column":16},"end":{"line":67,"column":17}},"27":{"start":{"line":66,"column":20},"end":{"line":66,"column":53}},"28":{"start":{"line":68,"column":28},"end":{"line":68,"column":44}},"29":{"start":{"line":69,"column":16},"end":{"line":69,"column":95}},"30":{"start":{"line":74,"column":22},"end":{"line":74,"column":32}},"31":{"start":{"line":75,"column":8},"end":{"line":81,"column":11}},"32":{"start":{"line":76,"column":27},"end":{"line":76,"column":98}},"33":{"start":{"line":77,"column":12},"end":{"line":80,"column":32}},"34":{"start":{"line":83,"column":8},"end":{"line":83,"column":29}},"35":{"start":{"line":84,"column":8},"end":{"line":84,"column":121}},"36":{"start":{"line":87,"column":8},"end":{"line":87,"column":57}},"37":{"start":{"line":89,"column":8},"end":{"line":89,"column":56}},"38":{"start":{"line":94,"column":0},"end":{"line":94,"column":36}},"39":{"start":{"line":98,"column":4},"end":{"line":102,"column":7}},"40":{"start":{"line":108,"column":19},"end":{"line":108,"column":36}},"41":{"start":{"line":109,"column":17},"end":{"line":109,"column":85}},"42":{"start":{"line":110,"column":20},"end":{"line":110,"column":50}},"43":{"start":{"line":111,"column":4},"end":{"line":111,"column":41}},"44":{"start":{"line":118,"column":23},"end":{"line":118,"column":32}},"45":{"start":{"line":119,"column":23},"end":{"line":119,"column":24}},"46":{"start":{"line":120,"column":21},"end":{"line":120,"column":42}},"47":{"start":{"line":123,"column":25},"end":{"line":128,"column":1}},"48":{"start":{"line":130,"column":22},"end":{"line":133,"column":1}},"49":{"start":{"line":137,"column":15},"end":{"line":138,"column":57}},"50":{"start":{"line":141,"column":19},"end":{"line":141,"column":36}},"51":{"start":{"line":142,"column":17},"end":{"line":142,"column":94}},"52":{"start":{"line":144,"column":4},"end":{"line":144,"column":26}},"53":{"start":{"line":149,"column":23},"end":{"line":149,"column":57}},"54":{"start":{"line":150,"column":20},"end":{"line":150,"column":87}},"55":{"start":{"line":152,"column":4},"end":{"line":152,"column":34}},"56":{"start":{"line":152,"column":17},"end":{"line":152,"column":34}},"57":{"start":{"line":153,"column":4},"end":{"line":153,"column":40}},"58":{"start":{"line":153,"column":20},"end":{"line":153,"column":40}},"59":{"start":{"line":155,"column":4},"end":{"line":155,"column":23}},"60":{"start":{"line":160,"column":16},"end":{"line":160,"column":26}},"61":{"start":{"line":161,"column":23},"end":{"line":161,"column":47}},"62":{"start":{"line":162,"column":17},"end":{"line":162,"column":33}},"63":{"start":{"line":163,"column":19},"end":{"line":163,"column":41}},"64":{"start":{"line":166,"column":4},"end":{"line":169,"column":5}},"65":{"start":{"line":167,"column":8},"end":{"line":167,"column":29}},"66":{"start":{"line":168,"column":8},"end":{"line":168,"column":40}},"67":{"start":{"line":172,"column":4},"end":{"line":179,"column":5}},"68":{"start":{"line":173,"column":8},"end":{"line":173,"column":109}},"69":{"start":{"line":174,"column":8},"end":{"line":178,"column":10}},"70":{"start":{"line":182,"column":4},"end":{"line":184,"column":5}},"71":{"start":{"line":183,"column":8},"end":{"line":183,"column":63}},"72":{"start":{"line":186,"column":21},"end":{"line":186,"column":51}},"73":{"start":{"line":189,"column":4},"end":{"line":189,"column":25}},"74":{"start":{"line":192,"column":19},"end":{"line":192,"column":33}},"75":{"start":{"line":193,"column":20},"end":{"line":193,"column":33}},"76":{"start":{"line":194,"column":22},"end":{"line":194,"column":33}},"77":{"start":{"line":196,"column":4},"end":{"line":196,"column":82}},"78":{"start":{"line":196,"column":62},"end":{"line":196,"column":80}},"79":{"start":{"line":199,"column":31},"end":{"line":199,"column":82}},"80":{"start":{"line":199,"column":61},"end":{"line":199,"column":74}},"81":{"start":{"line":200,"column":29},"end":{"line":200,"column":78}},"82":{"start":{"line":200,"column":59},"end":{"line":200,"column":70}},"83":{"start":{"line":201,"column":28},"end":{"line":201,"column":52}},"84":{"start":{"line":204,"column":4},"end":{"line":211,"column":5}},"85":{"start":{"line":205,"column":8},"end":{"line":205,"column":119}},"86":{"start":{"line":206,"column":8},"end":{"line":210,"column":10}},"87":{"start":{"line":214,"column":4},"end":{"line":221,"column":5}},"88":{"start":{"line":215,"column":8},"end":{"line":215,"column":111}},"89":{"start":{"line":216,"column":8},"end":{"line":220,"column":10}},"90":{"start":{"line":224,"column":4},"end":{"line":231,"column":5}},"91":{"start":{"line":225,"column":8},"end":{"line":225,"column":108}},"92":{"start":{"line":226,"column":8},"end":{"line":230,"column":10}},"93":{"start":{"line":234,"column":4},"end":{"line":234,"column":32}},"94":{"start":{"line":235,"column":4},"end":{"line":235,"column":23}},"95":{"start":{"line":237,"column":4},"end":{"line":245,"column":6}},"96":{"start":{"line":249,"column":0},"end":{"line":269,"column":11}},"97":{"start":{"line":250,"column":16},"end":{"line":250,"column":26}},"98":{"start":{"line":251,"column":19},"end":{"line":251,"column":33}},"99":{"start":{"line":252,"column":18},"end":{"line":252,"column":19}},"100":{"start":{"line":254,"column":4},"end":{"line":264,"column":5}},"101":{"start":{"line":256,"column":23},"end":{"line":256,"column":47}},"102":{"start":{"line":257,"column":8},"end":{"line":257,"column":86}},"103":{"start":{"line":257,"column":66},"end":{"line":257,"column":84}},"104":{"start":{"line":260,"column":8},"end":{"line":263,"column":9}},"105":{"start":{"line":261,"column":12},"end":{"line":261,"column":46}},"106":{"start":{"line":262,"column":12},"end":{"line":262,"column":22}},"107":{"start":{"line":266,"column":4},"end":{"line":268,"column":5}},"108":{"start":{"line":267,"column":8},"end":{"line":267,"column":110}},"109":{"start":{"line":272,"column":22},"end":{"line":272,"column":113}},"110":{"start":{"line":275,"column":4},"end":{"line":275,"column":30}},"111":{"start":{"line":275,"column":18},"end":{"line":275,"column":30}},"112":{"start":{"line":276,"column":4},"end":{"line":293,"column":5}},"113":{"start":{"line":277,"column":20},"end":{"line":277,"column":36}},"114":{"start":{"line":278,"column":25},"end":{"line":278,"column":51}},"115":{"start":{"line":281,"column":8},"end":{"line":288,"column":11}},"116":{"start":{"line":282,"column":30},"end":{"line":282,"column":55}},"117":{"start":{"line":284,"column":12},"end":{"line":284,"column":52}},"118":{"start":{"line":284,"column":40},"end":{"line":284,"column":52}},"119":{"start":{"line":286,"column":12},"end":{"line":286,"column":64}},"120":{"start":{"line":286,"column":52},"end":{"line":286,"column":64}},"121":{"start":{"line":287,"column":12},"end":{"line":287,"column":25}},"122":{"start":{"line":291,"column":8},"end":{"line":291,"column":61}},"123":{"start":{"line":292,"column":8},"end":{"line":292,"column":21}},"124":{"start":{"line":297,"column":25},"end":{"line":297,"column":28}},"125":{"start":{"line":298,"column":25},"end":{"line":302,"column":1}},"126":{"start":{"line":305,"column":4},"end":{"line":305,"column":82}},"127":{"start":{"line":305,"column":72},"end":{"line":305,"column":82}},"128":{"start":{"line":306,"column":18},"end":{"line":306,"column":20}},"129":{"start":{"line":307,"column":4},"end":{"line":323,"column":5}},"130":{"start":{"line":308,"column":8},"end":{"line":322,"column":9}},"131":{"start":{"line":308,"column":40},"end":{"line":308,"column":57}},"132":{"start":{"line":309,"column":13},"end":{"line":322,"column":9}},"133":{"start":{"line":310,"column":12},"end":{"line":317,"column":13}},"134":{"start":{"line":311,"column":34},"end":{"line":311,"column":107}},"135":{"start":{"line":312,"column":16},"end":{"line":316,"column":17}},"136":{"start":{"line":313,"column":20},"end":{"line":313,"column":76}},"137":{"start":{"line":315,"column":20},"end":{"line":315,"column":80}},"138":{"start":{"line":319,"column":13},"end":{"line":322,"column":9}},"139":{"start":{"line":320,"column":12},"end":{"line":321,"column":65}},"140":{"start":{"line":320,"column":41},"end":{"line":320,"column":99}},"141":{"start":{"line":320,"column":82},"end":{"line":320,"column":99}},"142":{"start":{"line":321,"column":19},"end":{"line":321,"column":63}},"143":{"start":{"line":324,"column":4},"end":{"line":324,"column":17}},"144":{"start":{"line":330,"column":0},"end":{"line":457,"column":3}},"145":{"start":{"line":331,"column":4},"end":{"line":456,"column":7}},"146":{"start":{"line":332,"column":8},"end":{"line":334,"column":9}},"147":{"start":{"line":333,"column":12},"end":{"line":333,"column":73}},"148":{"start":{"line":336,"column":32},"end":{"line":336,"column":40}},"149":{"start":{"line":337,"column":24},"end":{"line":337,"column":42}},"150":{"start":{"line":341,"column":8},"end":{"line":344,"column":9}},"151":{"start":{"line":342,"column":12},"end":{"line":342,"column":82}},"152":{"start":{"line":343,"column":12},"end":{"line":343,"column":74}},"153":{"start":{"line":347,"column":26},"end":{"line":347,"column":45}},"154":{"start":{"line":348,"column":8},"end":{"line":357,"column":9}},"155":{"start":{"line":349,"column":12},"end":{"line":349,"column":79}},"156":{"start":{"line":350,"column":12},"end":{"line":350,"column":97}},"157":{"start":{"line":351,"column":12},"end":{"line":356,"column":19}},"158":{"start":{"line":360,"column":8},"end":{"line":365,"column":9}},"159":{"start":{"line":361,"column":12},"end":{"line":361,"column":91}},"160":{"start":{"line":362,"column":12},"end":{"line":362,"column":87}},"161":{"start":{"line":363,"column":12},"end":{"line":363,"column":85}},"162":{"start":{"line":364,"column":12},"end":{"line":364,"column":56}},"163":{"start":{"line":368,"column":8},"end":{"line":372,"column":11}},"164":{"start":{"line":375,"column":23},"end":{"line":375,"column":87}},"165":{"start":{"line":377,"column":8},"end":{"line":380,"column":9}},"166":{"start":{"line":378,"column":12},"end":{"line":378,"column":68}},"167":{"start":{"line":379,"column":12},"end":{"line":379,"column":98}},"168":{"start":{"line":382,"column":8},"end":{"line":455,"column":9}},"169":{"start":{"line":383,"column":27},"end":{"line":393,"column":7}},"170":{"start":{"line":396,"column":29},"end":{"line":403,"column":14}},"171":{"start":{"line":405,"column":12},"end":{"line":424,"column":13}},"172":{"start":{"line":406,"column":34},"end":{"line":406,"column":55}},"173":{"start":{"line":407,"column":16},"end":{"line":407,"column":62}},"174":{"start":{"line":410,"column":34},"end":{"line":410,"column":89}},"175":{"start":{"line":411,"column":16},"end":{"line":417,"column":17}},"176":{"start":{"line":412,"column":20},"end":{"line":412,"column":146}},"177":{"start":{"line":413,"column":23},"end":{"line":417,"column":17}},"178":{"start":{"line":414,"column":20},"end":{"line":414,"column":130}},"179":{"start":{"line":415,"column":23},"end":{"line":417,"column":17}},"180":{"start":{"line":416,"column":20},"end":{"line":416,"column":66}},"181":{"start":{"line":419,"column":16},"end":{"line":423,"column":19}},"182":{"start":{"line":426,"column":25},"end":{"line":426,"column":46}},"183":{"start":{"line":427,"column":34},"end":{"line":427,"column":109}},"184":{"start":{"line":430,"column":12},"end":{"line":434,"column":15}},"185":{"start":{"line":436,"column":12},"end":{"line":436,"column":60}},"186":{"start":{"line":439,"column":12},"end":{"line":439,"column":52}},"187":{"start":{"line":442,"column":12},"end":{"line":448,"column":13}},"188":{"start":{"line":443,"column":16},"end":{"line":447,"column":19}},"189":{"start":{"line":450,"column":12},"end":{"line":454,"column":15}},"190":{"start":{"line":461,"column":0},"end":{"line":482,"column":3}},"191":{"start":{"line":462,"column":4},"end":{"line":481,"column":7}},"192":{"start":{"line":463,"column":8},"end":{"line":465,"column":9}},"193":{"start":{"line":464,"column":12},"end":{"line":464,"column":73}},"194":{"start":{"line":467,"column":50},"end":{"line":467,"column":58}},"195":{"start":{"line":469,"column":8},"end":{"line":471,"column":9}},"196":{"start":{"line":470,"column":12},"end":{"line":470,"column":74}},"197":{"start":{"line":474,"column":8},"end":{"line":478,"column":9}},"198":{"start":{"line":475,"column":12},"end":{"line":475,"column":56}},"199":{"start":{"line":477,"column":12},"end":{"line":477,"column":44}},"200":{"start":{"line":480,"column":8},"end":{"line":480,"column":50}},"201":{"start":{"line":486,"column":0},"end":{"line":578,"column":7}},"202":{"start":{"line":490,"column":8},"end":{"line":577,"column":9}},"203":{"start":{"line":492,"column":30},"end":{"line":492,"column":40}},"204":{"start":{"line":493,"column":12},"end":{"line":493,"column":55}},"205":{"start":{"line":494,"column":28},"end":{"line":494,"column":64}},"206":{"start":{"line":496,"column":29},"end":{"line":498,"column":22}},"207":{"start":{"line":500,"column":28},"end":{"line":509,"column":13}},"208":{"start":{"line":511,"column":31},"end":{"line":511,"column":48}},"209":{"start":{"line":513,"column":12},"end":{"line":549,"column":15}},"210":{"start":{"line":514,"column":29},"end":{"line":514,"column":39}},"211":{"start":{"line":516,"column":16},"end":{"line":530,"column":17}},"212":{"start":{"line":517,"column":20},"end":{"line":517,"column":61}},"213":{"start":{"line":519,"column":20},"end":{"line":523,"column":21}},"214":{"start":{"line":520,"column":24},"end":{"line":522,"column":27}},"215":{"start":{"line":521,"column":28},"end":{"line":521,"column":93}},"216":{"start":{"line":525,"column":20},"end":{"line":529,"column":21}},"217":{"start":{"line":526,"column":24},"end":{"line":528,"column":27}},"218":{"start":{"line":527,"column":28},"end":{"line":527,"column":107}},"219":{"start":{"line":532,"column":16},"end":{"line":534,"column":17}},"220":{"start":{"line":533,"column":20},"end":{"line":533,"column":66}},"221":{"start":{"line":536,"column":16},"end":{"line":538,"column":17}},"222":{"start":{"line":537,"column":20},"end":{"line":537,"column":61}},"223":{"start":{"line":540,"column":16},"end":{"line":542,"column":17}},"224":{"start":{"line":541,"column":20},"end":{"line":541,"column":62}},"225":{"start":{"line":544,"column":16},"end":{"line":548,"column":17}},"226":{"start":{"line":545,"column":20},"end":{"line":547,"column":23}},"227":{"start":{"line":546,"column":24},"end":{"line":546,"column":50}},"228":{"start":{"line":552,"column":36},"end":{"line":552,"column":86}},"229":{"start":{"line":552,"column":69},"end":{"line":552,"column":84}},"230":{"start":{"line":553,"column":12},"end":{"line":553,"column":62}},"231":{"start":{"line":553,"column":43},"end":{"line":553,"column":60}},"232":{"start":{"line":554,"column":12},"end":{"line":554,"column":106}},"233":{"start":{"line":554,"column":68},"end":{"line":554,"column":104}},"234":{"start":{"line":557,"column":12},"end":{"line":559,"column":23}},"235":{"start":{"line":562,"column":12},"end":{"line":562,"column":87}},"236":{"start":{"line":566,"column":12},"end":{"line":570,"column":15}},"237":{"start":{"line":572,"column":12},"end":{"line":572,"column":24}},"238":{"start":{"line":575,"column":12},"end":{"line":575,"column":68}},"239":{"start":{"line":576,"column":12},"end":{"line":576,"column":24}},"240":{"start":{"line":580,"column":0},"end":{"line":689,"column":3}},"241":{"start":{"line":581,"column":4},"end":{"line":688,"column":7}},"242":{"start":{"line":582,"column":8},"end":{"line":584,"column":9}},"243":{"start":{"line":583,"column":12},"end":{"line":583,"column":73}},"244":{"start":{"line":586,"column":54},"end":{"line":586,"column":62}},"245":{"start":{"line":589,"column":24},"end":{"line":589,"column":42}},"246":{"start":{"line":590,"column":8},"end":{"line":592,"column":9}},"247":{"start":{"line":591,"column":12},"end":{"line":591,"column":74}},"248":{"start":{"line":595,"column":26},"end":{"line":595,"column":45}},"249":{"start":{"line":596,"column":8},"end":{"line":605,"column":9}},"250":{"start":{"line":597,"column":12},"end":{"line":597,"column":79}},"251":{"start":{"line":598,"column":12},"end":{"line":598,"column":96}},"252":{"start":{"line":599,"column":12},"end":{"line":604,"column":19}},"253":{"start":{"line":608,"column":8},"end":{"line":612,"column":11}},"254":{"start":{"line":614,"column":23},"end":{"line":614,"column":87}},"255":{"start":{"line":615,"column":8},"end":{"line":615,"column":79}},"256":{"start":{"line":615,"column":21},"end":{"line":615,"column":79}},"257":{"start":{"line":617,"column":8},"end":{"line":687,"column":9}},"258":{"start":{"line":618,"column":27},"end":{"line":635,"column":13}},"259":{"start":{"line":637,"column":29},"end":{"line":644,"column":14}},"260":{"start":{"line":646,"column":12},"end":{"line":662,"column":13}},"261":{"start":{"line":647,"column":34},"end":{"line":647,"column":55}},"262":{"start":{"line":648,"column":16},"end":{"line":648,"column":62}},"263":{"start":{"line":650,"column":34},"end":{"line":650,"column":75}},"264":{"start":{"line":651,"column":16},"end":{"line":655,"column":17}},"265":{"start":{"line":652,"column":20},"end":{"line":652,"column":94}},"266":{"start":{"line":653,"column":23},"end":{"line":655,"column":17}},"267":{"start":{"line":654,"column":20},"end":{"line":654,"column":58}},"268":{"start":{"line":657,"column":16},"end":{"line":661,"column":19}},"269":{"start":{"line":664,"column":25},"end":{"line":664,"column":46}},"270":{"start":{"line":665,"column":28},"end":{"line":665,"column":75}},"271":{"start":{"line":666,"column":31},"end":{"line":666,"column":50}},"272":{"start":{"line":668,"column":12},"end":{"line":668,"column":79}},"273":{"start":{"line":670,"column":12},"end":{"line":670,"column":45}},"274":{"start":{"line":673,"column":12},"end":{"line":673,"column":52}},"275":{"start":{"line":675,"column":12},"end":{"line":680,"column":13}},"276":{"start":{"line":676,"column":16},"end":{"line":679,"column":19}},"277":{"start":{"line":682,"column":12},"end":{"line":686,"column":15}},"278":{"start":{"line":695,"column":19},"end":{"line":1201,"column":1}},"279":{"start":{"line":698,"column":34},"end":{"line":707,"column":88}},"280":{"start":{"line":711,"column":34},"end":{"line":725,"column":61}},"281":{"start":{"line":729,"column":34},"end":{"line":741,"column":74}},"282":{"start":{"line":745,"column":34},"end":{"line":759,"column":86}},"283":{"start":{"line":763,"column":34},"end":{"line":777,"column":68}},"284":{"start":{"line":781,"column":34},"end":{"line":793,"column":129}},"285":{"start":{"line":797,"column":34},"end":{"line":822,"column":282}},"286":{"start":{"line":827,"column":34},"end":{"line":845,"column":89}},"287":{"start":{"line":849,"column":34},"end":{"line":867,"column":44}},"288":{"start":{"line":871,"column":34},"end":{"line":888,"column":226}},"289":{"start":{"line":892,"column":34},"end":{"line":916,"column":53}},"290":{"start":{"line":920,"column":34},"end":{"line":937,"column":171}},"291":{"start":{"line":941,"column":34},"end":{"line":955,"column":69}},"292":{"start":{"line":959,"column":34},"end":{"line":971,"column":84}},"293":{"start":{"line":975,"column":34},"end":{"line":985,"column":58}},"294":{"start":{"line":989,"column":34},"end":{"line":1005,"column":66}},"295":{"start":{"line":1009,"column":34},"end":{"line":1025,"column":52}},"296":{"start":{"line":1029,"column":34},"end":{"line":1047,"column":60}},"297":{"start":{"line":1051,"column":34},"end":{"line":1069,"column":55}},"298":{"start":{"line":1073,"column":34},"end":{"line":1088,"column":110}},"299":{"start":{"line":1093,"column":26},"end":{"line":1093,"column":58}},"300":{"start":{"line":1094,"column":31},"end":{"line":1094,"column":109}},"301":{"start":{"line":1096,"column":38},"end":{"line":1100,"column":13}},"302":{"start":{"line":1102,"column":33},"end":{"line":1102,"column":93}},"303":{"start":{"line":1104,"column":12},"end":{"line":1115,"column":88}},"304":{"start":{"line":1120,"column":34},"end":{"line":1136,"column":256}},"305":{"start":{"line":1140,"column":34},"end":{"line":1156,"column":199}},"306":{"start":{"line":1160,"column":34},"end":{"line":1181,"column":220}},"307":{"start":{"line":1185,"column":34},"end":{"line":1199,"column":217}},"308":{"start":{"line":1203,"column":0},"end":{"line":1339,"column":3}},"309":{"start":{"line":1204,"column":4},"end":{"line":1338,"column":7}},"310":{"start":{"line":1205,"column":8},"end":{"line":1207,"column":9}},"311":{"start":{"line":1206,"column":12},"end":{"line":1206,"column":73}},"312":{"start":{"line":1209,"column":40},"end":{"line":1209,"column":48}},"313":{"start":{"line":1212,"column":24},"end":{"line":1212,"column":42}},"314":{"start":{"line":1213,"column":8},"end":{"line":1215,"column":9}},"315":{"start":{"line":1214,"column":12},"end":{"line":1214,"column":74}},"316":{"start":{"line":1218,"column":8},"end":{"line":1220,"column":9}},"317":{"start":{"line":1219,"column":12},"end":{"line":1219,"column":113}},"318":{"start":{"line":1223,"column":8},"end":{"line":1225,"column":9}},"319":{"start":{"line":1224,"column":12},"end":{"line":1224,"column":77}},"320":{"start":{"line":1227,"column":8},"end":{"line":1229,"column":9}},"321":{"start":{"line":1228,"column":12},"end":{"line":1228,"column":91}},"322":{"start":{"line":1232,"column":26},"end":{"line":1232,"column":45}},"323":{"start":{"line":1233,"column":8},"end":{"line":1242,"column":9}},"324":{"start":{"line":1234,"column":12},"end":{"line":1234,"column":79}},"325":{"start":{"line":1235,"column":12},"end":{"line":1235,"column":84}},"326":{"start":{"line":1236,"column":12},"end":{"line":1241,"column":19}},"327":{"start":{"line":1245,"column":8},"end":{"line":1250,"column":9}},"328":{"start":{"line":1246,"column":12},"end":{"line":1246,"column":91}},"329":{"start":{"line":1247,"column":12},"end":{"line":1247,"column":87}},"330":{"start":{"line":1248,"column":12},"end":{"line":1248,"column":85}},"331":{"start":{"line":1249,"column":12},"end":{"line":1249,"column":56}},"332":{"start":{"line":1253,"column":8},"end":{"line":1257,"column":11}},"333":{"start":{"line":1260,"column":23},"end":{"line":1260,"column":87}},"334":{"start":{"line":1261,"column":8},"end":{"line":1264,"column":9}},"335":{"start":{"line":1262,"column":12},"end":{"line":1262,"column":68}},"336":{"start":{"line":1263,"column":12},"end":{"line":1263,"column":81}},"337":{"start":{"line":1266,"column":8},"end":{"line":1337,"column":9}},"338":{"start":{"line":1267,"column":31},"end":{"line":1267,"column":47}},"339":{"start":{"line":1268,"column":27},"end":{"line":1268,"column":74}},"340":{"start":{"line":1269,"column":26},"end":{"line":1269,"column":70}},"341":{"start":{"line":1271,"column":29},"end":{"line":1281,"column":14}},"342":{"start":{"line":1283,"column":12},"end":{"line":1301,"column":13}},"343":{"start":{"line":1284,"column":34},"end":{"line":1284,"column":55}},"344":{"start":{"line":1285,"column":16},"end":{"line":1285,"column":72}},"345":{"start":{"line":1287,"column":34},"end":{"line":1287,"column":89}},"346":{"start":{"line":1288,"column":16},"end":{"line":1294,"column":17}},"347":{"start":{"line":1289,"column":20},"end":{"line":1289,"column":100}},"348":{"start":{"line":1290,"column":23},"end":{"line":1294,"column":17}},"349":{"start":{"line":1291,"column":20},"end":{"line":1291,"column":89}},"350":{"start":{"line":1292,"column":23},"end":{"line":1294,"column":17}},"351":{"start":{"line":1293,"column":20},"end":{"line":1293,"column":58}},"352":{"start":{"line":1296,"column":16},"end":{"line":1300,"column":19}},"353":{"start":{"line":1303,"column":25},"end":{"line":1303,"column":46}},"354":{"start":{"line":1304,"column":27},"end":{"line":1304,"column":103}},"355":{"start":{"line":1306,"column":12},"end":{"line":1310,"column":15}},"356":{"start":{"line":1312,"column":12},"end":{"line":1312,"column":51}},"357":{"start":{"line":1315,"column":12},"end":{"line":1315,"column":62}},"358":{"start":{"line":1317,"column":12},"end":{"line":1322,"column":13}},"359":{"start":{"line":1318,"column":16},"end":{"line":1321,"column":19}},"360":{"start":{"line":1324,"column":12},"end":{"line":1330,"column":13}},"361":{"start":{"line":1325,"column":16},"end":{"line":1329,"column":19}},"362":{"start":{"line":1332,"column":12},"end":{"line":1336,"column":15}},"363":{"start":{"line":1343,"column":0},"end":{"line":1412,"column":3}},"364":{"start":{"line":1344,"column":4},"end":{"line":1411,"column":7}},"365":{"start":{"line":1345,"column":8},"end":{"line":1347,"column":9}},"366":{"start":{"line":1346,"column":12},"end":{"line":1346,"column":73}},"367":{"start":{"line":1349,"column":27},"end":{"line":1349,"column":51}},"368":{"start":{"line":1350,"column":21},"end":{"line":1350,"column":37}},"369":{"start":{"line":1353,"column":25},"end":{"line":1353,"column":55}},"370":{"start":{"line":1354,"column":20},"end":{"line":1354,"column":30}},"371":{"start":{"line":1356,"column":28},"end":{"line":1369,"column":9}},"372":{"start":{"line":1372,"column":22},"end":{"line":1372,"column":37}},"373":{"start":{"line":1373,"column":26},"end":{"line":1373,"column":30}},"374":{"start":{"line":1375,"column":8},"end":{"line":1396,"column":9}},"375":{"start":{"line":1376,"column":12},"end":{"line":1395,"column":13}},"376":{"start":{"line":1377,"column":40},"end":{"line":1377,"column":66}},"377":{"start":{"line":1378,"column":33},"end":{"line":1381,"column":26}},"378":{"start":{"line":1383,"column":16},"end":{"line":1392,"column":17}},"379":{"start":{"line":1384,"column":32},"end":{"line":1384,"column":55}},"380":{"start":{"line":1385,"column":20},"end":{"line":1389,"column":22}},"381":{"start":{"line":1391,"column":20},"end":{"line":1391,"column":56}},"382":{"start":{"line":1394,"column":16},"end":{"line":1394,"column":57}},"383":{"start":{"line":1398,"column":8},"end":{"line":1410,"column":11}},"384":{"start":{"line":1416,"column":0},"end":{"line":1532,"column":3}},"385":{"start":{"line":1417,"column":4},"end":{"line":1531,"column":7}},"386":{"start":{"line":1418,"column":8},"end":{"line":1420,"column":9}},"387":{"start":{"line":1419,"column":12},"end":{"line":1419,"column":73}},"388":{"start":{"line":1424,"column":23},"end":{"line":1424,"column":39}},"389":{"start":{"line":1425,"column":8},"end":{"line":1427,"column":9}},"390":{"start":{"line":1426,"column":12},"end":{"line":1426,"column":67}},"391":{"start":{"line":1429,"column":8},"end":{"line":1530,"column":9}},"392":{"start":{"line":1430,"column":25},"end":{"line":1430,"column":54}},"393":{"start":{"line":1431,"column":30},"end":{"line":1431,"column":40}},"394":{"start":{"line":1432,"column":12},"end":{"line":1432,"column":58}},"395":{"start":{"line":1433,"column":33},"end":{"line":1433,"column":69}},"396":{"start":{"line":1436,"column":29},"end":{"line":1440,"column":22}},"397":{"start":{"line":1442,"column":27},"end":{"line":1442,"column":29}},"398":{"start":{"line":1443,"column":12},"end":{"line":1450,"column":15}},"399":{"start":{"line":1444,"column":29},"end":{"line":1444,"column":39}},"400":{"start":{"line":1445,"column":28},"end":{"line":1445,"column":55}},"401":{"start":{"line":1446,"column":16},"end":{"line":1448,"column":17}},"402":{"start":{"line":1447,"column":20},"end":{"line":1447,"column":56}},"403":{"start":{"line":1449,"column":16},"end":{"line":1449,"column":53}},"404":{"start":{"line":1453,"column":28},"end":{"line":1461,"column":13}},"405":{"start":{"line":1463,"column":12},"end":{"line":1512,"column":15}},"406":{"start":{"line":1464,"column":16},"end":{"line":1480,"column":17}},"407":{"start":{"line":1465,"column":20},"end":{"line":1465,"column":57}},"408":{"start":{"line":1468,"column":20},"end":{"line":1472,"column":21}},"409":{"start":{"line":1469,"column":24},"end":{"line":1471,"column":27}},"410":{"start":{"line":1470,"column":28},"end":{"line":1470,"column":93}},"411":{"start":{"line":1475,"column":20},"end":{"line":1479,"column":21}},"412":{"start":{"line":1476,"column":24},"end":{"line":1478,"column":27}},"413":{"start":{"line":1477,"column":28},"end":{"line":1477,"column":107}},"414":{"start":{"line":1482,"column":16},"end":{"line":1484,"column":17}},"415":{"start":{"line":1483,"column":20},"end":{"line":1483,"column":62}},"416":{"start":{"line":1486,"column":16},"end":{"line":1488,"column":17}},"417":{"start":{"line":1487,"column":20},"end":{"line":1487,"column":57}},"418":{"start":{"line":1490,"column":16},"end":{"line":1504,"column":17}},"419":{"start":{"line":1491,"column":20},"end":{"line":1503,"column":21}},"420":{"start":{"line":1492,"column":24},"end":{"line":1502,"column":27}},"421":{"start":{"line":1493,"column":28},"end":{"line":1495,"column":29}},"422":{"start":{"line":1494,"column":32},"end":{"line":1494,"column":73}},"423":{"start":{"line":1496,"column":28},"end":{"line":1501,"column":29}},"424":{"start":{"line":1497,"column":32},"end":{"line":1500,"column":35}},"425":{"start":{"line":1498,"column":36},"end":{"line":1499,"column":101}},"426":{"start":{"line":1507,"column":16},"end":{"line":1511,"column":17}},"427":{"start":{"line":1508,"column":20},"end":{"line":1510,"column":23}},"428":{"start":{"line":1509,"column":24},"end":{"line":1509,"column":66}},"429":{"start":{"line":1515,"column":12},"end":{"line":1517,"column":23}},"430":{"start":{"line":1519,"column":12},"end":{"line":1525,"column":15}},"431":{"start":{"line":1528,"column":12},"end":{"line":1528,"column":62}},"432":{"start":{"line":1529,"column":12},"end":{"line":1529,"column":80}},"433":{"start":{"line":1535,"column":0},"end":{"line":1578,"column":3}},"434":{"start":{"line":1536,"column":4},"end":{"line":1577,"column":7}},"435":{"start":{"line":1537,"column":8},"end":{"line":1539,"column":9}},"436":{"start":{"line":1538,"column":12},"end":{"line":1538,"column":73}},"437":{"start":{"line":1541,"column":34},"end":{"line":1541,"column":42}},"438":{"start":{"line":1544,"column":8},"end":{"line":1546,"column":9}},"439":{"start":{"line":1545,"column":12},"end":{"line":1545,"column":78}},"440":{"start":{"line":1548,"column":32},"end":{"line":1548,"column":58}},"441":{"start":{"line":1550,"column":8},"end":{"line":1576,"column":9}},"442":{"start":{"line":1552,"column":29},"end":{"line":1555,"column":22}},"443":{"start":{"line":1557,"column":12},"end":{"line":1559,"column":13}},"444":{"start":{"line":1558,"column":16},"end":{"line":1558,"column":79}},"445":{"start":{"line":1562,"column":12},"end":{"line":1566,"column":15}},"446":{"start":{"line":1569,"column":12},"end":{"line":1569,"column":91}},"447":{"start":{"line":1571,"column":12},"end":{"line":1571,"column":67}},"448":{"start":{"line":1574,"column":12},"end":{"line":1574,"column":53}},"449":{"start":{"line":1575,"column":12},"end":{"line":1575,"column":76}},"450":{"start":{"line":1584,"column":0},"end":{"line":1678,"column":3}},"451":{"start":{"line":1585,"column":4},"end":{"line":1677,"column":7}},"452":{"start":{"line":1586,"column":6},"end":{"line":1676,"column":7}},"453":{"start":{"line":1587,"column":26},"end":{"line":1587,"column":83}},"454":{"start":{"line":1589,"column":8},"end":{"line":1591,"column":9}},"455":{"start":{"line":1590,"column":12},"end":{"line":1590,"column":73}},"456":{"start":{"line":1594,"column":27},"end":{"line":1594,"column":71}},"457":{"start":{"line":1595,"column":25},"end":{"line":1595,"column":47}},"458":{"start":{"line":1596,"column":8},"end":{"line":1600,"column":9}},"459":{"start":{"line":1597,"column":25},"end":{"line":1597,"column":40}},"460":{"start":{"line":1599,"column":12},"end":{"line":1599,"column":91}},"461":{"start":{"line":1603,"column":29},"end":{"line":1603,"column":121}},"462":{"start":{"line":1604,"column":8},"end":{"line":1617,"column":9}},"463":{"start":{"line":1608,"column":12},"end":{"line":1608,"column":132}},"464":{"start":{"line":1609,"column":12},"end":{"line":1614,"column":15}},"465":{"start":{"line":1615,"column":12},"end":{"line":1615,"column":62}},"466":{"start":{"line":1616,"column":12},"end":{"line":1616,"column":97}},"467":{"start":{"line":1620,"column":22},"end":{"line":1620,"column":38}},"468":{"start":{"line":1621,"column":26},"end":{"line":1642,"column":10}},"469":{"start":{"line":1622,"column":28},"end":{"line":1630,"column":13}},"470":{"start":{"line":1631,"column":25},"end":{"line":1638,"column":14}},"471":{"start":{"line":1632,"column":27},"end":{"line":1632,"column":29}},"472":{"start":{"line":1633,"column":16},"end":{"line":1633,"column":45}},"473":{"start":{"line":1633,"column":34},"end":{"line":1633,"column":43}},"474":{"start":{"line":1634,"column":16},"end":{"line":1637,"column":19}},"475":{"start":{"line":1635,"column":20},"end":{"line":1636,"column":80}},"476":{"start":{"line":1635,"column":26},"end":{"line":1635,"column":84}},"477":{"start":{"line":1636,"column":32},"end":{"line":1636,"column":78}},"478":{"start":{"line":1639,"column":12},"end":{"line":1639,"column":37}},"479":{"start":{"line":1640,"column":12},"end":{"line":1640,"column":98}},"480":{"start":{"line":1640,"column":41},"end":{"line":1640,"column":96}},"481":{"start":{"line":1641,"column":12},"end":{"line":1641,"column":23}},"482":{"start":{"line":1644,"column":8},"end":{"line":1647,"column":9}},"483":{"start":{"line":1645,"column":12},"end":{"line":1645,"column":69}},"484":{"start":{"line":1646,"column":12},"end":{"line":1646,"column":79}},"485":{"start":{"line":1649,"column":24},"end":{"line":1649,"column":38}},"486":{"start":{"line":1650,"column":21},"end":{"line":1650,"column":54}},"487":{"start":{"line":1653,"column":8},"end":{"line":1660,"column":11}},"488":{"start":{"line":1662,"column":8},"end":{"line":1664,"column":9}},"489":{"start":{"line":1663,"column":12},"end":{"line":1663,"column":108}},"490":{"start":{"line":1667,"column":8},"end":{"line":1667,"column":88}},"491":{"start":{"line":1669,"column":8},"end":{"line":1669,"column":66}},"492":{"start":{"line":1672,"column":8},"end":{"line":1672,"column":66}},"493":{"start":{"line":1673,"column":8},"end":{"line":1675,"column":9}},"494":{"start":{"line":1674,"column":12},"end":{"line":1674,"column":146}},"495":{"start":{"line":1681,"column":0},"end":{"line":1683,"column":1}},"496":{"start":{"line":1682,"column":4},"end":{"line":1682,"column":95}}},"fnMap":{"0":{"name":"logEvent","decl":{"start":{"line":18,"column":9},"end":{"line":18,"column":17}},"loc":{"start":{"line":18,"column":44},"end":{"line":33,"column":1}},"line":18},"1":{"name":"flushAnalytics","decl":{"start":{"line":36,"column":15},"end":{"line":36,"column":29}},"loc":{"start":{"line":36,"column":32},"end":{"line":91,"column":1}},"line":36},"2":{"name":"(anonymous_2)","decl":{"start":{"line":47,"column":30},"end":{"line":47,"column":31}},"loc":{"start":{"line":47,"column":39},"end":{"line":71,"column":9}},"line":47},"3":{"name":"(anonymous_3)","decl":{"start":{"line":63,"column":39},"end":{"line":63,"column":40}},"loc":{"start":{"line":63,"column":44},"end":{"line":70,"column":13}},"line":63},"4":{"name":"(anonymous_4)","decl":{"start":{"line":75,"column":42},"end":{"line":75,"column":43}},"loc":{"start":{"line":75,"column":49},"end":{"line":81,"column":9}},"line":75},"5":{"name":"logConversion","decl":{"start":{"line":97,"column":9},"end":{"line":97,"column":22}},"loc":{"start":{"line":97,"column":52},"end":{"line":103,"column":1}},"line":97},"6":{"name":"getABVariant","decl":{"start":{"line":106,"column":9},"end":{"line":106,"column":21}},"loc":{"start":{"line":106,"column":44},"end":{"line":112,"column":1}},"line":106},"7":{"name":"getClientIdentifier","decl":{"start":{"line":136,"column":9},"end":{"line":136,"column":28}},"loc":{"start":{"line":136,"column":34},"end":{"line":145,"column":1}},"line":136},"8":{"name":"getUserTier","decl":{"start":{"line":148,"column":9},"end":{"line":148,"column":20}},"loc":{"start":{"line":148,"column":26},"end":{"line":156,"column":1}},"line":148},"9":{"name":"checkRateLimit","decl":{"start":{"line":159,"column":9},"end":{"line":159,"column":23}},"loc":{"start":{"line":159,"column":29},"end":{"line":246,"column":1}},"line":159},"10":{"name":"(anonymous_10)","decl":{"start":{"line":196,"column":49},"end":{"line":196,"column":50}},"loc":{"start":{"line":196,"column":62},"end":{"line":196,"column":80}},"line":196},"11":{"name":"(anonymous_11)","decl":{"start":{"line":199,"column":56},"end":{"line":199,"column":57}},"loc":{"start":{"line":199,"column":61},"end":{"line":199,"column":74}},"line":199},"12":{"name":"(anonymous_12)","decl":{"start":{"line":200,"column":54},"end":{"line":200,"column":55}},"loc":{"start":{"line":200,"column":59},"end":{"line":200,"column":70}},"line":200},"13":{"name":"(anonymous_13)","decl":{"start":{"line":249,"column":12},"end":{"line":249,"column":13}},"loc":{"start":{"line":249,"column":18},"end":{"line":269,"column":1}},"line":249},"14":{"name":"(anonymous_14)","decl":{"start":{"line":257,"column":53},"end":{"line":257,"column":54}},"loc":{"start":{"line":257,"column":66},"end":{"line":257,"column":84}},"line":257},"15":{"name":"isAllowedReferer","decl":{"start":{"line":274,"column":9},"end":{"line":274,"column":25}},"loc":{"start":{"line":274,"column":35},"end":{"line":294,"column":1}},"line":274},"16":{"name":"(anonymous_16)","decl":{"start":{"line":281,"column":34},"end":{"line":281,"column":35}},"loc":{"start":{"line":281,"column":49},"end":{"line":288,"column":9}},"line":281},"17":{"name":"sanitizeParams","decl":{"start":{"line":304,"column":9},"end":{"line":304,"column":23}},"loc":{"start":{"line":304,"column":32},"end":{"line":325,"column":1}},"line":304},"18":{"name":"(anonymous_18)","decl":{"start":{"line":330,"column":81},"end":{"line":330,"column":82}},"loc":{"start":{"line":330,"column":95},"end":{"line":457,"column":1}},"line":330},"19":{"name":"(anonymous_19)","decl":{"start":{"line":331,"column":19},"end":{"line":331,"column":20}},"loc":{"start":{"line":331,"column":31},"end":{"line":456,"column":5}},"line":331},"20":{"name":"(anonymous_20)","decl":{"start":{"line":461,"column":51},"end":{"line":461,"column":52}},"loc":{"start":{"line":461,"column":65},"end":{"line":482,"column":1}},"line":461},"21":{"name":"(anonymous_21)","decl":{"start":{"line":462,"column":19},"end":{"line":462,"column":20}},"loc":{"start":{"line":462,"column":31},"end":{"line":481,"column":5}},"line":462},"22":{"name":"(anonymous_22)","decl":{"start":{"line":489,"column":11},"end":{"line":489,"column":12}},"loc":{"start":{"line":489,"column":30},"end":{"line":578,"column":5}},"line":489},"23":{"name":"(anonymous_23)","decl":{"start":{"line":513,"column":29},"end":{"line":513,"column":30}},"loc":{"start":{"line":513,"column":36},"end":{"line":549,"column":13}},"line":513},"24":{"name":"(anonymous_24)","decl":{"start":{"line":520,"column":67},"end":{"line":520,"column":68}},"loc":{"start":{"line":520,"column":86},"end":{"line":522,"column":25}},"line":520},"25":{"name":"(anonymous_25)","decl":{"start":{"line":526,"column":67},"end":{"line":526,"column":68}},"loc":{"start":{"line":526,"column":86},"end":{"line":528,"column":25}},"line":526},"26":{"name":"(anonymous_26)","decl":{"start":{"line":545,"column":40},"end":{"line":545,"column":41}},"loc":{"start":{"line":545,"column":57},"end":{"line":547,"column":21}},"line":545},"27":{"name":"(anonymous_27)","decl":{"start":{"line":552,"column":51},"end":{"line":552,"column":52}},"loc":{"start":{"line":552,"column":69},"end":{"line":552,"column":84}},"line":552},"28":{"name":"(anonymous_28)","decl":{"start":{"line":553,"column":33},"end":{"line":553,"column":34}},"loc":{"start":{"line":553,"column":43},"end":{"line":553,"column":60}},"line":553},"29":{"name":"(anonymous_29)","decl":{"start":{"line":554,"column":63},"end":{"line":554,"column":64}},"loc":{"start":{"line":554,"column":68},"end":{"line":554,"column":104}},"line":554},"30":{"name":"(anonymous_30)","decl":{"start":{"line":580,"column":52},"end":{"line":580,"column":53}},"loc":{"start":{"line":580,"column":66},"end":{"line":689,"column":1}},"line":580},"31":{"name":"(anonymous_31)","decl":{"start":{"line":581,"column":19},"end":{"line":581,"column":20}},"loc":{"start":{"line":581,"column":31},"end":{"line":688,"column":5}},"line":581},"32":{"name":"(anonymous_32)","decl":{"start":{"line":698,"column":15},"end":{"line":698,"column":16}},"loc":{"start":{"line":698,"column":34},"end":{"line":707,"column":88}},"line":698},"33":{"name":"(anonymous_33)","decl":{"start":{"line":711,"column":15},"end":{"line":711,"column":16}},"loc":{"start":{"line":711,"column":34},"end":{"line":725,"column":61}},"line":711},"34":{"name":"(anonymous_34)","decl":{"start":{"line":729,"column":15},"end":{"line":729,"column":16}},"loc":{"start":{"line":729,"column":34},"end":{"line":741,"column":74}},"line":729},"35":{"name":"(anonymous_35)","decl":{"start":{"line":745,"column":15},"end":{"line":745,"column":16}},"loc":{"start":{"line":745,"column":34},"end":{"line":759,"column":86}},"line":745},"36":{"name":"(anonymous_36)","decl":{"start":{"line":763,"column":15},"end":{"line":763,"column":16}},"loc":{"start":{"line":763,"column":34},"end":{"line":777,"column":68}},"line":763},"37":{"name":"(anonymous_37)","decl":{"start":{"line":781,"column":15},"end":{"line":781,"column":16}},"loc":{"start":{"line":781,"column":34},"end":{"line":793,"column":129}},"line":781},"38":{"name":"(anonymous_38)","decl":{"start":{"line":797,"column":15},"end":{"line":797,"column":16}},"loc":{"start":{"line":797,"column":34},"end":{"line":822,"column":282}},"line":797},"39":{"name":"(anonymous_39)","decl":{"start":{"line":827,"column":15},"end":{"line":827,"column":16}},"loc":{"start":{"line":827,"column":34},"end":{"line":845,"column":89}},"line":827},"40":{"name":"(anonymous_40)","decl":{"start":{"line":849,"column":15},"end":{"line":849,"column":16}},"loc":{"start":{"line":849,"column":34},"end":{"line":867,"column":44}},"line":849},"41":{"name":"(anonymous_41)","decl":{"start":{"line":871,"column":15},"end":{"line":871,"column":16}},"loc":{"start":{"line":871,"column":34},"end":{"line":888,"column":226}},"line":871},"42":{"name":"(anonymous_42)","decl":{"start":{"line":892,"column":15},"end":{"line":892,"column":16}},"loc":{"start":{"line":892,"column":34},"end":{"line":916,"column":53}},"line":892},"43":{"name":"(anonymous_43)","decl":{"start":{"line":920,"column":15},"end":{"line":920,"column":16}},"loc":{"start":{"line":920,"column":34},"end":{"line":937,"column":171}},"line":920},"44":{"name":"(anonymous_44)","decl":{"start":{"line":941,"column":15},"end":{"line":941,"column":16}},"loc":{"start":{"line":941,"column":34},"end":{"line":955,"column":69}},"line":941},"45":{"name":"(anonymous_45)","decl":{"start":{"line":959,"column":15},"end":{"line":959,"column":16}},"loc":{"start":{"line":959,"column":34},"end":{"line":971,"column":84}},"line":959},"46":{"name":"(anonymous_46)","decl":{"start":{"line":975,"column":15},"end":{"line":975,"column":16}},"loc":{"start":{"line":975,"column":34},"end":{"line":985,"column":58}},"line":975},"47":{"name":"(anonymous_47)","decl":{"start":{"line":989,"column":15},"end":{"line":989,"column":16}},"loc":{"start":{"line":989,"column":34},"end":{"line":1005,"column":66}},"line":989},"48":{"name":"(anonymous_48)","decl":{"start":{"line":1009,"column":15},"end":{"line":1009,"column":16}},"loc":{"start":{"line":1009,"column":34},"end":{"line":1025,"column":52}},"line":1009},"49":{"name":"(anonymous_49)","decl":{"start":{"line":1029,"column":15},"end":{"line":1029,"column":16}},"loc":{"start":{"line":1029,"column":34},"end":{"line":1047,"column":60}},"line":1029},"50":{"name":"(anonymous_50)","decl":{"start":{"line":1051,"column":15},"end":{"line":1051,"column":16}},"loc":{"start":{"line":1051,"column":34},"end":{"line":1069,"column":55}},"line":1051},"51":{"name":"(anonymous_51)","decl":{"start":{"line":1073,"column":15},"end":{"line":1073,"column":16}},"loc":{"start":{"line":1073,"column":34},"end":{"line":1088,"column":110}},"line":1073},"52":{"name":"(anonymous_52)","decl":{"start":{"line":1092,"column":15},"end":{"line":1092,"column":16}},"loc":{"start":{"line":1092,"column":34},"end":{"line":1116,"column":9}},"line":1092},"53":{"name":"(anonymous_53)","decl":{"start":{"line":1120,"column":15},"end":{"line":1120,"column":16}},"loc":{"start":{"line":1120,"column":34},"end":{"line":1136,"column":256}},"line":1120},"54":{"name":"(anonymous_54)","decl":{"start":{"line":1140,"column":15},"end":{"line":1140,"column":16}},"loc":{"start":{"line":1140,"column":34},"end":{"line":1156,"column":199}},"line":1140},"55":{"name":"(anonymous_55)","decl":{"start":{"line":1160,"column":15},"end":{"line":1160,"column":16}},"loc":{"start":{"line":1160,"column":34},"end":{"line":1181,"column":220}},"line":1160},"56":{"name":"(anonymous_56)","decl":{"start":{"line":1185,"column":15},"end":{"line":1185,"column":16}},"loc":{"start":{"line":1185,"column":34},"end":{"line":1199,"column":217}},"line":1185},"57":{"name":"(anonymous_57)","decl":{"start":{"line":1203,"column":80},"end":{"line":1203,"column":81}},"loc":{"start":{"line":1203,"column":94},"end":{"line":1339,"column":1}},"line":1203},"58":{"name":"(anonymous_58)","decl":{"start":{"line":1204,"column":19},"end":{"line":1204,"column":20}},"loc":{"start":{"line":1204,"column":31},"end":{"line":1338,"column":5}},"line":1204},"59":{"name":"(anonymous_59)","decl":{"start":{"line":1343,"column":50},"end":{"line":1343,"column":51}},"loc":{"start":{"line":1343,"column":64},"end":{"line":1412,"column":1}},"line":1343},"60":{"name":"(anonymous_60)","decl":{"start":{"line":1344,"column":19},"end":{"line":1344,"column":20}},"loc":{"start":{"line":1344,"column":31},"end":{"line":1411,"column":5}},"line":1344},"61":{"name":"(anonymous_61)","decl":{"start":{"line":1416,"column":52},"end":{"line":1416,"column":53}},"loc":{"start":{"line":1416,"column":66},"end":{"line":1532,"column":1}},"line":1416},"62":{"name":"(anonymous_62)","decl":{"start":{"line":1417,"column":19},"end":{"line":1417,"column":20}},"loc":{"start":{"line":1417,"column":31},"end":{"line":1531,"column":5}},"line":1417},"63":{"name":"(anonymous_63)","decl":{"start":{"line":1443,"column":29},"end":{"line":1443,"column":30}},"loc":{"start":{"line":1443,"column":36},"end":{"line":1450,"column":13}},"line":1443},"64":{"name":"(anonymous_64)","decl":{"start":{"line":1463,"column":42},"end":{"line":1463,"column":43}},"loc":{"start":{"line":1463,"column":51},"end":{"line":1512,"column":13}},"line":1463},"65":{"name":"(anonymous_65)","decl":{"start":{"line":1469,"column":68},"end":{"line":1469,"column":69}},"loc":{"start":{"line":1469,"column":87},"end":{"line":1471,"column":25}},"line":1469},"66":{"name":"(anonymous_66)","decl":{"start":{"line":1476,"column":68},"end":{"line":1476,"column":69}},"loc":{"start":{"line":1476,"column":87},"end":{"line":1478,"column":25}},"line":1476},"67":{"name":"(anonymous_67)","decl":{"start":{"line":1492,"column":70},"end":{"line":1492,"column":71}},"loc":{"start":{"line":1492,"column":91},"end":{"line":1502,"column":25}},"line":1492},"68":{"name":"(anonymous_68)","decl":{"start":{"line":1497,"column":76},"end":{"line":1497,"column":77}},"loc":{"start":{"line":1497,"column":99},"end":{"line":1500,"column":33}},"line":1497},"69":{"name":"(anonymous_69)","decl":{"start":{"line":1508,"column":41},"end":{"line":1508,"column":42}},"loc":{"start":{"line":1508,"column":58},"end":{"line":1510,"column":21}},"line":1508},"70":{"name":"(anonymous_70)","decl":{"start":{"line":1535,"column":51},"end":{"line":1535,"column":52}},"loc":{"start":{"line":1535,"column":65},"end":{"line":1578,"column":1}},"line":1535},"71":{"name":"(anonymous_71)","decl":{"start":{"line":1536,"column":19},"end":{"line":1536,"column":20}},"loc":{"start":{"line":1536,"column":31},"end":{"line":1577,"column":5}},"line":1536},"72":{"name":"(anonymous_72)","decl":{"start":{"line":1584,"column":58},"end":{"line":1584,"column":59}},"loc":{"start":{"line":1584,"column":72},"end":{"line":1678,"column":1}},"line":1584},"73":{"name":"(anonymous_73)","decl":{"start":{"line":1585,"column":19},"end":{"line":1585,"column":20}},"loc":{"start":{"line":1585,"column":31},"end":{"line":1677,"column":5}},"line":1585},"74":{"name":"(anonymous_74)","decl":{"start":{"line":1621,"column":44},"end":{"line":1621,"column":45}},"loc":{"start":{"line":1621,"column":65},"end":{"line":1642,"column":9}},"line":1621},"75":{"name":"(anonymous_75)","decl":{"start":{"line":1631,"column":48},"end":{"line":1631,"column":49}},"loc":{"start":{"line":1631,"column":55},"end":{"line":1638,"column":13}},"line":1631},"76":{"name":"(anonymous_76)","decl":{"start":{"line":1633,"column":29},"end":{"line":1633,"column":30}},"loc":{"start":{"line":1633,"column":34},"end":{"line":1633,"column":43}},"line":1633},"77":{"name":"(anonymous_77)","decl":{"start":{"line":1634,"column":28},"end":{"line":1634,"column":29}},"loc":{"start":{"line":1634,"column":34},"end":{"line":1637,"column":17}},"line":1634},"78":{"name":"(anonymous_78)","decl":{"start":{"line":1640,"column":35},"end":{"line":1640,"column":36}},"loc":{"start":{"line":1640,"column":41},"end":{"line":1640,"column":96}},"line":1640}},"branchMap":{"0":{"loc":{"start":{"line":18,"column":29},"end":{"line":18,"column":42}},"type":"default-arg","locations":[{"start":{"line":18,"column":40},"end":{"line":18,"column":42}}],"line":18},"1":{"loc":{"start":{"line":30,"column":4},"end":{"line":32,"column":5}},"type":"if","locations":[{"start":{"line":30,"column":4},"end":{"line":32,"column":5}},{"start":{},"end":{}}],"line":30},"2":{"loc":{"start":{"line":30,"column":8},"end":{"line":30,"column":93}},"type":"binary-expr","locations":[{"start":{"line":30,"column":8},"end":{"line":30,"column":43}},{"start":{"line":30,"column":47},"end":{"line":30,"column":93}}],"line":30},"3":{"loc":{"start":{"line":37,"column":4},"end":{"line":37,"column":51}},"type":"if","locations":[{"start":{"line":37,"column":4},"end":{"line":37,"column":51}},{"start":{},"end":{}}],"line":37},"4":{"loc":{"start":{"line":49,"column":12},"end":{"line":57,"column":13}},"type":"if","locations":[{"start":{"line":49,"column":12},"end":{"line":57,"column":13}},{"start":{},"end":{}}],"line":49},"5":{"loc":{"start":{"line":64,"column":16},"end":{"line":64,"column":78}},"type":"if","locations":[{"start":{"line":64,"column":16},"end":{"line":64,"column":78}},{"start":{},"end":{}}],"line":64},"6":{"loc":{"start":{"line":65,"column":16},"end":{"line":67,"column":17}},"type":"if","locations":[{"start":{"line":65,"column":16},"end":{"line":67,"column":17}},{"start":{},"end":{}}],"line":65},"7":{"loc":{"start":{"line":69,"column":52},"end":{"line":69,"column":89}},"type":"binary-expr","locations":[{"start":{"line":69,"column":52},"end":{"line":69,"column":84}},{"start":{"line":69,"column":88},"end":{"line":69,"column":89}}],"line":69},"8":{"loc":{"start":{"line":97,"column":37},"end":{"line":97,"column":50}},"type":"default-arg","locations":[{"start":{"line":97,"column":48},"end":{"line":97,"column":50}}],"line":97},"9":{"loc":{"start":{"line":111,"column":11},"end":{"line":111,"column":40}},"type":"cond-expr","locations":[{"start":{"line":111,"column":31},"end":{"line":111,"column":34}},{"start":{"line":111,"column":37},"end":{"line":111,"column":40}}],"line":111},"10":{"loc":{"start":{"line":137,"column":15},"end":{"line":138,"column":57}},"type":"binary-expr","locations":[{"start":{"line":137,"column":15},"end":{"line":137,"column":68}},{"start":{"line":138,"column":15},"end":{"line":138,"column":44}},{"start":{"line":138,"column":48},"end":{"line":138,"column":57}}],"line":137},"11":{"loc":{"start":{"line":150,"column":20},"end":{"line":150,"column":87}},"type":"binary-expr","locations":[{"start":{"line":150,"column":20},"end":{"line":150,"column":51}},{"start":{"line":150,"column":55},"end":{"line":150,"column":87}}],"line":150},"12":{"loc":{"start":{"line":152,"column":4},"end":{"line":152,"column":34}},"type":"if","locations":[{"start":{"line":152,"column":4},"end":{"line":152,"column":34}},{"start":{},"end":{}}],"line":152},"13":{"loc":{"start":{"line":153,"column":4},"end":{"line":153,"column":40}},"type":"if","locations":[{"start":{"line":153,"column":4},"end":{"line":153,"column":40}},{"start":{},"end":{}}],"line":153},"14":{"loc":{"start":{"line":166,"column":4},"end":{"line":169,"column":5}},"type":"if","locations":[{"start":{"line":166,"column":4},"end":{"line":169,"column":5}},{"start":{},"end":{}}],"line":166},"15":{"loc":{"start":{"line":172,"column":4},"end":{"line":179,"column":5}},"type":"if","locations":[{"start":{"line":172,"column":4},"end":{"line":179,"column":5}},{"start":{},"end":{}}],"line":172},"16":{"loc":{"start":{"line":182,"column":4},"end":{"line":184,"column":5}},"type":"if","locations":[{"start":{"line":182,"column":4},"end":{"line":184,"column":5}},{"start":{},"end":{}}],"line":182},"17":{"loc":{"start":{"line":204,"column":4},"end":{"line":211,"column":5}},"type":"if","locations":[{"start":{"line":204,"column":4},"end":{"line":211,"column":5}},{"start":{},"end":{}}],"line":204},"18":{"loc":{"start":{"line":214,"column":4},"end":{"line":221,"column":5}},"type":"if","locations":[{"start":{"line":214,"column":4},"end":{"line":221,"column":5}},{"start":{},"end":{}}],"line":214},"19":{"loc":{"start":{"line":224,"column":4},"end":{"line":231,"column":5}},"type":"if","locations":[{"start":{"line":224,"column":4},"end":{"line":231,"column":5}},{"start":{},"end":{}}],"line":224},"20":{"loc":{"start":{"line":260,"column":8},"end":{"line":263,"column":9}},"type":"if","locations":[{"start":{"line":260,"column":8},"end":{"line":263,"column":9}},{"start":{},"end":{}}],"line":260},"21":{"loc":{"start":{"line":266,"column":4},"end":{"line":268,"column":5}},"type":"if","locations":[{"start":{"line":266,"column":4},"end":{"line":268,"column":5}},{"start":{},"end":{}}],"line":266},"22":{"loc":{"start":{"line":275,"column":4},"end":{"line":275,"column":30}},"type":"if","locations":[{"start":{"line":275,"column":4},"end":{"line":275,"column":30}},{"start":{},"end":{}}],"line":275},"23":{"loc":{"start":{"line":284,"column":12},"end":{"line":284,"column":52}},"type":"if","locations":[{"start":{"line":284,"column":12},"end":{"line":284,"column":52}},{"start":{},"end":{}}],"line":284},"24":{"loc":{"start":{"line":286,"column":12},"end":{"line":286,"column":64}},"type":"if","locations":[{"start":{"line":286,"column":12},"end":{"line":286,"column":64}},{"start":{},"end":{}}],"line":286},"25":{"loc":{"start":{"line":305,"column":4},"end":{"line":305,"column":82}},"type":"if","locations":[{"start":{"line":305,"column":4},"end":{"line":305,"column":82}},{"start":{},"end":{}}],"line":305},"26":{"loc":{"start":{"line":305,"column":8},"end":{"line":305,"column":70}},"type":"binary-expr","locations":[{"start":{"line":305,"column":8},"end":{"line":305,"column":15}},{"start":{"line":305,"column":19},"end":{"line":305,"column":45}},{"start":{"line":305,"column":49},"end":{"line":305,"column":70}}],"line":305},"27":{"loc":{"start":{"line":308,"column":8},"end":{"line":322,"column":9}},"type":"if","locations":[{"start":{"line":308,"column":8},"end":{"line":322,"column":9}},{"start":{"line":309,"column":13},"end":{"line":322,"column":9}}],"line":308},"28":{"loc":{"start":{"line":309,"column":13},"end":{"line":322,"column":9}},"type":"if","locations":[{"start":{"line":309,"column":13},"end":{"line":322,"column":9}},{"start":{"line":319,"column":13},"end":{"line":322,"column":9}}],"line":309},"29":{"loc":{"start":{"line":310,"column":12},"end":{"line":317,"column":13}},"type":"if","locations":[{"start":{"line":310,"column":12},"end":{"line":317,"column":13}},{"start":{},"end":{}}],"line":310},"30":{"loc":{"start":{"line":312,"column":16},"end":{"line":316,"column":17}},"type":"if","locations":[{"start":{"line":312,"column":16},"end":{"line":316,"column":17}},{"start":{"line":314,"column":23},"end":{"line":316,"column":17}}],"line":312},"31":{"loc":{"start":{"line":319,"column":13},"end":{"line":322,"column":9}},"type":"if","locations":[{"start":{"line":319,"column":13},"end":{"line":322,"column":9}},{"start":{},"end":{}}],"line":319},"32":{"loc":{"start":{"line":320,"column":12},"end":{"line":321,"column":65}},"type":"if","locations":[{"start":{"line":320,"column":12},"end":{"line":321,"column":65}},{"start":{"line":321,"column":17},"end":{"line":321,"column":65}}],"line":320},"33":{"loc":{"start":{"line":320,"column":41},"end":{"line":320,"column":99}},"type":"if","locations":[{"start":{"line":320,"column":41},"end":{"line":320,"column":99}},{"start":{},"end":{}}],"line":320},"34":{"loc":{"start":{"line":332,"column":8},"end":{"line":334,"column":9}},"type":"if","locations":[{"start":{"line":332,"column":8},"end":{"line":334,"column":9}},{"start":{},"end":{}}],"line":332},"35":{"loc":{"start":{"line":341,"column":8},"end":{"line":344,"column":9}},"type":"if","locations":[{"start":{"line":341,"column":8},"end":{"line":344,"column":9}},{"start":{},"end":{}}],"line":341},"36":{"loc":{"start":{"line":348,"column":8},"end":{"line":357,"column":9}},"type":"if","locations":[{"start":{"line":348,"column":8},"end":{"line":357,"column":9}},{"start":{},"end":{}}],"line":348},"37":{"loc":{"start":{"line":350,"column":47},"end":{"line":350,"column":74}},"type":"binary-expr","locations":[{"start":{"line":350,"column":47},"end":{"line":350,"column":61}},{"start":{"line":350,"column":65},"end":{"line":350,"column":74}}],"line":350},"38":{"loc":{"start":{"line":352,"column":36},"end":{"line":352,"column":76}},"type":"binary-expr","locations":[{"start":{"line":352,"column":36},"end":{"line":352,"column":68}},{"start":{"line":352,"column":72},"end":{"line":352,"column":76}}],"line":352},"39":{"loc":{"start":{"line":360,"column":8},"end":{"line":365,"column":9}},"type":"if","locations":[{"start":{"line":360,"column":8},"end":{"line":365,"column":9}},{"start":{},"end":{}}],"line":360},"40":{"loc":{"start":{"line":371,"column":25},"end":{"line":371,"column":93}},"type":"cond-expr","locations":[{"start":{"line":371,"column":45},"end":{"line":371,"column":51}},{"start":{"line":371,"column":54},"end":{"line":371,"column":93}}],"line":371},"41":{"loc":{"start":{"line":371,"column":54},"end":{"line":371,"column":93}},"type":"cond-expr","locations":[{"start":{"line":371,"column":74},"end":{"line":371,"column":83}},{"start":{"line":371,"column":86},"end":{"line":371,"column":93}}],"line":371},"42":{"loc":{"start":{"line":375,"column":23},"end":{"line":375,"column":87}},"type":"binary-expr","locations":[{"start":{"line":375,"column":23},"end":{"line":375,"column":57}},{"start":{"line":375,"column":61},"end":{"line":375,"column":87}}],"line":375},"43":{"loc":{"start":{"line":377,"column":8},"end":{"line":380,"column":9}},"type":"if","locations":[{"start":{"line":377,"column":8},"end":{"line":380,"column":9}},{"start":{},"end":{}}],"line":377},"44":{"loc":{"start":{"line":387,"column":22},"end":{"line":387,"column":58}},"type":"binary-expr","locations":[{"start":{"line":387,"column":22},"end":{"line":387,"column":27}},{"start":{"line":387,"column":31},"end":{"line":387,"column":58}}],"line":387},"45":{"loc":{"start":{"line":405,"column":12},"end":{"line":424,"column":13}},"type":"if","locations":[{"start":{"line":405,"column":12},"end":{"line":424,"column":13}},{"start":{},"end":{}}],"line":405},"46":{"loc":{"start":{"line":411,"column":16},"end":{"line":417,"column":17}},"type":"if","locations":[{"start":{"line":411,"column":16},"end":{"line":417,"column":17}},{"start":{"line":413,"column":23},"end":{"line":417,"column":17}}],"line":411},"47":{"loc":{"start":{"line":413,"column":23},"end":{"line":417,"column":17}},"type":"if","locations":[{"start":{"line":413,"column":23},"end":{"line":417,"column":17}},{"start":{"line":415,"column":23},"end":{"line":417,"column":17}}],"line":413},"48":{"loc":{"start":{"line":415,"column":23},"end":{"line":417,"column":17}},"type":"if","locations":[{"start":{"line":415,"column":23},"end":{"line":417,"column":17}},{"start":{},"end":{}}],"line":415},"49":{"loc":{"start":{"line":421,"column":31},"end":{"line":421,"column":80}},"type":"binary-expr","locations":[{"start":{"line":421,"column":31},"end":{"line":421,"column":54}},{"start":{"line":421,"column":58},"end":{"line":421,"column":80}}],"line":421},"50":{"loc":{"start":{"line":422,"column":32},"end":{"line":422,"column":67}},"type":"cond-expr","locations":[{"start":{"line":422,"column":58},"end":{"line":422,"column":60}},{"start":{"line":422,"column":63},"end":{"line":422,"column":67}}],"line":422},"51":{"loc":{"start":{"line":427,"column":34},"end":{"line":427,"column":109}},"type":"binary-expr","locations":[{"start":{"line":427,"column":34},"end":{"line":427,"column":81}},{"start":{"line":427,"column":85},"end":{"line":427,"column":109}}],"line":427},"52":{"loc":{"start":{"line":433,"column":30},"end":{"line":433,"column":119}},"type":"cond-expr","locations":[{"start":{"line":433,"column":60},"end":{"line":433,"column":67}},{"start":{"line":433,"column":70},"end":{"line":433,"column":119}}],"line":433},"53":{"loc":{"start":{"line":433,"column":70},"end":{"line":433,"column":119}},"type":"cond-expr","locations":[{"start":{"line":433,"column":99},"end":{"line":433,"column":109}},{"start":{"line":433,"column":112},"end":{"line":433,"column":119}}],"line":433},"54":{"loc":{"start":{"line":442,"column":12},"end":{"line":448,"column":13}},"type":"if","locations":[{"start":{"line":442,"column":12},"end":{"line":448,"column":13}},{"start":{},"end":{}}],"line":442},"55":{"loc":{"start":{"line":463,"column":8},"end":{"line":465,"column":9}},"type":"if","locations":[{"start":{"line":463,"column":8},"end":{"line":465,"column":9}},{"start":{},"end":{}}],"line":463},"56":{"loc":{"start":{"line":469,"column":8},"end":{"line":471,"column":9}},"type":"if","locations":[{"start":{"line":469,"column":8},"end":{"line":471,"column":9}},{"start":{},"end":{}}],"line":469},"57":{"loc":{"start":{"line":474,"column":8},"end":{"line":478,"column":9}},"type":"if","locations":[{"start":{"line":474,"column":8},"end":{"line":478,"column":9}},{"start":{"line":476,"column":15},"end":{"line":478,"column":9}}],"line":474},"58":{"loc":{"start":{"line":474,"column":12},"end":{"line":474,"column":52}},"type":"binary-expr","locations":[{"start":{"line":474,"column":12},"end":{"line":474,"column":34}},{"start":{"line":474,"column":38},"end":{"line":474,"column":44}},{"start":{"line":474,"column":48},"end":{"line":474,"column":52}}],"line":474},"59":{"loc":{"start":{"line":475,"column":40},"end":{"line":475,"column":54}},"type":"binary-expr","locations":[{"start":{"line":475,"column":40},"end":{"line":475,"column":48}},{"start":{"line":475,"column":52},"end":{"line":475,"column":54}}],"line":475},"60":{"loc":{"start":{"line":477,"column":28},"end":{"line":477,"column":42}},"type":"binary-expr","locations":[{"start":{"line":477,"column":28},"end":{"line":477,"column":36}},{"start":{"line":477,"column":40},"end":{"line":477,"column":42}}],"line":477},"61":{"loc":{"start":{"line":516,"column":16},"end":{"line":530,"column":17}},"type":"if","locations":[{"start":{"line":516,"column":16},"end":{"line":530,"column":17}},{"start":{},"end":{}}],"line":516},"62":{"loc":{"start":{"line":517,"column":45},"end":{"line":517,"column":60}},"type":"binary-expr","locations":[{"start":{"line":517,"column":45},"end":{"line":517,"column":55}},{"start":{"line":517,"column":59},"end":{"line":517,"column":60}}],"line":517},"63":{"loc":{"start":{"line":519,"column":20},"end":{"line":523,"column":21}},"type":"if","locations":[{"start":{"line":519,"column":20},"end":{"line":523,"column":21}},{"start":{},"end":{}}],"line":519},"64":{"loc":{"start":{"line":521,"column":55},"end":{"line":521,"column":83}},"type":"binary-expr","locations":[{"start":{"line":521,"column":55},"end":{"line":521,"column":78}},{"start":{"line":521,"column":82},"end":{"line":521,"column":83}}],"line":521},"65":{"loc":{"start":{"line":525,"column":20},"end":{"line":529,"column":21}},"type":"if","locations":[{"start":{"line":525,"column":20},"end":{"line":529,"column":21}},{"start":{},"end":{}}],"line":525},"66":{"loc":{"start":{"line":527,"column":62},"end":{"line":527,"column":97}},"type":"binary-expr","locations":[{"start":{"line":527,"column":62},"end":{"line":527,"column":92}},{"start":{"line":527,"column":96},"end":{"line":527,"column":97}}],"line":527},"67":{"loc":{"start":{"line":532,"column":16},"end":{"line":534,"column":17}},"type":"if","locations":[{"start":{"line":532,"column":16},"end":{"line":534,"column":17}},{"start":{},"end":{}}],"line":532},"68":{"loc":{"start":{"line":533,"column":50},"end":{"line":533,"column":65}},"type":"binary-expr","locations":[{"start":{"line":533,"column":50},"end":{"line":533,"column":60}},{"start":{"line":533,"column":64},"end":{"line":533,"column":65}}],"line":533},"69":{"loc":{"start":{"line":536,"column":16},"end":{"line":538,"column":17}},"type":"if","locations":[{"start":{"line":536,"column":16},"end":{"line":538,"column":17}},{"start":{},"end":{}}],"line":536},"70":{"loc":{"start":{"line":537,"column":45},"end":{"line":537,"column":60}},"type":"binary-expr","locations":[{"start":{"line":537,"column":45},"end":{"line":537,"column":55}},{"start":{"line":537,"column":59},"end":{"line":537,"column":60}}],"line":537},"71":{"loc":{"start":{"line":540,"column":16},"end":{"line":542,"column":17}},"type":"if","locations":[{"start":{"line":540,"column":16},"end":{"line":542,"column":17}},{"start":{},"end":{}}],"line":540},"72":{"loc":{"start":{"line":540,"column":20},"end":{"line":540,"column":86}},"type":"binary-expr","locations":[{"start":{"line":540,"column":20},"end":{"line":540,"column":46}},{"start":{"line":540,"column":50},"end":{"line":540,"column":86}}],"line":540},"73":{"loc":{"start":{"line":541,"column":46},"end":{"line":541,"column":61}},"type":"binary-expr","locations":[{"start":{"line":541,"column":46},"end":{"line":541,"column":56}},{"start":{"line":541,"column":60},"end":{"line":541,"column":61}}],"line":541},"74":{"loc":{"start":{"line":544,"column":16},"end":{"line":548,"column":17}},"type":"if","locations":[{"start":{"line":544,"column":16},"end":{"line":548,"column":17}},{"start":{},"end":{}}],"line":544},"75":{"loc":{"start":{"line":557,"column":34},"end":{"line":559,"column":22}},"type":"cond-expr","locations":[{"start":{"line":558,"column":18},"end":{"line":558,"column":95}},{"start":{"line":559,"column":18},"end":{"line":559,"column":22}}],"line":557},"76":{"loc":{"start":{"line":582,"column":8},"end":{"line":584,"column":9}},"type":"if","locations":[{"start":{"line":582,"column":8},"end":{"line":584,"column":9}},{"start":{},"end":{}}],"line":582},"77":{"loc":{"start":{"line":590,"column":8},"end":{"line":592,"column":9}},"type":"if","locations":[{"start":{"line":590,"column":8},"end":{"line":592,"column":9}},{"start":{},"end":{}}],"line":590},"78":{"loc":{"start":{"line":596,"column":8},"end":{"line":605,"column":9}},"type":"if","locations":[{"start":{"line":596,"column":8},"end":{"line":605,"column":9}},{"start":{},"end":{}}],"line":596},"79":{"loc":{"start":{"line":598,"column":47},"end":{"line":598,"column":74}},"type":"binary-expr","locations":[{"start":{"line":598,"column":47},"end":{"line":598,"column":61}},{"start":{"line":598,"column":65},"end":{"line":598,"column":74}}],"line":598},"80":{"loc":{"start":{"line":600,"column":36},"end":{"line":600,"column":76}},"type":"binary-expr","locations":[{"start":{"line":600,"column":36},"end":{"line":600,"column":68}},{"start":{"line":600,"column":72},"end":{"line":600,"column":76}}],"line":600},"81":{"loc":{"start":{"line":614,"column":23},"end":{"line":614,"column":87}},"type":"binary-expr","locations":[{"start":{"line":614,"column":23},"end":{"line":614,"column":57}},{"start":{"line":614,"column":61},"end":{"line":614,"column":87}}],"line":614},"82":{"loc":{"start":{"line":615,"column":8},"end":{"line":615,"column":79}},"type":"if","locations":[{"start":{"line":615,"column":8},"end":{"line":615,"column":79}},{"start":{},"end":{}}],"line":615},"83":{"loc":{"start":{"line":646,"column":12},"end":{"line":662,"column":13}},"type":"if","locations":[{"start":{"line":646,"column":12},"end":{"line":662,"column":13}},{"start":{},"end":{}}],"line":646},"84":{"loc":{"start":{"line":651,"column":16},"end":{"line":655,"column":17}},"type":"if","locations":[{"start":{"line":651,"column":16},"end":{"line":655,"column":17}},{"start":{"line":653,"column":23},"end":{"line":655,"column":17}}],"line":651},"85":{"loc":{"start":{"line":653,"column":23},"end":{"line":655,"column":17}},"type":"if","locations":[{"start":{"line":653,"column":23},"end":{"line":655,"column":17}},{"start":{},"end":{}}],"line":653},"86":{"loc":{"start":{"line":660,"column":32},"end":{"line":660,"column":64}},"type":"cond-expr","locations":[{"start":{"line":660,"column":58},"end":{"line":660,"column":60}},{"start":{"line":660,"column":63},"end":{"line":660,"column":64}}],"line":660},"87":{"loc":{"start":{"line":675,"column":12},"end":{"line":680,"column":13}},"type":"if","locations":[{"start":{"line":675,"column":12},"end":{"line":680,"column":13}},{"start":{},"end":{}}],"line":675},"88":{"loc":{"start":{"line":698,"column":101},"end":{"line":698,"column":133}},"type":"binary-expr","locations":[{"start":{"line":698,"column":101},"end":{"line":698,"column":114}},{"start":{"line":698,"column":118},"end":{"line":698,"column":133}}],"line":698},"89":{"loc":{"start":{"line":700,"column":2},"end":{"line":700,"column":63}},"type":"cond-expr","locations":[{"start":{"line":700,"column":18},"end":{"line":700,"column":58}},{"start":{"line":700,"column":61},"end":{"line":700,"column":63}}],"line":700},"90":{"loc":{"start":{"line":711,"column":82},"end":{"line":711,"column":111}},"type":"binary-expr","locations":[{"start":{"line":711,"column":82},"end":{"line":711,"column":93}},{"start":{"line":711,"column":97},"end":{"line":711,"column":111}}],"line":711},"91":{"loc":{"start":{"line":714,"column":2},"end":{"line":714,"column":58}},"type":"cond-expr","locations":[{"start":{"line":714,"column":21},"end":{"line":714,"column":53}},{"start":{"line":714,"column":56},"end":{"line":714,"column":58}}],"line":714},"92":{"loc":{"start":{"line":715,"column":2},"end":{"line":715,"column":52}},"type":"cond-expr","locations":[{"start":{"line":715,"column":19},"end":{"line":715,"column":47}},{"start":{"line":715,"column":50},"end":{"line":715,"column":52}}],"line":715},"93":{"loc":{"start":{"line":729,"column":102},"end":{"line":729,"column":121}},"type":"binary-expr","locations":[{"start":{"line":729,"column":102},"end":{"line":729,"column":114}},{"start":{"line":729,"column":118},"end":{"line":729,"column":121}}],"line":729},"94":{"loc":{"start":{"line":729,"column":125},"end":{"line":729,"column":154}},"type":"binary-expr","locations":[{"start":{"line":729,"column":125},"end":{"line":729,"column":140}},{"start":{"line":729,"column":144},"end":{"line":729,"column":154}}],"line":729},"95":{"loc":{"start":{"line":735,"column":19},"end":{"line":735,"column":42}},"type":"binary-expr","locations":[{"start":{"line":735,"column":19},"end":{"line":735,"column":35}},{"start":{"line":735,"column":39},"end":{"line":735,"column":42}}],"line":735},"96":{"loc":{"start":{"line":735,"column":58},"end":{"line":735,"column":87}},"type":"binary-expr","locations":[{"start":{"line":735,"column":58},"end":{"line":735,"column":73}},{"start":{"line":735,"column":77},"end":{"line":735,"column":87}}],"line":735},"97":{"loc":{"start":{"line":748,"column":2},"end":{"line":748,"column":62}},"type":"cond-expr","locations":[{"start":{"line":748,"column":20},"end":{"line":748,"column":57}},{"start":{"line":748,"column":60},"end":{"line":748,"column":62}}],"line":748},"98":{"loc":{"start":{"line":749,"column":2},"end":{"line":749,"column":79}},"type":"cond-expr","locations":[{"start":{"line":749,"column":16},"end":{"line":749,"column":38}},{"start":{"line":749,"column":41},"end":{"line":749,"column":79}}],"line":749},"99":{"loc":{"start":{"line":755,"column":4},"end":{"line":755,"column":42}},"type":"binary-expr","locations":[{"start":{"line":755,"column":4},"end":{"line":755,"column":17}},{"start":{"line":755,"column":21},"end":{"line":755,"column":42}}],"line":755},"100":{"loc":{"start":{"line":765,"column":8},"end":{"line":765,"column":29}},"type":"binary-expr","locations":[{"start":{"line":765,"column":8},"end":{"line":765,"column":23}},{"start":{"line":765,"column":27},"end":{"line":765,"column":29}}],"line":765},"101":{"loc":{"start":{"line":781,"column":66},"end":{"line":781,"column":85}},"type":"binary-expr","locations":[{"start":{"line":781,"column":66},"end":{"line":781,"column":78}},{"start":{"line":781,"column":82},"end":{"line":781,"column":85}}],"line":781},"102":{"loc":{"start":{"line":784,"column":2},"end":{"line":784,"column":71}},"type":"cond-expr","locations":[{"start":{"line":784,"column":19},"end":{"line":784,"column":66}},{"start":{"line":784,"column":69},"end":{"line":784,"column":71}}],"line":784},"103":{"loc":{"start":{"line":827,"column":156},"end":{"line":827,"column":180}},"type":"binary-expr","locations":[{"start":{"line":827,"column":156},"end":{"line":827,"column":167}},{"start":{"line":827,"column":171},"end":{"line":827,"column":180}}],"line":827},"104":{"loc":{"start":{"line":832,"column":2},"end":{"line":832,"column":71}},"type":"cond-expr","locations":[{"start":{"line":832,"column":21},"end":{"line":832,"column":66}},{"start":{"line":832,"column":69},"end":{"line":832,"column":71}}],"line":832},"105":{"loc":{"start":{"line":833,"column":2},"end":{"line":833,"column":50}},"type":"cond-expr","locations":[{"start":{"line":833,"column":16},"end":{"line":833,"column":45}},{"start":{"line":833,"column":48},"end":{"line":833,"column":50}}],"line":833},"106":{"loc":{"start":{"line":849,"column":116},"end":{"line":849,"column":140}},"type":"binary-expr","locations":[{"start":{"line":849,"column":116},"end":{"line":849,"column":127}},{"start":{"line":849,"column":131},"end":{"line":849,"column":140}}],"line":849},"107":{"loc":{"start":{"line":854,"column":2},"end":{"line":854,"column":50}},"type":"cond-expr","locations":[{"start":{"line":854,"column":16},"end":{"line":854,"column":45}},{"start":{"line":854,"column":48},"end":{"line":854,"column":50}}],"line":854},"108":{"loc":{"start":{"line":855,"column":2},"end":{"line":855,"column":61}},"type":"cond-expr","locations":[{"start":{"line":855,"column":21},"end":{"line":855,"column":56}},{"start":{"line":855,"column":59},"end":{"line":855,"column":61}}],"line":855},"109":{"loc":{"start":{"line":871,"column":139},"end":{"line":871,"column":173}},"type":"binary-expr","locations":[{"start":{"line":871,"column":139},"end":{"line":871,"column":153}},{"start":{"line":871,"column":157},"end":{"line":871,"column":173}}],"line":871},"110":{"loc":{"start":{"line":876,"column":2},"end":{"line":876,"column":87}},"type":"cond-expr","locations":[{"start":{"line":876,"column":19},"end":{"line":876,"column":53}},{"start":{"line":876,"column":56},"end":{"line":876,"column":87}}],"line":876},"111":{"loc":{"start":{"line":877,"column":2},"end":{"line":877,"column":70}},"type":"cond-expr","locations":[{"start":{"line":877,"column":24},"end":{"line":877,"column":65}},{"start":{"line":877,"column":68},"end":{"line":877,"column":70}}],"line":877},"112":{"loc":{"start":{"line":897,"column":2},"end":{"line":897,"column":95}},"type":"cond-expr","locations":[{"start":{"line":897,"column":23},"end":{"line":897,"column":67}},{"start":{"line":897,"column":70},"end":{"line":897,"column":95}}],"line":897},"113":{"loc":{"start":{"line":898,"column":2},"end":{"line":898,"column":54}},"type":"cond-expr","locations":[{"start":{"line":898,"column":21},"end":{"line":898,"column":49}},{"start":{"line":898,"column":52},"end":{"line":898,"column":54}}],"line":898},"114":{"loc":{"start":{"line":925,"column":2},"end":{"line":925,"column":63}},"type":"cond-expr","locations":[{"start":{"line":925,"column":21},"end":{"line":925,"column":58}},{"start":{"line":925,"column":61},"end":{"line":925,"column":63}}],"line":925},"115":{"loc":{"start":{"line":946,"column":2},"end":{"line":946,"column":50}},"type":"cond-expr","locations":[{"start":{"line":946,"column":16},"end":{"line":946,"column":45}},{"start":{"line":946,"column":48},"end":{"line":946,"column":50}}],"line":946},"116":{"loc":{"start":{"line":959,"column":80},"end":{"line":959,"column":99}},"type":"binary-expr","locations":[{"start":{"line":959,"column":80},"end":{"line":959,"column":92}},{"start":{"line":959,"column":96},"end":{"line":959,"column":99}}],"line":959},"117":{"loc":{"start":{"line":962,"column":2},"end":{"line":962,"column":46}},"type":"cond-expr","locations":[{"start":{"line":962,"column":17},"end":{"line":962,"column":41}},{"start":{"line":962,"column":44},"end":{"line":962,"column":46}}],"line":962},"118":{"loc":{"start":{"line":975,"column":96},"end":{"line":975,"column":129}},"type":"binary-expr","locations":[{"start":{"line":975,"column":96},"end":{"line":975,"column":107}},{"start":{"line":975,"column":111},"end":{"line":975,"column":129}}],"line":975},"119":{"loc":{"start":{"line":977,"column":2},"end":{"line":977,"column":73}},"type":"cond-expr","locations":[{"start":{"line":977,"column":32},"end":{"line":977,"column":68}},{"start":{"line":977,"column":71},"end":{"line":977,"column":73}}],"line":977},"120":{"loc":{"start":{"line":978,"column":2},"end":{"line":978,"column":74}},"type":"cond-expr","locations":[{"start":{"line":978,"column":31},"end":{"line":978,"column":69}},{"start":{"line":978,"column":72},"end":{"line":978,"column":74}}],"line":978},"121":{"loc":{"start":{"line":989,"column":129},"end":{"line":989,"column":165}},"type":"binary-expr","locations":[{"start":{"line":989,"column":129},"end":{"line":989,"column":141}},{"start":{"line":989,"column":145},"end":{"line":989,"column":165}}],"line":989},"122":{"loc":{"start":{"line":992,"column":2},"end":{"line":992,"column":85}},"type":"cond-expr","locations":[{"start":{"line":992,"column":16},"end":{"line":992,"column":44}},{"start":{"line":992,"column":47},"end":{"line":992,"column":85}}],"line":992},"123":{"loc":{"start":{"line":993,"column":2},"end":{"line":993,"column":51}},"type":"cond-expr","locations":[{"start":{"line":993,"column":15},"end":{"line":993,"column":46
[...]
e":140,"column":72}},{"start":{},"end":{}}],"line":140},"15":{"loc":{"start":{"line":142,"column":4},"end":{"line":142,"column":96}},"type":"if","locations":[{"start":{"line":142,"column":4},"end":{"line":142,"column":96}},{"start":{},"end":{}}],"line":142},"16":{"loc":{"start":{"line":146,"column":4},"end":{"line":156,"column":5}},"type":"if","locations":[{"start":{"line":146,"column":4},"end":{"line":156,"column":5}},{"start":{"line":148,"column":11},"end":{"line":156,"column":5}}],"line":146},"17":{"loc":{"start":{"line":146,"column":8},"end":{"line":146,"column":62}},"type":"binary-expr","locations":[{"start":{"line":146,"column":8},"end":{"line":146,"column":20}},{"start":{"line":146,"column":24},"end":{"line":146,"column":62}}],"line":146},"18":{"loc":{"start":{"line":148,"column":11},"end":{"line":156,"column":5}},"type":"if","locations":[{"start":{"line":148,"column":11},"end":{"line":156,"column":5}},{"start":{"line":150,"column":11},"end":{"line":156,"column":5}}],"line":148},"19":{"loc":{"start":{"line":150,"column":11},"end":{"line":156,"column":5}},"type":"if","locations":[{"start":{"line":150,"column":11},"end":{"line":156,"column":5}},{"start":{"line":152,"column":11},"end":{"line":156,"column":5}}],"line":150},"20":{"loc":{"start":{"line":152,"column":11},"end":{"line":156,"column":5}},"type":"if","locations":[{"start":{"line":152,"column":11},"end":{"line":156,"column":5}},{"start":{"line":154,"column":11},"end":{"line":156,"column":5}}],"line":152},"21":{"loc":{"start":{"line":176,"column":4},"end":{"line":182,"column":5}},"type":"if","locations":[{"start":{"line":176,"column":4},"end":{"line":182,"column":5}},{"start":{"line":178,"column":11},"end":{"line":182,"column":5}}],"line":176},"22":{"loc":{"start":{"line":178,"column":11},"end":{"line":182,"column":5}},"type":"if","locations":[{"start":{"line":178,"column":11},"end":{"line":182,"column":5}},{"start":{"line":180,"column":11},"end":{"line":182,"column":5}}],"line":178},"23":{"loc":{"start":{"line":193,"column":4},"end":{"line":198,"column":5}},"type":"if","locations":[{"start":{"line":193,"column":4},"end":{"line":198,"column":5}},{"start":{"line":196,"column":11},"end":{"line":198,"column":5}}],"line":193},"24":{"loc":{"start":{"line":202,"column":4},"end":{"line":202,"column":84}},"type":"if","locations":[{"start":{"line":202,"column":4},"end":{"line":202,"column":84}},{"start":{},"end":{}}],"line":202},"25":{"loc":{"start":{"line":203,"column":4},"end":{"line":203,"column":54}},"type":"if","locations":[{"start":{"line":203,"column":4},"end":{"line":203,"column":54}},{"start":{},"end":{}}],"line":203},"26":{"loc":{"start":{"line":204,"column":4},"end":{"line":204,"column":45}},"type":"if","locations":[{"start":{"line":204,"column":4},"end":{"line":204,"column":45}},{"start":{},"end":{}}],"line":204},"27":{"loc":{"start":{"line":205,"column":4},"end":{"line":205,"column":57}},"type":"if","locations":[{"start":{"line":205,"column":4},"end":{"line":205,"column":57}},{"start":{},"end":{}}],"line":205},"28":{"loc":{"start":{"line":206,"column":4},"end":{"line":208,"column":5}},"type":"if","locations":[{"start":{"line":206,"column":4},"end":{"line":208,"column":5}},{"start":{},"end":{}}],"line":206},"29":{"loc":{"start":{"line":206,"column":8},"end":{"line":206,"column":74}},"type":"binary-expr","locations":[{"start":{"line":206,"column":8},"end":{"line":206,"column":23}},{"start":{"line":206,"column":27},"end":{"line":206,"column":35}},{"start":{"line":206,"column":39},"end":{"line":206,"column":47}},{"start":{"line":206,"column":51},"end":{"line":206,"column":60}},{"start":{"line":206,"column":64},"end":{"line":206,"column":74}}],"line":206},"30":{"loc":{"start":{"line":209,"column":4},"end":{"line":209,"column":105}},"type":"if","locations":[{"start":{"line":209,"column":4},"end":{"line":209,"column":105}},{"start":{},"end":{}}],"line":209},"31":{"loc":{"start":{"line":225,"column":49},"end":{"line":225,"column":67}},"type":"cond-expr","locations":[{"start":{"line":225,"column":58},"end":{"line":225,"column":61}},{"start":{"line":225,"column":64},"end":{"line":225,"column":67}}],"line":225},"32":{"loc":{"start":{"line":229,"column":4},"end":{"line":229,"column":57}},"type":"if","locations":[{"start":{"line":229,"column":4},"end":{"line":229,"column":57}},{"start":{},"end":{}}],"line":229},"33":{"loc":{"start":{"line":229,"column":8},"end":{"line":229,"column":44}},"type":"binary-expr","locations":[{"start":{"line":229,"column":8},"end":{"line":229,"column":26}},{"start":{"line":229,"column":30},"end":{"line":229,"column":44}}],"line":229},"34":{"loc":{"start":{"line":230,"column":4},"end":{"line":230,"column":42}},"type":"if","locations":[{"start":{"line":230,"column":4},"end":{"line":230,"column":42}},{"start":{},"end":{}}],"line":230},"35":{"loc":{"start":{"line":231,"column":4},"end":{"line":231,"column":38}},"type":"if","locations":[{"start":{"line":231,"column":4},"end":{"line":231,"column":38}},{"start":{},"end":{}}],"line":231},"36":{"loc":{"start":{"line":232,"column":4},"end":{"line":232,"column":57}},"type":"if","locations":[{"start":{"line":232,"column":4},"end":{"line":232,"column":57}},{"start":{},"end":{}}],"line":232},"37":{"loc":{"start":{"line":233,"column":4},"end":{"line":233,"column":64}},"type":"if","locations":[{"start":{"line":233,"column":4},"end":{"line":233,"column":64}},{"start":{},"end":{}}],"line":233},"38":{"loc":{"start":{"line":234,"column":4},"end":{"line":234,"column":67}},"type":"if","locations":[{"start":{"line":234,"column":4},"end":{"line":234,"column":67}},{"start":{},"end":{}}],"line":234},"39":{"loc":{"start":{"line":235,"column":4},"end":{"line":235,"column":75}},"type":"if","locations":[{"start":{"line":235,"column":4},"end":{"line":235,"column":75}},{"start":{},"end":{}}],"line":235},"40":{"loc":{"start":{"line":236,"column":4},"end":{"line":236,"column":89}},"type":"if","locations":[{"start":{"line":236,"column":4},"end":{"line":236,"column":89}},{"start":{},"end":{}}],"line":236},"41":{"loc":{"start":{"line":237,"column":4},"end":{"line":237,"column":96}},"type":"if","locations":[{"start":{"line":237,"column":4},"end":{"line":237,"column":96}},{"start":{},"end":{}}],"line":237},"42":{"loc":{"start":{"line":238,"column":4},"end":{"line":238,"column":95}},"type":"if","locations":[{"start":{"line":238,"column":4},"end":{"line":238,"column":95}},{"start":{},"end":{}}],"line":238},"43":{"loc":{"start":{"line":243,"column":17},"end":{"line":243,"column":64}},"type":"cond-expr","locations":[{"start":{"line":243,"column":45},"end":{"line":243,"column":51}},{"start":{"line":243,"column":54},"end":{"line":243,"column":64}}],"line":243},"44":{"loc":{"start":{"line":245,"column":28},"end":{"line":245,"column":64}},"type":"cond-expr","locations":[{"start":{"line":245,"column":50},"end":{"line":245,"column":54}},{"start":{"line":245,"column":57},"end":{"line":245,"column":64}}],"line":245},"45":{"loc":{"start":{"line":288,"column":0},"end":{"line":288,"column":27}},"type":"if","locations":[{"start":{"line":288,"column":0},"end":{"line":288,"column":27}},{"start":{},"end":{}}],"line":288},"46":{"loc":{"start":{"line":291,"column":0},"end":{"line":293,"column":1}},"type":"if","locations":[{"start":{"line":291,"column":0},"end":{"line":293,"column":1}},{"start":{},"end":{}}],"line":291},"47":{"loc":{"start":{"line":291,"column":4},"end":{"line":291,"column":51}},"type":"binary-expr","locations":[{"start":{"line":291,"column":4},"end":{"line":291,"column":33}},{"start":{"line":291,"column":37},"end":{"line":291,"column":51}}],"line":291}},"s":{"0":1,"1":1,"2":1,"3":1,"4":1,"5":1,"6":1,"7":1,"8":1,"9":1,"10":1,"11":1,"12":1,"13":7,"14":7,"15":3,"16":4,"17":39,"18":4,"19":0,"20":3,"21":3,"22":3,"23":3,"24":71,"25":71,"26":71,"27":3,"28":3,"29":0,"30":0,"31":0,"32":0,"33":0,"34":0,"35":0,"36":0,"37":0,"38":0,"39":0,"40":0,"41":0,"42":0,"43":0,"44":0,"45":0,"46":0,"47":0,"48":0,"49":0,"50":0,"51":0,"52":0,"53":0,"54":0,"55":0,"56":0,"57":0,"58":0,"59":0,"60":0,"61":0,"62":0,"63":0,"64":0,"65":0,"66":0,"67":0,"68":0,"69":0,"70":0,"71":0,"72":0,"73":0,"74":0,"75":0,"76":0,"77":0,"78":0,"79":0,"80":0,"81":0,"82":0,"83":0,"84":0,"85":0,"86":0,"87":0,"88":0,"89":0,"90":0,"91":0,"92":0,"93":0,"94":0,"95":0,"96":0,"97":0,"98":0,"99":0,"100":0,"101":0,"102":0,"103":0,"104":0,"105":0,"106":0,"107":0,"108":0,"109":0,"110":0,"111":0,"112":0,"113":0,"114":0,"115":0,"116":0,"117":0,"118":0,"119":0,"120":0,"121":0,"122":0,"123":0,"124":0,"125":0,"126":0,"127":0,"128":0,"129":0,"130":0,"131":0,"132":0,"133":0,"134":0,"135":0,"136":0,"137":0,"138":0,"139":0,"140":0,"141":0,"142":0,"143":0,"144":0,"145":0,"146":0,"147":0,"148":0,"149":0,"150":0,"151":0,"152":0,"153":0,"154":0,"155":19,"156":2,"157":17,"158":1,"159":16,"160":1,"161":15,"162":3,"163":12,"164":3,"165":9,"166":2,"167":7,"168":2,"169":5,"170":2,"171":3,"172":1,"173":2,"174":1,"175":1,"176":0,"177":0,"178":0,"179":0,"180":0,"181":0,"182":0,"183":0,"184":0,"185":0,"186":0,"187":0,"188":0,"189":0,"190":0,"191":0,"192":0,"193":0,"194":0,"195":0,"196":0,"197":0,"198":0,"199":0,"200":0,"201":0,"202":0,"203":0,"204":0,"205":0,"206":1,"207":0,"208":1,"209":1},"f":{"0":7,"1":3,"2":0,"3":0,"4":0,"5":0,"6":19,"7":0,"8":0,"9":0},"b":{"0":[3,4],"1":[4,35],"2":[0,0],"3":[0,0],"4":[0,0],"5":[0,0],"6":[0,0],"7":[0,0],"8":[0,0],"9":[0,0],"10":[0,0],"11":[0,0],"12":[0,0],"13":[0,0],"14":[0,0],"15":[0,0],"16":[0,0],"17":[0,0],"18":[0,0],"19":[0,0],"20":[0,0],"21":[0,0],"22":[0,0],"23":[0,0],"24":[0,0],"25":[0,0],"26":[0,0],"27":[0,0],"28":[0,0],"29":[0,0,0,0,0],"30":[0,0],"31":[0,0],"32":[2,17],"33":[19,18],"34":[1,16],"35":[1,15],"36":[3,12],"37":[3,9],"38":[2,7],"39":[2,5],"40":[2,3],"41":[1,2],"42":[1,1],"43":[0,0],"44":[0,0],"45":[0,1],"46":[1,0],"47":[1,1]},"_coverageSchema":"1a1c01bbd47fc00a2c39e90264f33305004495a9","hash":"145778e23bab40c710d97cd427c73d411b516b14"}
,"C:\\claude\\cyberscryb-wt-jest\\public\\tools\\slug-generator\\script.js": {"path":"C:\\claude\\cyberscryb-wt-jest\\public\\tools\\slug-generator\\script.js","statementMap":{"0":{"start":{"line":3,"column":19},"end":{"line":7,"column":2}},"1":{"start":{"line":20,"column":4},"end":{"line":20,"column":25}},"2":{"start":{"line":20,"column":15},"end":{"line":20,"column":25}},"3":{"start":{"line":21,"column":16},"end":{"line":21,"column":68}},"4":{"start":{"line":22,"column":19},"end":{"line":22,"column":89}},"5":{"start":{"line":23,"column":18},"end":{"line":23,"column":75}},"6":{"start":{"line":24,"column":28},"end":{"line":24,"column":106}},"7":{"start":{"line":26,"column":12},"end":{"line":26,"column":16}},"8":{"start":{"line":29,"column":4},"end":{"line":29,"column":49}},"9":{"start":{"line":31,"column":4},"end":{"line":31,"column":112}},"10":{"start":{"line":33,"column":4},"end":{"line":33,"column":35}},"11":{"start":{"line":33,"column":15},"end":{"line":33,"column":35}},"12":{"start":{"line":36,"column":4},"end":{"line":36,"column":48}},"13":{"start":{"line":39,"column":17},"end":{"line":39,"column":47}},"14":{"start":{"line":41,"column":4},"end":{"line":44,"column":5}},"15":{"start":{"line":42,"column":8},"end":{"line":42,"column":70}},"16":{"start":{"line":42,"column":36},"end":{"line":42,"column":68}},"17":{"start":{"line":43,"column":8},"end":{"line":43,"column":73}},"18":{"start":{"line":43,"column":33},"end":{"line":43,"column":73}},"19":{"start":{"line":46,"column":15},"end":{"line":46,"column":31}},"20":{"start":{"line":47,"column":4},"end":{"line":52,"column":5}},"21":{"start":{"line":48,"column":8},"end":{"line":48,"column":37}},"22":{"start":{"line":50,"column":24},"end":{"line":50,"column":45}},"23":{"start":{"line":51,"column":8},"end":{"line":51,"column":66}},"24":{"start":{"line":51,"column":36},"end":{"line":51,"column":66}},"25":{"start":{"line":53,"column":4},"end":{"line":53,"column":16}},"26":{"start":{"line":57,"column":0},"end":{"line":59,"column":1}},"27":{"start":{"line":58,"column":4},"end":{"line":58,"column":45}}},"fnMap":{"0":{"name":"slugify","decl":{"start":{"line":19,"column":9},"end":{"line":19,"column":16}},"loc":{"start":{"line":19,"column":32},"end":{"line":54,"column":1}},"line":19},"1":{"name":"(anonymous_1)","decl":{"start":{"line":42,"column":31},"end":{"line":42,"column":32}},"loc":{"start":{"line":42,"column":36},"end":{"line":42,"column":68}},"line":42}},"branchMap":{"0":{"loc":{"start":{"line":20,"column":4},"end":{"line":20,"column":25}},"type":"if","locations":[{"start":{"line":20,"column":4},"end":{"line":20,"column":25}},{"start":{},"end":{}}],"line":20},"1":{"loc":{"start":{"line":21,"column":16},"end":{"line":21,"column":68}},"type":"cond-expr","locations":[{"start":{"line":21,"column":51},"end":{"line":21,"column":62}},{"start":{"line":21,"column":65},"end":{"line":21,"column":68}}],"line":21},"2":{"loc":{"start":{"line":21,"column":17},"end":{"line":21,"column":47}},"type":"binary-expr","locations":[{"start":{"line":21,"column":17},"end":{"line":21,"column":24}},{"start":{"line":21,"column":28},"end":{"line":21,"column":47}}],"line":21},"3":{"loc":{"start":{"line":22,"column":19},"end":{"line":22,"column":89}},"type":"cond-expr","locations":[{"start":{"line":22,"column":57},"end":{"line":22,"column":84}},{"start":{"line":22,"column":87},"end":{"line":22,"column":89}}],"line":22},"4":{"loc":{"start":{"line":22,"column":20},"end":{"line":22,"column":53}},"type":"binary-expr","locations":[{"start":{"line":22,"column":20},"end":{"line":22,"column":27}},{"start":{"line":22,"column":31},"end":{"line":22,"column":53}}],"line":22},"5":{"loc":{"start":{"line":23,"column":18},"end":{"line":23,"column":75}},"type":"cond-expr","locations":[{"start":{"line":23,"column":55},"end":{"line":23,"column":68}},{"start":{"line":23,"column":71},"end":{"line":23,"column":75}}],"line":23},"6":{"loc":{"start":{"line":23,"column":19},"end":{"line":23,"column":51}},"type":"binary-expr","locations":[{"start":{"line":23,"column":19},"end":{"line":23,"column":26}},{"start":{"line":23,"column":30},"end":{"line":23,"column":51}}],"line":23},"7":{"loc":{"start":{"line":24,"column":28},"end":{"line":24,"column":106}},"type":"cond-expr","locations":[{"start":{"line":24,"column":75},"end":{"line":24,"column":98}},{"start":{"line":24,"column":101},"end":{"line":24,"column":106}}],"line":24},"8":{"loc":{"start":{"line":24,"column":29},"end":{"line":24,"column":71}},"type":"binary-expr","locations":[{"start":{"line":24,"column":29},"end":{"line":24,"column":36}},{"start":{"line":24,"column":40},"end":{"line":24,"column":71}}],"line":24},"9":{"loc":{"start":{"line":33,"column":4},"end":{"line":33,"column":35}},"type":"if","locations":[{"start":{"line":33,"column":4},"end":{"line":33,"column":35}},{"start":{},"end":{}}],"line":33},"10":{"loc":{"start":{"line":41,"column":4},"end":{"line":44,"column":5}},"type":"if","locations":[{"start":{"line":41,"column":4},"end":{"line":44,"column":5}},{"start":{},"end":{}}],"line":41},"11":{"loc":{"start":{"line":43,"column":8},"end":{"line":43,"column":73}},"type":"if","locations":[{"start":{"line":43,"column":8},"end":{"line":43,"column":73}},{"start":{},"end":{}}],"line":43},"12":{"loc":{"start":{"line":47,"column":4},"end":{"line":52,"column":5}},"type":"if","locations":[{"start":{"line":47,"column":4},"end":{"line":52,"column":5}},{"start":{},"end":{}}],"line":47},"13":{"loc":{"start":{"line":51,"column":8},"end":{"line":51,"column":66}},"type":"if","locations":[{"start":{"line":51,"column":8},"end":{"line":51,"column":66}},{"start":{},"end":{}}],"line":51},"14":{"loc":{"start":{"line":57,"column":0},"end":{"line":59,"column":1}},"type":"if","locations":[{"start":{"line":57,"column":0},"end":{"line":59,"column":1}},{"start":{},"end":{}}],"line":57},"15":{"loc":{"start":{"line":57,"column":4},"end":{"line":57,"column":51}},"type":"binary-expr","locations":[{"start":{"line":57,"column":4},"end":{"line":57,"column":33}},{"start":{"line":57,"column":37},"end":{"line":57,"column":51}}],"line":57}},"s":{"0":1,"1":18,"2":3,"3":15,"4":15,"5":15,"6":15,"7":15,"8":15,"9":15,"10":15,"11":14,"12":15,"13":15,"14":15,"15":1,"16":4,"17":1,"18":0,"19":15,"20":15,"21":1,"22":1,"23":1,"24":1,"25":15,"26":1,"27":1},"f":{"0":18,"1":4},"b":{"0":[3,15],"1":[1,14],"2":[15,4],"3":[1,14],"4":[15,4],"5":[1,14],"6":[15,4],"7":[1,14],"8":[15,4],"9":[14,1],"10":[1,14],"11":[0,1],"12":[1,14],"13":[1,0],"14":[1,0],"15":[1,1]},"_coverageSchema":"1a1c01bbd47fc00a2c39e90264f33305004495a9","hash":"6774050da05778cfe8ff2178a155f42b45bc040a"}
,"C:\\claude\\cyberscryb-wt-jest\\public\\tools\\url-encoder\\script.js": {"path":"C:\\claude\\cyberscryb-wt-jest\\public\\tools\\url-encoder\\script.js","statementMap":{"0":{"start":{"line":4,"column":4},"end":{"line":4,"column":36}},"1":{"start":{"line":8,"column":4},"end":{"line":8,"column":27}},"2":{"start":{"line":12,"column":4},"end":{"line":12,"column":58}},"3":{"start":{"line":16,"column":0},"end":{"line":18,"column":1}},"4":{"start":{"line":17,"column":4},"end":{"line":17,"column":70}}},"fnMap":{"0":{"name":"urlEncodeComponent","decl":{"start":{"line":3,"column":9},"end":{"line":3,"column":27}},"loc":{"start":{"line":3,"column":34},"end":{"line":5,"column":1}},"line":3},"1":{"name":"urlEncodeFull","decl":{"start":{"line":7,"column":9},"end":{"line":7,"column":22}},"loc":{"start":{"line":7,"column":29},"end":{"line":9,"column":1}},"line":7},"2":{"name":"urlDecode","decl":{"start":{"line":11,"column":9},"end":{"line":11,"column":18}},"loc":{"start":{"line":11,"column":25},"end":{"line":13,"column":1}},"line":11}},"branchMap":{"0":{"loc":{"start":{"line":16,"column":0},"end":{"line":18,"column":1}},"type":"if","locations":[{"start":{"line":16,"column":0},"end":{"line":18,"column":1}},{"start":{},"end":{}}],"line":16},"1":{"loc":{"start":{"line":16,"column":4},"end":{"line":16,"column":51}},"type":"binary-expr","locations":[{"start":{"line":16,"column":4},"end":{"line":16,"column":33}},{"start":{"line":16,"column":37},"end":{"line":16,"column":51}}],"line":16}},"s":{"0":12,"1":2,"2":8,"3":1,"4":1},"f":{"0":12,"1":2,"2":8},"b":{"0":[1,0],"1":[1,1]},"_coverageSchema":"1a1c01bbd47fc00a2c39e90264f33305004495a9","hash":"bb8c929018d0d151b78222a21de4533ef86226f6"}
,"C:\\claude\\cyberscryb-wt-jest\\public\\tools\\uuid-generator\\script.js": {"path":"C:\\claude\\cyberscryb-wt-jest\\public\\tools\\uuid-generator\\script.js","statementMap":{"0":{"start":{"line":9,"column":18},"end":{"line":9,"column":36}},"1":{"start":{"line":10,"column":4},"end":{"line":10,"column":34}},"2":{"start":{"line":12,"column":4},"end":{"line":12,"column":40}},"3":{"start":{"line":14,"column":4},"end":{"line":14,"column":40}},"4":{"start":{"line":15,"column":16},"end":{"line":15,"column":68}},"5":{"start":{"line":15,"column":36},"end":{"line":15,"column":67}},"6":{"start":{"line":16,"column":4},"end":{"line":16,"column":152}},"7":{"start":{"line":20,"column":0},"end":{"line":22,"column":1}},"8":{"start":{"line":21,"column":4},"end":{"line":21,"column":38}}},"fnMap":{"0":{"name":"generateUUID","decl":{"start":{"line":8,"column":9},"end":{"line":8,"column":21}},"loc":{"start":{"line":8,"column":24},"end":{"line":17,"column":1}},"line":8},"1":{"name":"(anonymous_1)","decl":{"start":{"line":15,"column":31},"end":{"line":15,"column":32}},"loc":{"start":{"line":15,"column":36},"end":{"line":15,"column":67}},"line":15}},"branchMap":{"0":{"loc":{"start":{"line":20,"column":0},"end":{"line":22,"column":1}},"type":"if","locations":[{"start":{"line":20,"column":0},"end":{"line":22,"column":1}},{"start":{},"end":{}}],"line":20},"1":{"loc":{"start":{"line":20,"column":4},"end":{"line":20,"column":51}},"type":"binary-expr","locations":[{"start":{"line":20,"column":4},"end":{"line":20,"column":33}},{"start":{"line":20,"column":37},"end":{"line":20,"column":51}}],"line":20}},"s":{"0":107,"1":107,"2":107,"3":107,"4":107,"5":1712,"6":107,"7":1,"8":1},"f":{"0":107,"1":1712},"b":{"0":[1,0],"1":[1,1]},"_coverageSchema":"1a1c01bbd47fc00a2c39e90264f33305004495a9","hash":"79d0f3905020fcba94191643c6e8ba791ab0ae61"}
}
