TN:
SF:functions\index.js
FN:18,logEvent
FN:36,flushAnalytics
FN:47,(anonymous_2)
FN:63,(anonymous_3)
FN:75,(anonymous_4)
FN:97,logConversion
FN:106,getABVariant
FN:136,getClientIdentifier
FN:148,getUserTier
FN:159,checkRateLimit
FN:196,(anonymous_10)
FN:199,(anonymous_11)
FN:200,(anonymous_12)
FN:249,(anonymous_13)
FN:257,(anonymous_14)
FN:274,isAllowedReferer
FN:281,(anonymous_16)
FN:304,sanitizeParams
FN:330,(anonymous_18)
FN:331,(anonymous_19)
FN:461,(anonymous_20)
FN:462,(anonymous_21)
FN:489,(anonymous_22)
FN:513,(anonymous_23)
FN:520,(anonymous_24)
FN:526,(anonymous_25)
FN:545,(anonymous_26)
FN:552,(anonymous_27)
FN:553,(anonymous_28)
FN:554,(anonymous_29)
FN:580,(anonymous_30)
FN:581,(anonymous_31)
FN:698,(anonymous_32)
FN:711,(anonymous_33)
FN:729,(anonymous_34)
FN:745,(anonymous_35)
FN:763,(anonymous_36)
FN:781,(anonymous_37)
FN:797,(anonymous_38)
FN:827,(anonymous_39)
FN:849,(anonymous_40)
FN:871,(anonymous_41)
FN:892,(anonymous_42)
FN:920,(anonymous_43)
FN:941,(anonymous_44)
FN:959,(anonymous_45)
FN:975,(anonymous_46)
FN:989,(anonymous_47)
FN:1009,(anonymous_48)
FN:1029,(anonymous_49)
FN:1051,(anonymous_50)
FN:1073,(anonymous_51)
FN:1092,(anonymous_52)
FN:1120,(anonymous_53)
FN:1140,(anonymous_54)
FN:1160,(anonymous_55)
FN:1185,(anonymous_56)
FN:1203,(anonymous_57)
FN:1204,(anonymous_58)
FN:1343,(anonymous_59)
FN:1344,(anonymous_60)
FN:1416,(anonymous_61)
FN:1417,(anonymous_62)
FN:1443,(anonymous_63)
FN:1463,(anonymous_64)
FN:1469,(anonymous_65)
FN:1476,(anonymous_66)
FN:1492,(anonymous_67)
FN:1497,(anonymous_68)
FN:1508,(anonymous_69)
FN:1535,(anonymous_70)
FN:1536,(anonymous_71)
FN:1584,(anonymous_72)
FN:1585,(anonymous_73)
FN:1621,(anonymous_74)
FN:1631,(anonymous_75)
FN:1633,(anonymous_76)
FN:1634,(anonymous_77)
FN:1640,(anonymous_78)
FNF:79
FNH:28
FNDA:0,logEvent
FNDA:0,flushAnalytics
FNDA:0,(anonymous_2)
FNDA:0,(anonymous_3)
FNDA:0,(anonymous_4)
FNDA:0,logConversion
FNDA:0,getABVariant
FNDA:0,getClientIdentifier
FNDA:0,getUserTier
FNDA:0,checkRateLimit
FNDA:0,(anonymous_10)
FNDA:0,(anonymous_11)
FNDA:0,(anonymous_12)
FNDA:0,(anonymous_13)
FNDA:0,(anonymous_14)
FNDA:17,isAllowedReferer
FNDA:34,(anonymous_16)
FNDA:27,sanitizeParams
FNDA:0,(anonymous_18)
FNDA:0,(anonymous_19)
FNDA:0,(anonymous_20)
FNDA:0,(anonymous_21)
FNDA:0,(anonymous_22)
FNDA:0,(anonymous_23)
FNDA:0,(anonymous_24)
FNDA:0,(anonymous_25)
FNDA:0,(anonymous_26)
FNDA:0,(anonymous_27)
FNDA:0,(anonymous_28)
FNDA:0,(anonymous_29)
FNDA:0,(anonymous_30)
FNDA:0,(anonymous_31)
FNDA:2,(anonymous_32)
FNDA:2,(anonymous_33)
FNDA:2,(anonymous_34)
FNDA:2,(anonymous_35)
FNDA:2,(anonymous_36)
FNDA:2,(anonymous_37)
FNDA:2,(anonymous_38)
FNDA:2,(anonymous_39)
FNDA:2,(anonymous_40)
FNDA:2,(anonymous_41)
FNDA:2,(anonymous_42)
FNDA:2,(anonymous_43)
FNDA:2,(anonymous_44)
FNDA:2,(anonymous_45)
FNDA:2,(anonymous_46)
FNDA:2,(anonymous_47)
FNDA:2,(anonymous_48)
FNDA:2,(anonymous_49)
FNDA:2,(anonymous_50)
FNDA:2,(anonymous_51)
FNDA:2,(anonymous_52)
FNDA:2,(anonymous_53)
FNDA:2,(anonymous_54)
FNDA:2,(anonymous_55)
FNDA:2,(anonymous_56)
FNDA:0,(anonymous_57)
FNDA:0,(anonymous_58)
FNDA:0,(anonymous_59)
FNDA:0,(anonymous_60)
FNDA:0,(anonymous_61)
FNDA:0,(anonymous_62)
FNDA:0,(anonymous_63)
FNDA:0,(anonymous_64)
FNDA:0,(anonymous_65)
FNDA:0,(anonymous_66)
FNDA:0,(anonymous_67)
FNDA:0,(anonymous_68)
FNDA:0,(anonymous_69)
FNDA:0,(anonymous_70)
FNDA:0,(anonymous_71)
FNDA:0,(anonymous_72)
FNDA:0,(anonymous_73)
FNDA:0,(anonymous_74)
FNDA:0,(anonymous_75)
FNDA:0,(anonymous_76)
FNDA:0,(anonymous_77)
FNDA:0,(anonymous_78)
DA:1,2
DA:2,2
DA:3,2
DA:5,2
DA:6,2
DA:12,2
DA:19,0
DA:27,0
DA:30,0
DA:31,0
DA:37,0
DA:39,0
DA:40,0
DA:41,0
DA:43,0
DA:45,0
DA:47,0
DA:48,0
DA:49,0
DA:50,0
DA:59,0
DA:60,0
DA:63,0
DA:64,0
DA:65,0
DA:66,0
DA:68,0
DA:69,0
DA:74,0
DA:75,0
DA:76,0
DA:77,0
DA:83,0
DA:84,0
DA:87,0
DA:89,0
DA:94,2
DA:98,0
DA:108,0
DA:109,0
DA:110,0
DA:111,0
DA:118,2
DA:119,2
DA:120,2
DA:123,2
DA:130,2
DA:137,0
DA:141,0
DA:142,0
DA:144,0
DA:149,0
DA:150,0
DA:152,0
DA:153,0
DA:155,0
DA:160,0
DA:161,0
DA:162,0
DA:163,0
DA:166,0
DA:167,0
DA:168,0
DA:172,0
DA:173,0
DA:174,0
DA:182,0
DA:183,0
DA:186,0
DA:189,0
DA:192,0
DA:193,0
DA:194,0
DA:196,0
DA:199,0
DA:200,0
DA:201,0
DA:204,0
DA:205,0
DA:206,0
DA:214,0
DA:215,0
DA:216,0
DA:224,0
DA:225,0
DA:226,0
DA:234,0
DA:235,0
DA:237,0
DA:249,2
DA:250,0
DA:251,0
DA:252,0
DA:254,0
DA:256,0
DA:257,0
DA:260,0
DA:261,0
DA:262,0
DA:266,0
DA:267,0
DA:272,2
DA:275,17
DA:276,14
DA:277,14
DA:278,12
DA:281,12
DA:282,34
DA:284,34
DA:286,29
DA:287,27
DA:291,2
DA:292,2
DA:297,2
DA:298,2
DA:305,27
DA:306,22
DA:307,22
DA:308,25
DA:309,22
DA:310,8
DA:311,8
DA:312,8
DA:313,8
DA:315,0
DA:319,14
DA:320,14
DA:321,3
DA:324,22
DA:330,2
DA:331,0
DA:332,0
DA:333,0
DA:336,0
DA:337,0
DA:341,0
DA:342,0
DA:343,0
DA:347,0
DA:348,0
DA:349,0
DA:350,0
DA:351,0
DA:360,0
DA:361,0
DA:362,0
DA:363,0
DA:364,0
DA:368,0
DA:375,0
DA:377,0
DA:378,0
DA:379,0
DA:382,0
DA:383,0
DA:396,0
DA:405,0
DA:406,0
DA:407,0
DA:410,0
DA:411,0
DA:412,0
DA:413,0
DA:414,0
DA:415,0
DA:416,0
DA:419,0
DA:426,0
DA:427,0
DA:430,0
DA:436,0
DA:439,0
DA:442,0
DA:443,0
DA:450,0
DA:461,2
DA:462,0
DA:463,0
DA:464,0
DA:467,0
DA:469,0
DA:470,0
DA:474,0
DA:475,0
DA:477,0
DA:480,0
DA:486,2
DA:490,0
DA:492,0
DA:493,0
DA:494,0
DA:496,0
DA:500,0
DA:511,0
DA:513,0
DA:514,0
DA:516,0
DA:517,0
DA:519,0
DA:520,0
DA:521,0
DA:525,0
DA:526,0
DA:527,0
DA:532,0
DA:533,0
DA:536,0
DA:537,0
DA:540,0
DA:541,0
DA:544,0
DA:545,0
DA:546,0
DA:552,0
DA:553,0
DA:554,0
DA:557,0
DA:562,0
DA:566,0
DA:572,0
DA:575,0
DA:576,0
DA:580,2
DA:581,0
DA:582,0
DA:583,0
DA:586,0
DA:589,0
DA:590,0
DA:591,0
DA:595,0
DA:596,0
DA:597,0
DA:598,0
DA:599,0
DA:608,0
DA:614,0
DA:615,0
DA:617,0
DA:618,0
DA:637,0
DA:646,0
DA:647,0
DA:648,0
DA:650,0
DA:651,0
DA:652,0
DA:653,0
DA:654,0
DA:657,0
DA:664,0
DA:665,0
DA:666,0
DA:668,0
DA:670,0
DA:673,0
DA:675,0
DA:676,0
DA:682,0
DA:695,2
DA:698,2
DA:711,2
DA:729,2
DA:745,2
DA:763,2
DA:781,2
DA:797,2
DA:827,2
DA:849,2
DA:871,2
DA:892,2
DA:920,2
DA:941,2
DA:959,2
DA:975,2
DA:989,2
DA:1009,2
DA:1029,2
DA:1051,2
DA:1073,2
DA:1093,2
DA:1094,2
DA:1096,2
DA:1102,2
DA:1104,2
DA:1120,2
DA:1140,2
DA:1160,2
DA:1185,2
DA:1203,2
DA:1204,0
DA:1205,0
DA:1206,0
DA:1209,0
DA:1212,0
DA:1213,0
DA:1214,0
DA:1218,0
DA:1219,0
DA:1223,0
DA:1224,0
DA:1227,0
DA:1228,0
DA:1232,0
DA:1233,0
DA:1234,0
DA:1235,0
DA:1236,0
DA:1245,0
DA:1246,0
DA:1247,0
DA:1248,0
DA:1249,0
DA:1253,0
DA:1260,0
DA:1261,0
DA:1262,0
DA:1263,0
DA:1266,0
DA:1267,0
DA:1268,0
DA:1269,0
DA:1271,0
DA:1283,0
DA:1284,0
DA:1285,0
DA:1287,0
DA:1288,0
DA:1289,0
DA:1290,0
DA:1291,0
DA:1292,0
DA:1293,0
DA:1296,0
DA:1303,0
DA:1304,0
DA:1306,0
DA:1312,0
DA:1315,0
DA:1317,0
DA:1318,0
DA:1324,0
DA:1325,0
DA:1332,0
DA:1343,2
DA:1344,0
DA:1345,0
DA:1346,0
DA:1349,0
DA:1350,0
DA:1353,0
DA:1354,0
DA:1356,0
DA:1372,0
DA:1373,0
DA:1375,0
DA:1376,0
DA:1377,0
DA:1378,0
DA:1383,0
DA:1384,0
DA:1385,0
DA:1391,0
DA:1394,0
DA:1398,0
DA:1416,2
DA:1417,0
DA:1418,0
DA:1419,0
DA:1424,0
DA:1425,0
DA:1426,0
DA:1429,0
DA:1430,0
DA:1431,0
DA:1432,0
DA:1433,0
DA:1436,0
DA:1442,0
DA:1443,0
DA:1444,0
DA:1445,0
DA:1446,0
DA:1447,0
DA:1449,0
DA:1453,0
DA:1463,0
DA:1464,0
DA:1465,0
DA:1468,0
DA:1469,0
DA:1470,0
DA:1475,0
DA:1476,0
DA:1477,0
DA:1482,0
DA:1483,0
DA:1486,0
DA:1487,0
DA:1490,0
DA:1491,0
DA:1492,0
DA:1493,0
DA:1494,0
DA:1496,0
DA:1497,0
DA:1498,0
DA:1507,0
DA:1508,0
DA:1509,0
DA:1515,0
DA:1519,0
DA:1528,0
DA:1529,0
DA:1535,2
DA:1536,0
DA:1537,0
DA:1538,0
DA:1541,0
DA:1544,0
DA:1545,0
DA:1548,0
DA:1550,0
DA:1552,0
DA:1557,0
DA:1558,0
DA:1562,0
DA:1569,0
DA:1571,0
DA:1574,0
DA:1575,0
DA:1584,2
DA:1585,0
DA:1586,0
DA:1587,0
DA:1589,0
DA:1590,0
DA:1594,0
DA:1595,0
DA:1596,0
DA:1597,0
DA:1599,0
DA:1603,0
DA:1604,0
DA:1608,0
DA:1609,0
DA:1615,0
DA:1616,0
DA:1620,0
DA:1621,0
DA:1622,0
DA:1631,0
DA:1632,0
DA:1633,0
DA:1634,0
DA:1635,0
DA:1636,0
DA:1639,0
DA:1640,0
DA:1641,0
DA:1644,0
DA:1645,0
DA:1646,0
DA:1649,0
DA:1650,0
DA:1653,0
DA:1662,0
DA:1663,0
DA:1667,0
DA:1669,0
DA:1672,0
DA:1673,0
DA:1674,0
DA:1681,2
DA:1682,2
LF:475
LH:81
BRDA:18,0,0,0
BRDA:30,1,0,0
BRDA:30,1,1,0
BRDA:30,2,0,0
BRDA:30,2,1,0
BRDA:37,3,0,0
BRDA:37,3,1,0
BRDA:49,4,0,0
BRDA:49,4,1,0
BRDA:64,5,0,0
BRDA:64,5,1,0
BRDA:65,6,0,0
BRDA:65,6,1,0
BRDA:69,7,0,0
BRDA:69,7,1,0
BRDA:97,8,0,0
BRDA:111,9,0,0
BRDA:111,9,1,0
BRDA:137,10,0,0
BRDA:137,10,1,0
BRDA:137,10,2,0
BRDA:150,11,0,0
BRDA:150,11,1,0
BRDA:152,12,0,0
BRDA:152,12,1,0
BRDA:153,13,0,0
BRDA:153,13,1,0
BRDA:166,14,0,0
BRDA:166,14,1,0
BRDA:172,15,0,0
BRDA:172,15,1,0
BRDA:182,16,0,0
BRDA:182,16,1,0
BRDA:204,17,0,0
BRDA:204,17,1,0
BRDA:214,18,0,0
BRDA:214,18,1,0
BRDA:224,19,0,0
BRDA:224,19,1,0
BRDA:260,20,0,0
BRDA:260,20,1,0
BRDA:266,21,0,0
BRDA:266,21,1,0
BRDA:275,22,0,3
BRDA:275,22,1,14
BRDA:284,23,0,5
BRDA:284,23,1,29
BRDA:286,24,0,2
BRDA:286,24,1,27
BRDA:305,25,0,5
BRDA:305,25,1,22
BRDA:305,26,0,27
BRDA:305,26,1,25
BRDA:305,26,2,23
BRDA:308,27,0,3
BRDA:308,27,1,22
BRDA:309,28,0,8
BRDA:309,28,1,14
BRDA:310,29,0,8
BRDA:310,29,1,0
BRDA:312,30,0,8
BRDA:312,30,1,0
BRDA:319,31,0,14
BRDA:319,31,1,0
BRDA:320,32,0,11
BRDA:320,32,1,3
BRDA:320,33,0,8
BRDA:320,33,1,3
BRDA:332,34,0,0
BRDA:332,34,1,0
BRDA:341,35,0,0
BRDA:341,35,1,0
BRDA:348,36,0,0
BRDA:348,36,1,0
BRDA:350,37,0,0
BRDA:350,37,1,0
BRDA:352,38,0,0
BRDA:352,38,1,0
BRDA:360,39,0,0
BRDA:360,39,1,0
BRDA:371,40,0,0
BRDA:371,40,1,0
BRDA:371,41,0,0
BRDA:371,41,1,0
BRDA:375,42,0,0
BRDA:375,42,1,0
BRDA:377,43,0,0
BRDA:377,43,1,0
BRDA:387,44,0,0
BRDA:387,44,1,0
BRDA:405,45,0,0
BRDA:405,45,1,0
BRDA:411,46,0,0
BRDA:411,46,1,0
BRDA:413,47,0,0
BRDA:413,47,1,0
BRDA:415,48,0,0
BRDA:415,48,1,0
BRDA:421,49,0,0
BRDA:421,49,1,0
BRDA:422,50,0,0
BRDA:422,50,1,0
BRDA:427,51,0,0
BRDA:427,51,1,0
BRDA:433,52,0,0
BRDA:433,52,1,0
BRDA:433,53,0,0
BRDA:433,53,1,0
BRDA:442,54,0,0
BRDA:442,54,1,0
BRDA:463,55,0,0
BRDA:463,55,1,0
BRDA:469,56,0,0
BRDA:469,56,1,0
BRDA:474,57,0,0
BRDA:474,57,1,0
BRDA:474,58,0,0
BRDA:474,58,1,0
BRDA:474,58,2,0
BRDA:475,59,0,0
BRDA:475,59,1,0
BRDA:477,60,0,0
BRDA:477,60,1,0
BRDA:516,61,0,0
BRDA:516,61,1,0
BRDA:517,62,0,0
BRDA:517,62,1,0
BRDA:519,63,0,0
BRDA:519,63,1,0
BRDA:521,64,0,0
BRDA:521,64,1,0
BRDA:525,65,0,0
BRDA:525,65,1,0
BRDA:527,66,0,0
BRDA:527,66,1,0
BRDA:532,67,0,0
BRDA:532,67,1,0
BRDA:533,68,0,0
BRDA:533,68,1,0
BRDA:536,69,0,0
BRDA:536,69,1,0
BRDA:537,70,0,0
BRDA:537,70,1,0
BRDA:540,71,0,0
BRDA:540,71,1,0
BRDA:540,72,0,0
BRDA:540,72,1,0
BRDA:541,73,0,0
BRDA:541,73,1,0
BRDA:544,74,0,0
BRDA:544,74,1,0
BRDA:557,75,0,0
BRDA:557,75,1,0
BRDA:582,76,0,0
BRDA:582,76,1,0
BRDA:590,77,0,0
BRDA:590,77,1,0
BRDA:596,78,0,0
BRDA:596,78,1,0
BRDA:598,79,0,0
BRDA:598,79,1,0
BRDA:600,80,0,0
BRDA:600,80,1,0
BRDA:614,81,0,0
BRDA:614,81,1,0
BRDA:615,82,0,0
BRDA:615,82,1,0
BRDA:646,83,0,0
BRDA:646,83,1,0
BRDA:651,84,0,0
BRDA:651,84,1,0
BRDA:653,85,0,0
BRDA:653,85,1,0
BRDA:660,86,0,0
BRDA:660,86,1,0
BRDA:675,87,0,0
BRDA:675,87,1,0
BRDA:698,88,0,2
BRDA:698,88,1,2
BRDA:700,89,0,0
BRDA:700,89,1,2
BRDA:711,90,0,2
BRDA:711,90,1,2
BRDA:714,91,0,0
BRDA:714,91,1,2
BRDA:715,92,0,0
BRDA:715,92,1,2
BRDA:729,93,0,2
BRDA:729,93,1,2
BRDA:729,94,0,2
BRDA:729,94,1,2
BRDA:735,95,0,2
BRDA:735,95,1,2
BRDA:735,96,0,2
BRDA:735,96,1,2
BRDA:748,97,0,0
BRDA:748,97,1,2
BRDA:749,98,0,0
BRDA:749,98,1,2
BRDA:755,99,0,2
BRDA:755,99,1,2
BRDA:765,100,0,2
BRDA:765,100,1,2
BRDA:781,101,0,2
BRDA:781,101,1,2
BRDA:784,102,0,0
BRDA:784,102,1,2
BRDA:827,103,0,2
BRDA:827,103,1,2
BRDA:832,104,0,0
BRDA:832,104,1,2
BRDA:833,105,0,0
BRDA:833,105,1,2
BRDA:849,106,0,2
BRDA:849,106,1,2
BRDA:854,107,0,0
BRDA:854,107,1,2
BRDA:855,108,0,0
BRDA:855,108,1,2
BRDA:871,109,0,2
BRDA:871,109,1,2
BRDA:876,110,0,0
BRDA:876,110,1,2
BRDA:877,111,0,0
BRDA:877,111,1,2
BRDA:897,112,0,0
BRDA:897,112,1,2
BRDA:898,113,0,0
BRDA:898,113,1,2
BRDA:925,114,0,0
BRDA:925,114,1,2
BRDA:946,115,0,0
BRDA:946,115,1,2
BRDA:959,116,0,2
BRDA:959,116,1,2
BRDA:962,117,0,0
BRDA:962,117,1,2
BRDA:975,118,0,2
BRDA:975,118,1,2
BRDA:977,119,0,0
BRDA:977,119,1,2
BRDA:978,120,0,0
BRDA:978,120,1,2
BRDA:989,121,0,2
BRDA:989,121,1,2
BRDA:992,122,0,0
BRDA:992,122,1,2
BRDA:993,123,0,0
BRDA:993,123,1,2
BRDA:1012,124,0,0
BRDA:1012,124,1,2
BRDA:1013,125,0,0
BRDA:1013,125,1,2
BRDA:1032,126,0,0
BRDA:1032,126,1,2
BRDA:1033,127,0,0
BRDA:1033,127,1,2
BRDA:1054,128,0,0
BRDA:1054,128,1,2
BRDA:1055,129,0,0
BRDA:1055,129,1,2
BRDA:1073,130,0,2
BRDA:1073,130,1,2
BRDA:1076,131,0,0
BRDA:1076,131,1,2
BRDA:1077,132,0,0
BRDA:1077,132,1,2
BRDA:1093,133,0,2
BRDA:1093,133,1,2
BRDA:1094,134,0,0
BRDA:1094,134,1,2
BRDA:1102,135,0,2
BRDA:1102,135,1,0
BRDA:1122,136,0,2
BRDA:1122,136,1,2
BRDA:1123,137,0,2
BRDA:1123,137,1,2
BRDA:1124,138,0,2
BRDA:1124,138,1,2
BRDA:1125,139,0,2
BRDA:1125,139,1,2
BRDA:1125,140,0,2
BRDA:1125,140,1,2
BRDA:1126,141,0,2
BRDA:1126,141,1,2
BRDA:1127,142,0,2
BRDA:1127,142,1,2
BRDA:1130,143,0,2
BRDA:1130,143,1,2
BRDA:1131,144,0,2
BRDA:1131,144,1,2
BRDA:1133,145,0,2
BRDA:1133,145,1,2
BRDA:1142,146,0,2
BRDA:1142,146,1,2
BRDA:1143,147,0,2
BRDA:1143,147,1,2
BRDA:1144,148,0,2
BRDA:1144,148,1,2
BRDA:1145,149,0,2
BRDA:1145,149,1,2
BRDA:1146,150,0,2
BRDA:1146,150,1,2
BRDA:1149,151,0,2
BRDA:1149,151,1,2
BRDA:1150,152,0,2
BRDA:1150,152,1,2
BRDA:1150,153,0,2
BRDA:1150,153,1,2
BRDA:1167,154,0,2
BRDA:1167,154,1,2
BRDA:1205,155,0,0
BRDA:1205,155,1,0
BRDA:1213,156,0,0
BRDA:1213,156,1,0
BRDA:1218,157,0,0
BRDA:1218,157,1,0
BRDA:1218,158,0,0
BRDA:1218,158,1,0
BRDA:1223,159,0,0
BRDA:1223,159,1,0
BRDA:1223,160,0,0
BRDA:1223,160,1,0
BRDA:1223,160,2,0
BRDA:1227,161,0,0
BRDA:1227,161,1,0
BRDA:1233,162,0,0
BRDA:1233,162,1,0
BRDA:1235,163,0,0
BRDA:1235,163,1,0
BRDA:1237,164,0,0
BRDA:1237,164,1,0
BRDA:1245,165,0,0
BRDA:1245,165,1,0
BRDA:1256,166,0,0
BRDA:1256,166,1,0
BRDA:1256,167,0,0
BRDA:1256,167,1,0
BRDA:1260,168,0,0
BRDA:1260,168,1,0
BRDA:1261,169,0,0
BRDA:1261,169,1,0
BRDA:1269,170,0,0
BRDA:1269,170,1,0
BRDA:1283,171,0,0
BRDA:1283,171,1,0
BRDA:1288,172,0,0
BRDA:1288,172,1,0
BRDA:1290,173,0,0
BRDA:1290,173,1,0
BRDA:1292,174,0,0
BRDA:1292,174,1,0
BRDA:1298,175,0,0
BRDA:1298,175,1,0
BRDA:1299,176,0,0
BRDA:1299,176,1,0
BRDA:1304,177,0,0
BRDA:1304,177,1,0
BRDA:1309,178,0,0
BRDA:1309,178,1,0
BRDA:1309,179,0,0
BRDA:1309,179,1,0
BRDA:1317,180,0,0
BRDA:1317,180,1,0
BRDA:1324,181,0,0
BRDA:1324,181,1,0
BRDA:1324,182,0,0
BRDA:1324,182,1,0
BRDA:1345,183,0,0
BRDA:1345,183,1,0
BRDA:1359,184,0,0
BRDA:1359,184,1,0
BRDA:1360,185,0,0
BRDA:1360,185,1,0
BRDA:1360,186,0,0
BRDA:1360,186,1,0
BRDA:1363,187,0,0
BRDA:1363,187,1,0
BRDA:1363,188,0,0
BRDA:1363,188,1,0
BRDA:1366,189,0,0
BRDA:1366,189,1,0
BRDA:1366,190,0,0
BRDA:1366,190,1,0
BRDA:1375,191,0,0
BRDA:1375,191,1,0
BRDA:1375,192,0,0
BRDA:1375,192,1,0
BRDA:1383,193,0,0
BRDA:1383,193,1,0
BRDA:1387,194,0,0
BRDA:1387,194,1,0
BRDA:1388,195,0,0
BRDA:1388,195,1,0
BRDA:1404,196,0,0
BRDA:1404,196,1,0
BRDA:1404,197,0,0
BRDA:1404,197,1,0
BRDA:1418,198,0,0
BRDA:1418,198,1,0
BRDA:1425,199,0,0
BRDA:1425,199,1,0
BRDA:1425,200,0,0
BRDA:1425,200,1,0
BRDA:1430,201,0,0
BRDA:1430,201,1,0
BRDA:1446,202,0,0
BRDA:1446,202,1,0
BRDA:1449,203,0,0
BRDA:1449,203,1,0
BRDA:1464,204,0,0
BRDA:1464,204,1,0
BRDA:1468,205,0,0
BRDA:1468,205,1,0
BRDA:1470,206,0,0
BRDA:1470,206,1,0
BRDA:1475,207,0,0
BRDA:1475,207,1,0
BRDA:1477,208,0,0
BRDA:1477,208,1,0
BRDA:1482,209,0,0
BRDA:1482,209,1,0
BRDA:1486,210,0,0
BRDA:1486,210,1,0
BRDA:1490,211,0,0
BRDA:1490,211,1,0
BRDA:1491,212,0,0
BRDA:1491,212,1,0
BRDA:1493,213,0,0
BRDA:1493,213,1,0
BRDA:1496,214,0,0
BRDA:1496,214,1,0
BRDA:1499,215,0,0
BRDA:1499,215,1,0
BRDA:1507,216,0,0
BRDA:1507,216,1,0
BRDA:1515,217,0,0
BRDA:1515,217,1,0
BRDA:1537,218,0,0
BRDA:1537,218,1,0
BRDA:1544,219,0,0
BRDA:1544,219,1,0
BRDA:1544,220,0,0
BRDA:1544,220,1,0
BRDA:1557,221,0,0
BRDA:1557,221,1,0
BRDA:1564,222,0,0
BRDA:1564,222,1,0
BRDA:1569,223,0,0
BRDA:1569,223,1,0
BRDA:1587,224,0,0
BRDA:1587,224,1,0
BRDA:1587,224,2,0
BRDA:1589,225,0,0
BRDA:1589,225,1,0
BRDA:1589,226,0,0
BRDA:1589,226,1,0
BRDA:1596,227,0,0
BRDA:1596,227,1,0
BRDA:1603,228,0,0
BRDA:1603,228,1,0
BRDA:1603,228,2,0
BRDA:1604,229,0,0
BRDA:1604,229,1,0
BRDA:1644,230,0,0
BRDA:1644,230,1,0
BRDA:1655,231,0,0
BRDA:1655,231,1,0
BRDA:1662,232,0,0
BRDA:1662,232,1,0
BRDA:1673,233,0,0
BRDA:1673,233,1,0
BRDA:1681,234,0,2
BRDA:1681,234,1,0
BRF:474
BRH:126
end_of_record
TN:
SF:public\tools\base64-tool\script.js
FN:5,setMode
FN:14,(anonymous_1)
FN:34,convert
FN:73,clearInput
FN:80,loadSample
FN:89,copyOutput
FN:93,(anonymous_6)
FN:98,(anonymous_7)
FN:105,downloadOutput
FN:119,showError
FN:125,updateStats
FN:149,(anonymous_11)
FN:158,encodeBase64
FN:166,decodeBase64
FNF:14
FNH:2
FNDA:0,setMode
FNDA:0,(anonymous_1)
FNDA:0,convert
FNDA:0,clearInput
FNDA:0,loadSample
FNDA:0,copyOutput
FNDA:0,(anonymous_6)
FNDA:0,(anonymous_7)
FNDA:0,downloadOutput
FNDA:0,showError
FNDA:0,updateStats
FNDA:0,(anonymous_11)
FNDA:10,encodeBase64
FNDA:7,decodeBase64
DA:3,1
DA:6,0
DA:7,0
DA:8,0
DA:9,0
DA:10,0
DA:13,0
DA:14,0
DA:15,0
DA:18,0
DA:19,0
DA:20,0
DA:21,0
DA:22,0
DA:24,0
DA:25,0
DA:26,0
DA:27,0
DA:31,0
DA:35,0
DA:36,0
DA:37,0
DA:39,0
DA:40,0
DA:41,0
DA:44,0
DA:46,0
DA:48,0
DA:49,0
DA:50,0
DA:51,0
DA:54,0
DA:55,0
DA:56,0
DA:58,0
DA:60,0
DA:62,0
DA:63,0
DA:65,0
DA:66,0
DA:68,0
DA:74,0
DA:75,0
DA:76,0
DA:77,0
DA:81,0
DA:82,0
DA:84,0
DA:86,0
DA:90,0
DA:91,0
DA:93,0
DA:94,0
DA:95,0
DA:96,0
DA:97,0
DA:98,0
DA:99,0
DA:100,0
DA:106,0
DA:107,0
DA:109,0
DA:110,0
DA:111,0
DA:112,0
DA:113,0
DA:114,0
DA:115,0
DA:116,0
DA:120,0
DA:121,0
DA:122,0
DA:126,0
DA:127,0
DA:128,0
DA:129,0
DA:132,0
DA:133,0
DA:134,0
DA:135,0
DA:136,0
DA:138,0
DA:141,0
DA:146,1
DA:149,1
DA:150,0
DA:151,0
DA:152,0
DA:159,10
DA:160,10
DA:161,3
DA:163,10
DA:167,7
DA:168,7
DA:169,1
DA:170,2
DA:172,7
DA:176,1
DA:177,1
LF:99
LH:14
BRDA:18,0,0,0
BRDA:18,0,1,0
BRDA:39,1,0,0
BRDA:39,1,1,0
BRDA:48,2,0,0
BRDA:48,2,1,0
BRDA:50,3,0,0
BRDA:50,3,1,0
BRDA:55,4,0,0
BRDA:55,4,1,0
BRDA:65,5,0,0
BRDA:65,5,1,0
BRDA:81,6,0,0
BRDA:81,6,1,0
BRDA:91,7,0,0
BRDA:91,7,1,0
BRDA:107,8,0,0
BRDA:107,8,1,0
BRDA:109,9,0,0
BRDA:109,9,1,0
BRDA:133,10,0,0
BRDA:133,10,1,0
BRDA:133,11,0,0
BRDA:133,11,1,0
BRDA:135,12,0,0
BRDA:135,12,1,0
BRDA:150,13,0,0
BRDA:150,13,1,0
BRDA:150,14,0,0
BRDA:150,14,1,0
BRDA:160,15,0,3
BRDA:160,15,1,7
BRDA:168,16,0,1
BRDA:168,16,1,6
BRDA:176,17,0,1
BRDA:176,17,1,0
BRDA:176,18,0,1
BRDA:176,18,1,1
BRF:38
BRH:7
end_of_record
TN:
SF:public\tools\case-converter\script.js
FN:9,tokenize
FN:24,convert
FN:28,(anonymous_2)
FN:31,(anonymous_3)
FN:34,(anonymous_4)
FN:42,(anonymous_5)
FN:44,(anonymous_6)
FN:46,(anonymous_7)
FN:48,(anonymous_8)
FN:50,(anonymous_9)
FN:52,(anonymous_10)
FNF:11
FNH:11
FNDA:16,tokenize
FNDA:15,convert
FNDA:5,(anonymous_2)
FNDA:5,(anonymous_3)
FNDA:2,(anonymous_4)
FNDA:5,(anonymous_5)
FNDA:4,(anonymous_6)
FNDA:6,(anonymous_7)
FNDA:6,(anonymous_8)
FNDA:4,(anonymous_9)
FNDA:4,(anonymous_10)
DA:10,16
DA:11,14
DA:25,15
DA:26,14
DA:27,13
DA:28,5
DA:30,12
DA:31,5
DA:33,11
DA:34,2
DA:37,10
DA:38,10
DA:40,9
DA:42,5
DA:44,4
DA:46,6
DA:48,6
DA:50,4
DA:52,4
DA:54,0
DA:58,1
DA:59,1
LF:22
LH:21
BRDA:10,0,0,2
BRDA:10,0,1,14
BRDA:25,1,0,1
BRDA:25,1,1,14
BRDA:26,2,0,1
BRDA:26,2,1,13
BRDA:27,3,0,1
BRDA:27,3,1,12
BRDA:28,4,0,3
BRDA:28,4,1,2
BRDA:30,5,0,1
BRDA:30,5,1,11
BRDA:31,6,0,1
BRDA:31,6,1,4
BRDA:33,7,0,1
BRDA:33,7,1,10
BRDA:38,8,0,1
BRDA:38,8,1,9
BRDA:40,9,0,2
BRDA:40,9,1,1
BRDA:40,9,2,2
BRDA:40,9,3,2
BRDA:40,9,4,1
BRDA:40,9,5,1
BRDA:42,10,0,2
BRDA:42,10,1,3
BRDA:58,11,0,1
BRDA:58,11,1,0
BRDA:58,12,0,1
BRDA:58,12,1,1
BRF:30
BRH:29
end_of_record
TN:
SF:public\tools\epoch-converter\script.js
FN:8,epochToISO
FN:17,isoToEpoch
FN:27,tsToDate
FN:39,relativeTime
FNF:4
FNH:4
FNDA:6,epochToISO
FNDA:5,isoToEpoch
FNDA:4,tsToDate
FNDA:4,relativeTime
DA:9,6
DA:18,5
DA:28,4
DA:29,4
DA:30,4
DA:31,4
DA:40,4
DA:41,4
DA:42,4
DA:43,4
DA:44,4
DA:45,4
DA:46,2
DA:47,1
DA:48,0
DA:49,0
DA:50,0
DA:54,1
DA:55,1
LF:19
LH:16
BRDA:31,0,0,2
BRDA:31,0,1,2
BRDA:43,1,0,1
BRDA:43,1,1,3
BRDA:44,2,0,1
BRDA:44,2,1,3
BRDA:45,3,0,2
BRDA:45,3,1,2
BRDA:46,4,0,1
BRDA:46,4,1,1
BRDA:47,5,0,1
BRDA:47,5,1,0
BRDA:48,6,0,0
BRDA:48,6,1,0
BRDA:49,7,0,0
BRDA:49,7,1,0
BRDA:54,8,0,1
BRDA:54,8,1,0
BRDA:54,9,0,1
BRDA:54,9,1,1
BRF:20
BRH:14
end_of_record
TN:
SF:public\tools\hash-generator\script.js
FN:5,md5
FN:6,safeAdd
FN:7,rol
FN:8,cmn
FN:9,ff
FN:10,gg
FN:11,hh
FN:12,ii
FN:13,binlMD5
FN:39,rstr2binl
FN:47,binl2rstr
FN:53,rstr2hex
FN:65,bufToHex
FN:72,subtleHash
FN:81,hashText
FNF:15
FNH:15
FNDA:13,md5
FNDA:3380,safeAdd
FNDA:832,rol
FNDA:832,cmn
FNDA:208,ff
FNDA:208,gg
FNDA:208,hh
FNDA:208,ii
FNDA:13,binlMD5
FNDA:13,rstr2binl
FNDA:13,binl2rstr
FNDA:13,rstr2hex
FNDA:24,bufToHex
FNDA:21,subtleHash
FNDA:6,hashText
DA:6,3380
DA:7,832
DA:8,832
DA:9,208
DA:10,208
DA:11,208
DA:12,208
DA:14,13
DA:15,13
DA:16,13
DA:17,13
DA:18,13
DA:19,13
DA:20,13
DA:21,13
DA:22,13
DA:23,13
DA:24,13
DA:25,13
DA:26,13
DA:27,13
DA:28,13
DA:29,13
DA:30,13
DA:31,13
DA:32,13
DA:33,13
DA:34,13
DA:35,13
DA:37,13
DA:40,13
DA:41,13
DA:42,13
DA:43,13
DA:44,62
DA:45,13
DA:48,13
DA:49,13
DA:50,208
DA:51,13
DA:54,13
DA:55,13
DA:56,208
DA:57,208
DA:59,13
DA:61,13
DA:62,13
DA:66,24
DA:67,24
DA:68,818
DA:69,24
DA:73,21
DA:74,21
DA:75,21
DA:77,0
DA:82,6
DA:83,6
DA:84,6
DA:89,6
DA:98,1
DA:99,1
LF:61
LH:60
BRDA:98,0,0,1
BRDA:98,0,1,0
BRDA:98,1,0,1
BRDA:98,1,1,1
BRF:4
BRH:3
end_of_record
TN:
SF:public\tools\json-csv-converter\script.js
FN:7,setMode
FN:36,convert
FN:62,(anonymous_2)
FN:74,jsonToCsv
FN:101,(anonymous_4)
FN:102,(anonymous_5)
FN:110,(anonymous_6)
FN:111,(anonymous_7)
FN:124,csvToJson
FN:139,(anonymous_9)
FN:172,parseCsvLines
FN:233,escapeCsvField
FN:241,loadSample
FN:265,clearInput
FN:273,copyOutput
FN:277,(anonymous_15)
FN:283,(anonymous_16)
FN:290,downloadOutput
FN:308,handleFileUpload
FN:313,(anonymous_19)
FN:324,updateStats
FN:331,showError
FN:338,clearError
FN:343,(anonymous_23)
FN:348,(anonymous_24)
FNF:25
FNH:9
FNDA:0,setMode
FNDA:0,convert
FNDA:0,(anonymous_2)
FNDA:12,jsonToCsv
FNDA:12,(anonymous_4)
FNDA:24,(anonymous_5)
FNDA:12,(anonymous_6)
FNDA:26,(anonymous_7)
FNDA:10,csvToJson
FNDA:28,(anonymous_9)
FNDA:18,parseCsvLines
FNDA:47,escapeCsvField
FNDA:0,loadSample
FNDA:0,clearInput
FNDA:0,copyOutput
FNDA:0,(anonymous_15)
FNDA:0,(anonymous_16)
FNDA:0,downloadOutput
FNDA:0,handleFileUpload
FNDA:0,(anonymous_19)
FNDA:0,updateStats
FNDA:0,showError
FNDA:0,clearError
FNDA:0,(anonymous_23)
FNDA:0,(anonymous_24)
DA:4,1
DA:8,0
DA:9,0
DA:10,0
DA:11,0
DA:12,0
DA:13,0
DA:14,0
DA:16,0
DA:17,0
DA:18,0
DA:19,0
DA:20,0
DA:21,0
DA:22,0
DA:24,0
DA:25,0
DA:26,0
DA:27,0
DA:28,0
DA:29,0
DA:32,0
DA:37,0
DA:38,0
DA:39,0
DA:41,0
DA:42,0
DA:43,0
DA:46,0
DA:47,0
DA:49,0
DA:51,0
DA:52,0
DA:54,0
DA:57,0
DA:58,0
DA:61,0
DA:62,0
DA:63,0
DA:64,0
DA:68,0
DA:69,0
DA:76,12
DA:77,12
DA:79,1
DA:83,11
DA:84,2
DA:85,1
DA:87,1
DA:91,10
DA:92,1
DA:95,9
DA:96,1
DA:100,8
DA:101,8
DA:102,24
DA:104,8
DA:107,8
DA:108,8
DA:110,8
DA:111,12
DA:112,26
DA:113,26
DA:114,23
DA:115,23
DA:117,12
DA:120,8
DA:125,10
DA:127,10
DA:128,1
DA:131,9
DA:132,9
DA:134,9
DA:135,17
DA:136,17
DA:138,16
DA:139,16
DA:140,28
DA:143,28
DA:144,4
DA:145,24
DA:146,2
DA:147,22
DA:148,2
DA:149,20
DA:150,10
DA:153,10
DA:154,10
DA:155,1
DA:156,1
DA:158,0
DA:161,9
DA:165,16
DA:168,9
DA:173,18
DA:174,18
DA:175,18
DA:176,18
DA:177,18
DA:179,18
DA:180,336
DA:182,336
DA:183,86
DA:184,12
DA:185,6
DA:186,6
DA:188,6
DA:189,6
DA:192,74
DA:193,74
DA:196,250
DA:197,6
DA:198,6
DA:199,244
DA:200,35
DA:201,35
DA:202,35
DA:203,209
DA:204,1
DA:205,1
DA:206,1
DA:207,1
DA:208,1
DA:209,1
DA:210,208
DA:211,23
DA:212,23
DA:213,23
DA:214,23
DA:215,23
DA:217,185
DA:218,185
DA:224,18
DA:225,18
DA:226,18
DA:229,18
DA:234,47
DA:235,8
DA:237,39
DA:242,0
DA:244,0
DA:245,0
DA:253,0
DA:261,0
DA:262,0
DA:266,0
DA:267,0
DA:268,0
DA:269,0
DA:270,0
DA:274,0
DA:275,0
DA:277,0
DA:278,0
DA:279,0
DA:280,0
DA:281,0
DA:283,0
DA:284,0
DA:285,0
DA:291,0
DA:292,0
DA:294,0
DA:295,0
DA:296,0
DA:297,0
DA:299,0
DA:300,0
DA:301,0
DA:302,0
DA:303,0
DA:304,0
DA:305,0
DA:309,0
DA:310,0
DA:312,0
DA:313,0
DA:314,0
DA:315,0
DA:316,0
DA:318,0
DA:321,0
DA:325,0
DA:326,0
DA:327,0
DA:328,0
DA:332,0
DA:333,0
DA:334,0
DA:335,0
DA:339,0
DA:343,1
DA:344,0
DA:348,1
DA:349,0
DA:350,0
DA:355,1
DA:356,1
LF:198
LH:101
BRDA:16,0,0,0
BRDA:16,0,1,0
BRDA:41,1,0,0
BRDA:41,1,1,0
BRDA:51,2,0,0
BRDA:51,2,1,0
BRDA:83,3,0,2
BRDA:83,3,1,9
BRDA:84,4,0,1
BRDA:84,4,1,1
BRDA:84,5,0,2
BRDA:84,5,1,1
BRDA:91,6,0,1
BRDA:91,6,1,9
BRDA:95,7,0,1
BRDA:95,7,1,8
BRDA:95,8,0,9
BRDA:95,8,1,8
BRDA:113,9,0,3
BRDA:113,9,1,23
BRDA:113,10,0,26
BRDA:113,10,1,24
BRDA:114,11,0,1
BRDA:114,11,1,22
BRDA:127,12,0,1
BRDA:127,12,1,9
BRDA:136,13,0,1
BRDA:136,13,1,16
BRDA:136,14,0,17
BRDA:136,14,1,9
BRDA:140,15,0,26
BRDA:140,15,1,2
BRDA:143,16,0,4
BRDA:143,16,1,24
BRDA:145,17,0,2
BRDA:145,17,1,22
BRDA:147,18,0,2
BRDA:147,18,1,20
BRDA:149,19,0,10
BRDA:149,19,1,10
BRDA:149,20,0,20
BRDA:149,20,1,10
BRDA:155,21,0,1
BRDA:155,21,1,0
BRDA:182,22,0,86
BRDA:182,22,1,250
BRDA:183,23,0,12
BRDA:183,23,1,74
BRDA:184,24,0,6
BRDA:184,24,1,6
BRDA:184,25,0,12
BRDA:184,25,1,7
BRDA:196,26,0,6
BRDA:196,26,1,244
BRDA:199,27,0,35
BRDA:199,27,1,209
BRDA:203,28,0,1
BRDA:203,28,1,208
BRDA:209,29,0,1
BRDA:209,29,1,0
BRDA:209,30,0,1
BRDA:209,30,1,1
BRDA:210,31,0,23
BRDA:210,31,1,185
BRDA:224,32,0,18
BRDA:224,32,1,0
BRDA:224,33,0,18
BRDA:224,33,1,0
BRDA:234,34,0,8
BRDA:234,34,1,39
BRDA:234,35,0,47
BRDA:234,35,1,43
BRDA:234,35,2,41
BRDA:234,35,3,40
BRDA:244,36,0,0
BRDA:244,36,1,0
BRDA:275,37,0,0
BRDA:275,37,1,0
BRDA:292,38,0,0
BRDA:292,38,1,0
BRDA:294,39,0,0
BRDA:294,39,1,0
BRDA:295,40,0,0
BRDA:295,40,1,0
BRDA:310,41,0,0
BRDA:310,41,1,0
BRDA:327,42,0,0
BRDA:327,42,1,0
BRDA:349,43,0,0
BRDA:349,43,1,0
BRDA:349,44,0,0
BRDA:349,44,1,0
BRDA:349,44,2,0
BRDA:355,45,0,1
BRDA:355,45,1,0
BRDA:355,46,0,1
BRDA:355,46,1,1
BRF:97
BRH:67
end_of_record
TN:
SF:public\tools\json-formatter\script.js
FN:10,prettyPrint
FN:22,minify
FN:32,validate
FNF:3
FNH:3
FNDA:9,prettyPrint
FNDA:9,minify
FNDA:6,validate
DA:11,9
DA:12,9
DA:13,7
DA:23,9
DA:24,8
DA:33,6
DA:34,6
DA:35,4
DA:36,4
DA:38,2
DA:43,1
DA:44,1
LF:12
LH:12
BRDA:11,0,0,3
BRDA:11,0,1,6
BRDA:35,1,0,1
BRDA:35,1,1,3
BRDA:43,2,0,1
BRDA:43,2,1,0
BRDA:43,3,0,1
BRDA:43,3,1,1
BRF:8
BRH:7
end_of_record
TN:
SF:public\tools\password-checker\script.js
FN:53,getPercentile
FN:64,generateVerificationId
FN:77,analyze
FN:195,(anonymous_3)
FN:211,(anonymous_4)
FN:222,updateComp
FN:228,formatTime
FN:242,toggleVisibility
FN:248,generatePassword
FN:253,secureRandom
FNF:10
FNH:3
FNDA:7,getPercentile
FNDA:3,generateVerificationId
FNDA:0,analyze
FNDA:0,(anonymous_3)
FNDA:0,(anonymous_4)
FNDA:0,updateComp
FNDA:19,formatTime
FNDA:0,toggleVisibility
FNDA:0,generatePassword
FNDA:0,secureRandom
DA:4,1
DA:5,1
DA:6,1
DA:7,1
DA:8,1
DA:9,1
DA:12,1
DA:20,1
DA:27,1
DA:47,1
DA:49,1
DA:50,1
DA:51,1
DA:55,7
DA:56,7
DA:58,4
DA:59,39
DA:61,0
DA:66,3
DA:67,3
DA:68,3
DA:69,71
DA:70,71
DA:71,71
DA:73,3
DA:74,3
DA:78,0
DA:80,0
DA:81,0
DA:82,0
DA:83,0
DA:84,0
DA:85,0
DA:86,0
DA:89,0
DA:92,0
DA:93,0
DA:94,0
DA:95,0
DA:98,0
DA:99,0
DA:100,0
DA:101,0
DA:102,0
DA:105,0
DA:108,0
DA:109,0
DA:110,0
DA:111,0
DA:114,0
DA:117,0
DA:118,0
DA:119,0
DA:122,0
DA:123,0
DA:124,0
DA:125,0
DA:126,0
DA:127,0
DA:128,0
DA:130,0
DA:131,0
DA:132,0
DA:133,0
DA:138,0
DA:139,0
DA:140,0
DA:142,0
DA:146,0
DA:147,0
DA:148,0
DA:149,0
DA:150,0
DA:151,0
DA:152,0
DA:153,0
DA:155,0
DA:159,0
DA:160,0
DA:161,0
DA:164,0
DA:165,0
DA:166,0
DA:167,0
DA:168,0
DA:169,0
DA:172,0
DA:173,0
DA:174,0
DA:175,0
DA:176,0
DA:177,0
DA:178,0
DA:179,0
DA:181,0
DA:185,0
DA:186,0
DA:187,0
DA:188,0
DA:191,0
DA:192,0
DA:193,0
DA:194,0
DA:195,0
DA:197,0
DA:201,0
DA:202,0
DA:203,0
DA:204,0
DA:205,0
DA:206,0
DA:207,0
DA:209,0
DA:211,0
DA:214,0
DA:215,0
DA:216,0
DA:217,0
DA:218,0
DA:223,0
DA:224,0
DA:225,0
DA:229,19
DA:230,17
DA:231,16
DA:232,15
DA:233,12
DA:234,9
DA:235,7
DA:236,5
DA:237,3
DA:238,2
DA:239,1
DA:243,0
DA:244,0
DA:245,0
DA:249,0
DA:250,0
DA:251,0
DA:254,0
DA:255,0
DA:256,0
DA:259,0
DA:260,0
DA:261,0
DA:262,0
DA:264,0
DA:265,0
DA:266,0
DA:267,0
DA:269,0
DA:270,0
DA:274,0
DA:275,0
DA:276,0
DA:277,0
DA:279,0
DA:281,0
DA:282,0
DA:283,0
DA:284,0
DA:288,1
DA:291,1
DA:292,1
LF:164
LH:39
BRDA:56,0,0,3
BRDA:56,0,1,4
BRDA:59,1,0,4
BRDA:59,1,1,35
BRDA:80,2,0,0
BRDA:80,2,1,0
BRDA:99,3,0,0
BRDA:99,3,1,0
BRDA:100,4,0,0
BRDA:100,4,1,0
BRDA:101,5,0,0
BRDA:101,5,1,0
BRDA:102,6,0,0
BRDA:102,6,1,0
BRDA:123,7,0,0
BRDA:123,7,1,0
BRDA:124,8,0,0
BRDA:124,8,1,0
BRDA:125,9,0,0
BRDA:125,9,1,0
BRDA:126,10,0,0
BRDA:126,10,1,0
BRDA:127,11,0,0
BRDA:127,11,1,0
BRDA:128,12,0,0
BRDA:128,12,1,0
BRDA:131,13,0,0
BRDA:131,13,1,0
BRDA:140,14,0,0
BRDA:140,14,1,0
BRDA:142,15,0,0
BRDA:142,15,1,0
BRDA:146,16,0,0
BRDA:146,16,1,0
BRDA:146,17,0,0
BRDA:146,17,1,0
BRDA:148,18,0,0
BRDA:148,18,1,0
BRDA:150,19,0,0
BRDA:150,19,1,0
BRDA:152,20,0,0
BRDA:152,20,1,0
BRDA:176,21,0,0
BRDA:176,21,1,0
BRDA:178,22,0,0
BRDA:178,22,1,0
BRDA:193,23,0,0
BRDA:193,23,1,0
BRDA:202,24,0,0
BRDA:202,24,1,0
BRDA:203,25,0,0
BRDA:203,25,1,0
BRDA:204,26,0,0
BRDA:204,26,1,0
BRDA:205,27,0,0
BRDA:205,27,1,0
BRDA:206,28,0,0
BRDA:206,28,1,0
BRDA:206,29,0,0
BRDA:206,29,1,0
BRDA:206,29,2,0
BRDA:206,29,3,0
BRDA:206,29,4,0
BRDA:209,30,0,0
BRDA:209,30,1,0
BRDA:225,31,0,0
BRDA:225,31,1,0
BRDA:229,32,0,2
BRDA:229,32,1,17
BRDA:229,33,0,19
BRDA:229,33,1,18
BRDA:230,34,0,1
BRDA:230,34,1,16
BRDA:231,35,0,1
BRDA:231,35,1,15
BRDA:232,36,0,3
BRDA:232,36,1,12
BRDA:233,37,0,3
BRDA:233,37,1,9
BRDA:234,38,0,2
BRDA:234,38,1,7
BRDA:235,39,0,2
BRDA:235,39,1,5
BRDA:236,40,0,2
BRDA:236,40,1,3
BRDA:237,41,0,1
BRDA:237,41,1,2
BRDA:238,42,0,1
BRDA:238,42,1,1
BRDA:243,43,0,0
BRDA:243,43,1,0
BRDA:245,44,0,0
BRDA:245,44,1,0
BRDA:288,45,0,0
BRDA:288,45,1,1
BRDA:291,46,0,1
BRDA:291,46,1,0
BRDA:291,47,0,1
BRDA:291,47,1,1
BRF:99
BRH:30
end_of_record
TN:
SF:public\tools\slug-generator\script.js
FN:19,slugify
FN:42,(anonymous_1)
FNF:2
FNH:2
FNDA:18,slugify
FNDA:4,(anonymous_1)
DA:3,1
DA:20,18
DA:21,15
DA:22,15
DA:23,15
DA:24,15
DA:26,15
DA:29,15
DA:31,15
DA:33,15
DA:36,15
DA:39,15
DA:41,15
DA:42,4
DA:43,1
DA:46,15
DA:47,15
DA:48,1
DA:50,1
DA:51,1
DA:53,15
DA:57,1
DA:58,1
LF:23
LH:23
BRDA:20,0,0,3
BRDA:20,0,1,15
BRDA:21,1,0,1
BRDA:21,1,1,14
BRDA:21,2,0,15
BRDA:21,2,1,4
BRDA:22,3,0,1
BRDA:22,3,1,14
BRDA:22,4,0,15
BRDA:22,4,1,4
BRDA:23,5,0,1
BRDA:23,5,1,14
BRDA:23,6,0,15
BRDA:23,6,1,4
BRDA:24,7,0,1
BRDA:24,7,1,14
BRDA:24,8,0,15
BRDA:24,8,1,4
BRDA:33,9,0,14
BRDA:33,9,1,1
BRDA:41,10,0,1
BRDA:41,10,1,14
BRDA:43,11,0,0
BRDA:43,11,1,1
BRDA:47,12,0,1
BRDA:47,12,1,14
BRDA:51,13,0,1
BRDA:51,13,1,0
BRDA:57,14,0,1
BRDA:57,14,1,0
BRDA:57,15,0,1
BRDA:57,15,1,1
BRF:32
BRH:29
end_of_record
TN:
SF:public\tools\url-encoder\script.js
FN:3,urlEncodeComponent
FN:7,urlEncodeFull
FN:11,urlDecode
FNF:3
FNH:3
FNDA:12,urlEncodeComponent
FNDA:2,urlEncodeFull
FNDA:8,urlDecode
DA:4,12
DA:8,2
DA:12,8
DA:16,1
DA:17,1
LF:5
LH:5
BRDA:16,0,0,1
BRDA:16,0,1,0
BRDA:16,1,0,1
BRDA:16,1,1,1
BRF:4
BRH:3
end_of_record
TN:
SF:public\tools\uuid-generator\script.js
FN:8,generateUUID
FN:15,(anonymous_1)
FNF:2
FNH:2
FNDA:107,generateUUID
FNDA:1712,(anonymous_1)
DA:9,107
DA:10,107
DA:12,107
DA:14,107
DA:15,1712
DA:16,107
DA:20,1
DA:21,1
LF:8
LH:8
BRDA:20,0,0,1
BRDA:20,0,1,0
BRDA:20,1,0,1
BRDA:20,1,1,1
BRF:4
BRH:3
end_of_record
